#
# There is insufficient memory for the Java Runtime Environment to continue.
# Native memory allocation (mmap) failed to map 287309824 bytes. Error detail: G1 virtual space
# Possible reasons:
#   The system is out of physical RAM or swap space
#   This process is running with CompressedOops enabled, and the Java Heap may be blocking the growth of the native heap
# Possible solutions:
#   Reduce memory load on the system
#   Increase physical memory or swap space
#   Check if swap backing store is full
#   Decrease Java heap size (-Xmx/-Xms)
#   Decrease number of Java threads
#   Decrease Java thread stack sizes (-Xss)
#   Set larger code cache with -XX:ReservedCodeCacheSize=
#   JVM is running with Unscaled Compressed Oops mode in which the Java heap is
#     placed in the first 4GB address space. The Java Heap base address is the
#     maximum limit for the native heap growth. Please use -XX:HeapBaseMinAddress
#     to set the Java Heap base and to place the Java Heap above 4GB virtual address.
# This output file may be truncated or incomplete.
#
#  Out of Memory Error (os_windows.cpp:3815), pid=37380, tid=125964
#
# JRE version: OpenJDK Runtime Environment JBR-21.0.3+13-509.4-jcef (21.0.3+13) (build 21.0.3+13-b509.4)
# Java VM: OpenJDK 64-Bit Server VM JBR-21.0.3+13-509.4-jcef (21.0.3+13-b509.4, mixed mode, tiered, compressed oops, compressed class ptrs, g1 gc, windows-amd64)
# No core dump will be written. Minidumps are not enabled by default on client versions of Windows
#

---------------  S U M M A R Y ------------

Command Line: abort vfprintf -XX:ErrorFile=C:\Users\Priza -Crédito\java_error_in_pycharm_%p.log -XX:HeapDumpPath=C:\Users\Priza -Crédito\java_error_in_pycharm.hprof -Xms256m -Xmx2048m -XX:+HeapDumpOnOutOfMemoryError -XX:-OmitStackTraceInFastThrow -XX:+IgnoreUnrecognizedVMOptions -ea -Dsun.io.useCanonCaches=false -Dsun.java2d.metal=true -Djbr.catch.SIGABRT=true -Djdk.http.auth.tunneling.disabledSchemes="" -Djdk.attach.allowAttachSelf=true -Djdk.module.illegalAccess.silent=true -Dkotlinx.coroutines.debug=off -XX:CICompilerCount=2 -XX:ReservedCodeCacheSize=512m -XX:+UnlockDiagnosticVMOptions -XX:TieredOldPercentage=100000 -Djb.vmOptionsFile=C:\Users\Priza -Crédito\AppData\Roaming\JetBrains\PyCharm2024.2\pycharm64.exe.vmoptions -Djava.system.class.loader=com.intellij.util.lang.PathClassLoader -Didea.vendor.name=JetBrains -Didea.paths.selector=PyCharm2024.2 -Djna.boot.library.path=C:\Program Files\JetBrains\PyCharm 2024.2/lib/jna/amd64 -Dpty4j.preferred.native.folder=C:\Program Files\JetBrains\PyCharm 2024.2/lib/pty4j -Djna.nosys=true -Djna.noclasspath=true -Dintellij.platform.runtime.repository.path=C:\Program Files\JetBrains\PyCharm 2024.2/modules/module-descriptors.jar -Didea.platform.prefix=Python -Dsplash=true -Daether.connector.resumeDownloads=false --add-opens=java.base/java.io=ALL-UNNAMED --add-opens=java.base/java.lang=ALL-UNNAMED --add-opens=java.base/java.lang.ref=ALL-UNNAMED --add-opens=java.base/java.lang.reflect=ALL-UNNAMED --add-opens=java.base/java.net=ALL-UNNAMED --add-opens=java.base/java.nio=ALL-UNNAMED --add-opens=java.base/java.nio.charset=ALL-UNNAMED --add-opens=java.base/java.text=ALL-UNNAMED --add-opens=java.base/java.time=ALL-UNNAMED --add-opens=java.base/java.util=ALL-UNNAMED --add-opens=java.base/java.util.concurrent=ALL-UNNAMED --add-opens=java.base/java.util.concurrent.atomic=ALL-UNNAMED --add-opens=java.base/java.util.concurrent.locks=ALL-UNNAMED --add-opens=java.base/jdk.internal.vm=ALL-UNNAMED --add-opens=java.base/sun.net.dns=ALL-UNNAMED --add-opens=java.base/sun.nio.ch=ALL-UNNAMED --add-opens=java.base/sun.nio.fs=ALL-UNNAMED --add-opens=java.base/sun.security.ssl=ALL-UNNAMED --add-opens=java.base/sun.security.util=ALL-UNNAMED --add-opens=java.desktop/com.sun.java.swing=ALL-UNNAMED --add-opens=java.desktop/java.awt=ALL-UNNAMED --add-opens=java.desktop/java.awt.dnd.peer=ALL-UNNAMED --add-opens=java.desktop/java.awt.event=ALL-UNNAMED --add-opens=java.desktop/java.awt.font=ALL-UNNAMED --add-opens=java.desktop/java.awt.image=ALL-UNNAMED --add-opens=java.desktop/java.awt.peer=ALL-UNNAMED --add-opens=java.desktop/javax.swing=ALL-UNNAMED --add-opens=java.desktop/javax.swing.plaf.basic=ALL-UNNAMED --add-opens=java.desktop/javax.swing.text=ALL-UNNAMED --add-opens=java.desktop/javax.swing.text.html=ALL-UNNAMED --add-opens=java.desktop/sun.awt=ALL-UNNAMED --add-opens=java.desktop/sun.awt.datatransfer=ALL-UNNAMED --add-opens=java.desktop/sun.awt.image=ALL-UNNAMED --add-opens=java.desktop/sun.awt.windows=ALL-UNNAMED --add-opens=java.desktop/sun.font=ALL-UNNAMED --add-opens=java.desktop/sun.java2d=ALL-UNNAMED --add-opens=java.desktop/sun.swing=ALL-UNNAMED --add-opens=java.management/sun.management=ALL-UNNAMED --add-opens=jdk.attach/sun.tools.attach=ALL-UNNAMED --add-opens=jdk.compiler/com.sun.tools.javac.api=ALL-UNNAMED --add-opens=jdk.internal.jvmstat/sun.jvmstat.monitor=ALL-UNNAMED --add-opens=jdk.jdi/com.sun.tools.jdi=ALL-UNNAMED -Dide.native.launcher=true -Djcef.sandbox.ptr=0000026218549460 -Djcef.sandbox.cefVersion=122.1.9+gd14e051+chromium-122.0.6261.94 com.intellij.idea.Main C:\Users\Priza -Crédito\OneDrive\Documentos\Ambiente de Trabalho\EMANUEL PASCOAL PRIZA\mYstuffs\Projectos\Sistema Control_Inadimplência\main.py

Host: 11th Gen Intel(R) Core(TM) i5-1135G7 @ 2.40GHz, 8 cores, 7G,  Windows 10 , 64 bit Build 19041 (10.0.19041.5072)
Time: Thu Dec 12 15:16:00 2024 Hora Universal Coordenada elapsed time: 2.751955 seconds (0d 0h 0m 2s)

---------------  T H R E A D  ---------------

Current thread (0x0000026244211520):  VMThread "VM Thread"          [id=125964, stack(0x0000008c55000000,0x0000008c55100000) (1024K)]

Stack: [0x0000008c55000000,0x0000008c55100000]
Native frames: (J=compiled Java code, j=interpreted, Vv=VM code, C=native code)
V  [jvm.dll+0x6e02e9]
V  [jvm.dll+0x8bd373]
V  [jvm.dll+0x8bf8ce]
V  [jvm.dll+0x8bffb3]
V  [jvm.dll+0x2879b6]
V  [jvm.dll+0x6dcab5]
V  [jvm.dll+0x6d0f8a]
V  [jvm.dll+0x35f9ab]
V  [jvm.dll+0x367556]
V  [jvm.dll+0x3b8b46]
V  [jvm.dll+0x3b8e18]
V  [jvm.dll+0x33216c]
V  [jvm.dll+0x3321f7]
V  [jvm.dll+0x37807c]
V  [jvm.dll+0x37680e]
V  [jvm.dll+0x331871]
V  [jvm.dll+0x335386]
V  [jvm.dll+0x38adf6]
V  [jvm.dll+0x8c5918]
V  [jvm.dll+0x8c6a14]
V  [jvm.dll+0x8c6f50]
V  [jvm.dll+0x8c71e3]
V  [jvm.dll+0x865328]
V  [jvm.dll+0x6deb2d]
C  [ucrtbase.dll+0x21bb2]
C  [KERNEL32.DLL+0x17374]
C  [ntdll.dll+0x4cc91]

VM_Operation (0x0000008c563fd0a0): CollectForMetadataAllocation, mode: safepoint, requested by thread 0x00000262494047c0


---------------  P R O C E S S  ---------------

Threads class SMR info:
_java_thread_list=0x0000026290842800, length=37, elements={
0x000002621856b760, 0x000002624425fd50, 0x000002624428b780, 0x0000026244296090,
0x0000026244298eb0, 0x000002624428f7a0, 0x00000262442ae550, 0x00000262442af9e0,
0x00000262442b0480, 0x00000262442ad830, 0x00000262442ab760, 0x00000262442adec0,
0x00000262442ab0d0, 0x00000262442acb10, 0x00000262442ac480, 0x00000262442ad1a0,
0x00000262494054e0, 0x0000026249404e50, 0x00000262494082d0, 0x00000262494047c0,
0x00000262494026f0, 0x0000026249408960, 0x0000026249402d80, 0x0000026249406f20,
0x0000026249408ff0, 0x0000026249403410, 0x0000026249406200, 0x0000026249409680,
0x0000026249409d10, 0x00000262494075b0, 0x0000026249403aa0, 0x0000026249404130,
0x000002626c5f9680, 0x000002626c5f82d0, 0x000002626c5f6200, 0x000002626c5fa3a0,
0x000002626c5f5b70
}
_to_delete_list=0x000002629036f1b0, length=34, elements={
0x000002621856b760, 0x000002624425fd50, 0x000002624428b780, 0x0000026244296090,
0x0000026244298eb0, 0x000002624428f7a0, 0x00000262442ae550, 0x00000262442af9e0,
0x00000262442b0480, 0x00000262442ad830, 0x00000262442ab760, 0x00000262442adec0,
0x00000262442ab0d0, 0x00000262442acb10, 0x00000262442ac480, 0x00000262442ad1a0,
0x00000262494054e0, 0x0000026249404e50, 0x00000262494082d0, 0x00000262494047c0,
0x00000262494026f0, 0x0000026249408960, 0x0000026249402d80, 0x0000026249406f20,
0x0000026249408ff0, 0x0000026249403410, 0x0000026249406200, 0x0000026249409680,
0x0000026249409d10, 0x00000262494075b0, 0x0000026249403aa0, 0x0000026249404130,
0x000002626c5f9680, 0x000002626c5f82d0
}

Java Threads: ( => current thread )
  0x000002621856b760 JavaThread "main"                              [_thread_blocked, id=123484, stack(0x0000008c54800000,0x0000008c54a00000) (2048K)]
  0x000002624425fd50 JavaThread "Reference Handler"          daemon [_thread_blocked, id=148888, stack(0x0000008c55100000,0x0000008c55200000) (1024K)]
  0x000002624428b780 JavaThread "Finalizer"                  daemon [_thread_blocked, id=148044, stack(0x0000008c55200000,0x0000008c55300000) (1024K)]
  0x0000026244296090 JavaThread "Signal Dispatcher"          daemon [_thread_blocked, id=104480, stack(0x0000008c55300000,0x0000008c55400000) (1024K)]
  0x0000026244298eb0 JavaThread "Attach Listener"            daemon [_thread_blocked, id=137276, stack(0x0000008c55400000,0x0000008c55500000) (1024K)]
  0x000002624428f7a0 JavaThread "Service Thread"             daemon [_thread_blocked, id=147920, stack(0x0000008c55500000,0x0000008c55600000) (1024K)]
  0x00000262442ae550 JavaThread "Monitor Deflation Thread"   daemon [_thread_blocked, id=114552, stack(0x0000008c55600000,0x0000008c55700000) (1024K)]
  0x00000262442af9e0 JavaThread "C2 CompilerThread0"         daemon [_thread_blocked, id=130132, stack(0x0000008c55700000,0x0000008c55800000) (1024K)]
  0x00000262442b0480 JavaThread "C1 CompilerThread0"         daemon [_thread_blocked, id=142072, stack(0x0000008c55800000,0x0000008c55900000) (1024K)]
  0x00000262442ad830 JavaThread "Common-Cleaner"             daemon [_thread_blocked, id=143516, stack(0x0000008c55900000,0x0000008c55a00000) (1024K)]
  0x00000262442ab760 JavaThread "Notification Thread"        daemon [_thread_blocked, id=150208, stack(0x0000008c55a00000,0x0000008c55b00000) (1024K)]
  0x00000262442adec0 JavaThread "DefaultDispatcher-worker-1" daemon [_thread_blocked, id=126404, stack(0x0000008c55b00000,0x0000008c55c00000) (1024K)]
  0x00000262442ab0d0 JavaThread "DefaultDispatcher-worker-2" daemon [_thread_blocked, id=130724, stack(0x0000008c55c00000,0x0000008c55d00000) (1024K)]
  0x00000262442acb10 JavaThread "DefaultDispatcher-worker-3" daemon [_thread_blocked, id=151184, stack(0x0000008c55d00000,0x0000008c55e00000) (1024K)]
  0x00000262442ac480 JavaThread "DefaultDispatcher-worker-4" daemon [_thread_blocked, id=148708, stack(0x0000008c55e00000,0x0000008c55f00000) (1024K)]
  0x00000262442ad1a0 JavaThread "DefaultDispatcher-worker-5" daemon [_thread_blocked, id=150664, stack(0x0000008c55f00000,0x0000008c56000000) (1024K)]
  0x00000262494054e0 JavaThread "DefaultDispatcher-worker-6" daemon [_thread_blocked, id=145180, stack(0x0000008c56000000,0x0000008c56100000) (1024K)]
  0x0000026249404e50 JavaThread "DefaultDispatcher-worker-7" daemon [_thread_blocked, id=150376, stack(0x0000008c56100000,0x0000008c56200000) (1024K)]
  0x00000262494082d0 JavaThread "DefaultDispatcher-worker-8" daemon [_thread_blocked, id=151268, stack(0x0000008c56200000,0x0000008c56300000) (1024K)]
  0x00000262494047c0 JavaThread "DefaultDispatcher-worker-9" daemon [_thread_blocked, id=133820, stack(0x0000008c56300000,0x0000008c56400000) (1024K)]
  0x00000262494026f0 JavaThread "Java2D Disposer"            daemon [_thread_blocked, id=122988, stack(0x0000008c56b00000,0x0000008c56c00000) (1024K)]
  0x0000026249408960 JavaThread "AWT-Shutdown"                      [_thread_blocked, id=122692, stack(0x0000008c56c00000,0x0000008c56d00000) (1024K)]
  0x0000026249402d80 JavaThread "AWT-Windows"                daemon [_thread_in_native, id=151396, stack(0x0000008c56d00000,0x0000008c56e00000) (1024K)]
  0x0000026249406f20 JavaThread "DefaultDispatcher-worker-10" daemon [_thread_blocked, id=143604, stack(0x0000008c56e00000,0x0000008c56f00000) (1024K)]
  0x0000026249408ff0 JavaThread "DefaultDispatcher-worker-11" daemon [_thread_blocked, id=151372, stack(0x0000008c57000000,0x0000008c57100000) (1024K)]
  0x0000026249403410 JavaThread "AWT-EventQueue-0"                  [_thread_blocked, id=71952, stack(0x0000008c57100000,0x0000008c57200000) (1024K)]
  0x0000026249406200 JavaThread "Image Fetcher 0"            daemon [_thread_blocked, id=124740, stack(0x0000008c57200000,0x0000008c57300000) (1024K)]
  0x0000026249409680 JavaThread "kotlinx.coroutines.DefaultExecutor" daemon [_thread_blocked, id=147820, stack(0x0000008c57300000,0x0000008c57400000) (1024K)]
  0x0000026249409d10 JavaThread "External Command Listener"  daemon [_thread_in_native, id=147264, stack(0x0000008c57500000,0x0000008c57600000) (1024K)]
  0x00000262494075b0 JavaThread "DefaultDispatcher-worker-12" daemon [_thread_blocked, id=147888, stack(0x0000008c57600000,0x0000008c57700000) (1024K)]
  0x0000026249403aa0 JavaThread "PeriodicMetricReader"       daemon [_thread_blocked, id=131856, stack(0x0000008c57700000,0x0000008c57800000) (1024K)]
  0x0000026249404130 JavaThread "Coroutines Debugger Cleaner" daemon [_thread_blocked, id=148676, stack(0x0000008c57800000,0x0000008c57900000) (1024K)]
  0x000002626c5f9680 JavaThread "JVMResponsivenessMonitor"   daemon [_thread_blocked, id=136084, stack(0x0000008c57900000,0x0000008c57a00000) (1024K)]
  0x000002626c5f82d0 JavaThread "DefaultDispatcher-worker-13" daemon [_thread_blocked, id=144644, stack(0x0000008c57a00000,0x0000008c57b00000) (1024K)]
  0x000002626c5f6200 JavaThread "JNA Cleaner"                daemon [_thread_blocked, id=145412, stack(0x0000008c57b00000,0x0000008c57c00000) (1024K)]
  0x000002626c5fa3a0 JavaThread "Periodic tasks thread"      daemon [_thread_blocked, id=149636, stack(0x0000008c57c00000,0x0000008c57d00000) (1024K)]
  0x000002626c5f5b70 JavaThread "ApplicationImpl pooled thread 1"        [_thread_blocked, id=150844, stack(0x0000008c57d00000,0x0000008c57e00000) (1024K)]
Total: 37

Other Threads:
=>0x0000026244211520 VMThread "VM Thread"                           [id=125964, stack(0x0000008c55000000,0x0000008c55100000) (1024K)]
  0x0000026244201ba0 WatcherThread "VM Periodic Task Thread"        [id=131756, stack(0x0000008c54f00000,0x0000008c55000000) (1024K)]
  0x000002621ab31ba0 WorkerThread "GC Thread#0"                     [id=138256, stack(0x0000008c54a00000,0x0000008c54b00000) (1024K)]
  0x0000026249545a20 WorkerThread "GC Thread#1"                     [id=125360, stack(0x0000008c56400000,0x0000008c56500000) (1024K)]
  0x0000026249545dc0 WorkerThread "GC Thread#2"                     [id=134480, stack(0x0000008c56500000,0x0000008c56600000) (1024K)]
  0x0000026249546160 WorkerThread "GC Thread#3"                     [id=140500, stack(0x0000008c56600000,0x0000008c56700000) (1024K)]
  0x0000026249544f40 WorkerThread "GC Thread#4"                     [id=144616, stack(0x0000008c56700000,0x0000008c56800000) (1024K)]
  0x0000026249546500 WorkerThread "GC Thread#5"                     [id=151076, stack(0x0000008c56800000,0x0000008c56900000) (1024K)]
  0x00000262495452e0 WorkerThread "GC Thread#6"                     [id=138696, stack(0x0000008c56900000,0x0000008c56a00000) (1024K)]
  0x0000026249545680 WorkerThread "GC Thread#7"                     [id=131920, stack(0x0000008c56a00000,0x0000008c56b00000) (1024K)]
  0x000002621ab43690 ConcurrentGCThread "G1 Main Marker"            [id=118528, stack(0x0000008c54b00000,0x0000008c54c00000) (1024K)]
  0x000002621ab440a0 WorkerThread "G1 Conc#0"                       [id=146716, stack(0x0000008c54c00000,0x0000008c54d00000) (1024K)]
  0x000002626b94f2f0 WorkerThread "G1 Conc#1"                       [id=144988, stack(0x0000008c56f00000,0x0000008c57000000) (1024K)]
  0x0000026243e4e730 ConcurrentGCThread "G1 Refine#0"               [id=116800, stack(0x0000008c54d00000,0x0000008c54e00000) (1024K)]
  0x0000026243e4f2a0 ConcurrentGCThread "G1 Service"                [id=144084, stack(0x0000008c54e00000,0x0000008c54f00000) (1024K)]
Total: 15

Threads with active compile tasks:
C2 CompilerThread0     2818 3796   !   4       java.lang.ClassLoader::loadClass (121 bytes)
C1 CompilerThread0     2818 4475       2       java.lang.invoke.DirectMethodHandle$Holder::invokeVirtual (14 bytes)
Total: 2

VM state: at safepoint (normal execution)

VM Mutex/Monitor currently owned by a thread:  ([mutex/lock_event])
[0x00007ffc93941758] Threads_lock - owner thread: 0x0000026244211520
[0x00007ffc93941858] Heap_lock - owner thread: 0x00000262494047c0

Heap address: 0x0000000080000000, size: 2048 MB, Compressed Oops mode: 32-bit

CDS archive(s) not mapped
Compressed class space mapped at: 0x0000000100000000-0x0000000140000000, reserved size: 1073741824
Narrow klass base: 0x0000000000000000, Narrow klass shift: 3, Narrow klass range: 0x140000000

GC Precious Log:
 CardTable entry size: 512
 Card Set container configuration: InlinePtr #cards 5 size 8 Array Of Cards #cards 12 size 40 Howl #buckets 4 coarsen threshold 1843 Howl Bitmap #cards 512 size 80 coarsen threshold 460 Card regions per heap region 1 cards per card region 2048
 CPUs: 8 total, 8 available
 Memory: 7991M
 Large Page Support: Disabled
 NUMA Support: Disabled
 Compressed Oops: Enabled (32-bit)
 Heap Region Size: 1M
 Heap Min Capacity: 256M
 Heap Initial Capacity: 256M
 Heap Max Capacity: 2G
 Pre-touch: Disabled
 Parallel Workers: 8
 Concurrent Workers: 2
 Concurrent Refinement Workers: 8
 Periodic GC: Disabled

Heap:
 garbage-first heap   total 262144K, used 63890K [0x0000000080000000, 0x0000000100000000)
  region size 1024K, 2 young (2048K), 2 survivors (2048K)
 Metaspace       used 63323K, committed 64128K, reserved 1114112K
  class space    used 6689K, committed 7040K, reserved 1048576K

Heap Regions: E=young(eden), S=young(survivor), O=old, HS=humongous(starts), HC=humongous(continues), CS=collection set, F=free, TAMS=top-at-mark-start, PB=parsable bottom
|   0|0x0000000080000000, 0x0000000080100000, 0x0000000080100000|100%|HS|  |TAMS 0x0000000080100000| PB 0x0000000080000000| Complete 
|   1|0x0000000080100000, 0x0000000080200000, 0x0000000080200000|100%|HS|  |TAMS 0x0000000080200000| PB 0x0000000080100000| Complete 
|   2|0x0000000080200000, 0x0000000080300000, 0x0000000080300000|100%|HS|  |TAMS 0x0000000080300000| PB 0x0000000080200000| Complete 
|   3|0x0000000080300000, 0x0000000080400000, 0x0000000080400000|100%|HS|  |TAMS 0x0000000080400000| PB 0x0000000080300000| Complete 
|   4|0x0000000080400000, 0x0000000080500000, 0x0000000080500000|100%|HC|  |TAMS 0x0000000080500000| PB 0x0000000080400000| Complete 
|   5|0x0000000080500000, 0x0000000080600000, 0x0000000080600000|100%|HS|  |TAMS 0x0000000080600000| PB 0x0000000080500000| Complete 
|   6|0x0000000080600000, 0x0000000080700000, 0x0000000080700000|100%|HC|  |TAMS 0x0000000080700000| PB 0x0000000080600000| Complete 
|   7|0x0000000080700000, 0x0000000080800000, 0x0000000080800000|100%|HS|  |TAMS 0x0000000080800000| PB 0x0000000080700000| Complete 
|   8|0x0000000080800000, 0x0000000080900000, 0x0000000080900000|100%|HS|  |TAMS 0x0000000080900000| PB 0x0000000080800000| Complete 
|   9|0x0000000080900000, 0x0000000080a00000, 0x0000000080a00000|100%|HS|  |TAMS 0x0000000080a00000| PB 0x0000000080900000| Complete 
|  10|0x0000000080a00000, 0x0000000080b00000, 0x0000000080b00000|100%|HS|  |TAMS 0x0000000080b00000| PB 0x0000000080a00000| Complete 
|  11|0x0000000080b00000, 0x0000000080c00000, 0x0000000080c00000|100%| O|  |TAMS 0x0000000080c00000| PB 0x0000000080b00000| Untracked 
|  12|0x0000000080c00000, 0x0000000080d00000, 0x0000000080d00000|100%| O|  |TAMS 0x0000000080d00000| PB 0x0000000080c00000| Untracked 
|  13|0x0000000080d00000, 0x0000000080e00000, 0x0000000080e00000|100%| O|  |TAMS 0x0000000080e00000| PB 0x0000000080d00000| Untracked 
|  14|0x0000000080e00000, 0x0000000080e00000, 0x0000000080f00000|  0%| F|  |TAMS 0x0000000080e00000| PB 0x0000000080e00000| Untracked 
|  15|0x0000000080f00000, 0x0000000081000000, 0x0000000081000000|100%| O|  |TAMS 0x0000000081000000| PB 0x0000000080f00000| Untracked 
|  16|0x0000000081000000, 0x0000000081100000, 0x0000000081100000|100%| O|  |TAMS 0x0000000081100000| PB 0x0000000081000000| Untracked 
|  17|0x0000000081100000, 0x0000000081200000, 0x0000000081200000|100%| O|  |TAMS 0x0000000081200000| PB 0x0000000081100000| Untracked 
|  18|0x0000000081200000, 0x0000000081300000, 0x0000000081300000|100%| O|  |TAMS 0x0000000081300000| PB 0x0000000081200000| Untracked 
|  19|0x0000000081300000, 0x0000000081400000, 0x0000000081400000|100%|HS|  |TAMS 0x0000000081400000| PB 0x0000000081300000| Complete 
|  20|0x0000000081400000, 0x0000000081500000, 0x0000000081500000|100%| O|  |TAMS 0x0000000081500000| PB 0x0000000081400000| Untracked 
|  21|0x0000000081500000, 0x0000000081600000, 0x0000000081600000|100%| O|  |TAMS 0x0000000081600000| PB 0x0000000081500000| Untracked 
|  22|0x0000000081600000, 0x0000000081700000, 0x0000000081700000|100%| O|  |TAMS 0x0000000081700000| PB 0x0000000081600000| Untracked 
|  23|0x0000000081700000, 0x0000000081800000, 0x0000000081800000|100%| O|  |TAMS 0x0000000081800000| PB 0x0000000081700000| Untracked 
|  24|0x0000000081800000, 0x0000000081900000, 0x0000000081900000|100%| O|  |TAMS 0x0000000081900000| PB 0x0000000081800000| Untracked 
|  25|0x0000000081900000, 0x0000000081a00000, 0x0000000081a00000|100%| O|  |TAMS 0x0000000081a00000| PB 0x0000000081900000| Untracked 
|  26|0x0000000081a00000, 0x0000000081b00000, 0x0000000081b00000|100%| O|  |TAMS 0x0000000081b00000| PB 0x0000000081a00000| Untracked 
|  27|0x0000000081b00000, 0x0000000081c00000, 0x0000000081c00000|100%| O|  |TAMS 0x0000000081c00000| PB 0x0000000081b00000| Untracked 
|  28|0x0000000081c00000, 0x0000000081d00000, 0x0000000081d00000|100%| O|  |TAMS 0x0000000081d00000| PB 0x0000000081c00000| Untracked 
|  29|0x0000000081d00000, 0x0000000081e00000, 0x0000000081e00000|100%| O|  |TAMS 0x0000000081e00000| PB 0x0000000081d00000| Untracked 
|  30|0x0000000081e00000, 0x0000000081f00000, 0x0000000081f00000|100%| O|  |TAMS 0x0000000081f00000| PB 0x0000000081e00000| Untracked 
|  31|0x0000000081f00000, 0x0000000081f00000, 0x0000000082000000|  0%| F|  |TAMS 0x0000000081f00000| PB 0x0000000081f00000| Untracked 
|  32|0x0000000082000000, 0x0000000082100000, 0x0000000082100000|100%| O|  |TAMS 0x0000000082100000| PB 0x0000000082000000| Untracked 
|  33|0x0000000082100000, 0x0000000082200000, 0x0000000082200000|100%| O|  |TAMS 0x0000000082200000| PB 0x0000000082100000| Untracked 
|  34|0x0000000082200000, 0x0000000082300000, 0x0000000082300000|100%| O|  |TAMS 0x0000000082300000| PB 0x0000000082200000| Untracked 
|  35|0x0000000082300000, 0x0000000082400000, 0x0000000082400000|100%| O|  |TAMS 0x0000000082400000| PB 0x0000000082300000| Untracked 
|  36|0x0000000082400000, 0x0000000082500000, 0x0000000082500000|100%| O|  |TAMS 0x0000000082500000| PB 0x0000000082400000| Untracked 
|  37|0x0000000082500000, 0x0000000082600000, 0x0000000082600000|100%| O|  |TAMS 0x0000000082600000| PB 0x0000000082500000| Untracked 
|  38|0x0000000082600000, 0x0000000082700000, 0x0000000082700000|100%| O|  |TAMS 0x0000000082700000| PB 0x0000000082600000| Untracked 
|  39|0x0000000082700000, 0x0000000082800000, 0x0000000082800000|100%| O|  |TAMS 0x0000000082800000| PB 0x0000000082700000| Untracked 
|  40|0x0000000082800000, 0x0000000082900000, 0x0000000082900000|100%| O|  |TAMS 0x0000000082900000| PB 0x0000000082800000| Untracked 
|  41|0x0000000082900000, 0x0000000082a00000, 0x0000000082a00000|100%| O|  |TAMS 0x0000000082a00000| PB 0x0000000082900000| Untracked 
|  42|0x0000000082a00000, 0x0000000082b00000, 0x0000000082b00000|100%| O|  |TAMS 0x0000000082b00000| PB 0x0000000082a00000| Untracked 
|  43|0x0000000082b00000, 0x0000000082c00000, 0x0000000082c00000|100%| O|  |TAMS 0x0000000082c00000| PB 0x0000000082b00000| Untracked 
|  44|0x0000000082c00000, 0x0000000082d00000, 0x0000000082d00000|100%| O|  |TAMS 0x0000000082d00000| PB 0x0000000082c00000| Untracked 
|  45|0x0000000082d00000, 0x0000000082e00000, 0x0000000082e00000|100%| O|  |TAMS 0x0000000082e00000| PB 0x0000000082d00000| Untracked 
|  46|0x0000000082e00000, 0x0000000082f00000, 0x0000000082f00000|100%| O|  |TAMS 0x0000000082f00000| PB 0x0000000082e00000| Untracked 
|  47|0x0000000082f00000, 0x0000000083000000, 0x0000000083000000|100%| O|  |TAMS 0x0000000083000000| PB 0x0000000082f00000| Untracked 
|  48|0x0000000083000000, 0x0000000083100000, 0x0000000083100000|100%| O|  |TAMS 0x0000000083100000| PB 0x0000000083000000| Untracked 
|  49|0x0000000083100000, 0x0000000083200000, 0x0000000083200000|100%| O|  |TAMS 0x0000000083200000| PB 0x0000000083100000| Untracked 
|  50|0x0000000083200000, 0x0000000083300000, 0x0000000083300000|100%| O|  |TAMS 0x0000000083300000| PB 0x0000000083200000| Untracked 
|  51|0x0000000083300000, 0x0000000083400000, 0x0000000083400000|100%| O|  |TAMS 0x0000000083400000| PB 0x0000000083300000| Untracked 
|  52|0x0000000083400000, 0x0000000083500000, 0x0000000083500000|100%| O|  |TAMS 0x0000000083500000| PB 0x0000000083400000| Untracked 
|  53|0x0000000083500000, 0x0000000083600000, 0x0000000083600000|100%| O|  |TAMS 0x0000000083600000| PB 0x0000000083500000| Untracked 
|  54|0x0000000083600000, 0x0000000083700000, 0x0000000083700000|100%| O|  |TAMS 0x0000000083700000| PB 0x0000000083600000| Untracked 
|  55|0x0000000083700000, 0x0000000083800000, 0x0000000083800000|100%| O|  |TAMS 0x0000000083800000| PB 0x0000000083700000| Untracked 
|  56|0x0000000083800000, 0x0000000083900000, 0x0000000083900000|100%| O|  |TAMS 0x0000000083900000| PB 0x0000000083800000| Untracked 
|  57|0x0000000083900000, 0x0000000083a00000, 0x0000000083a00000|100%| O|  |TAMS 0x0000000083a00000| PB 0x0000000083900000| Untracked 
|  58|0x0000000083a00000, 0x0000000083b00000, 0x0000000083b00000|100%| O|  |TAMS 0x0000000083b00000| PB 0x0000000083a00000| Untracked 
|  59|0x0000000083b00000, 0x0000000083c00000, 0x0000000083c00000|100%| O|  |TAMS 0x0000000083c00000| PB 0x0000000083b00000| Untracked 
|  60|0x0000000083c00000, 0x0000000083d00000, 0x0000000083d00000|100%| O|  |TAMS 0x0000000083d00000| PB 0x0000000083c00000| Untracked 
|  61|0x0000000083d00000, 0x0000000083e00000, 0x0000000083e00000|100%| O|  |TAMS 0x0000000083e00000| PB 0x0000000083d00000| Untracked 
|  62|0x0000000083e00000, 0x0000000083ec1980, 0x0000000083f00000| 75%| O|  |TAMS 0x0000000083ec1980| PB 0x0000000083e00000| Untracked 
|  63|0x0000000083f00000, 0x0000000083f00000, 0x0000000084000000|  0%| F|  |TAMS 0x0000000083f00000| PB 0x0000000083f00000| Untracked 
|  64|0x0000000084000000, 0x0000000084000000, 0x0000000084100000|  0%| F|  |TAMS 0x0000000084000000| PB 0x0000000084000000| Untracked 
|  65|0x0000000084100000, 0x0000000084100000, 0x0000000084200000|  0%| F|  |TAMS 0x0000000084100000| PB 0x0000000084100000| Untracked 
|  66|0x0000000084200000, 0x0000000084200000, 0x0000000084300000|  0%| F|  |TAMS 0x0000000084200000| PB 0x0000000084200000| Untracked 
|  67|0x0000000084300000, 0x0000000084300000, 0x0000000084400000|  0%| F|  |TAMS 0x0000000084300000| PB 0x0000000084300000| Untracked 
|  68|0x0000000084400000, 0x0000000084400000, 0x0000000084500000|  0%| F|  |TAMS 0x0000000084400000| PB 0x0000000084400000| Untracked 
|  69|0x0000000084500000, 0x0000000084500000, 0x0000000084600000|  0%| F|  |TAMS 0x0000000084500000| PB 0x0000000084500000| Untracked 
|  70|0x0000000084600000, 0x0000000084600000, 0x0000000084700000|  0%| F|  |TAMS 0x0000000084600000| PB 0x0000000084600000| Untracked 
|  71|0x0000000084700000, 0x0000000084700000, 0x0000000084800000|  0%| F|  |TAMS 0x0000000084700000| PB 0x0000000084700000| Untracked 
|  72|0x0000000084800000, 0x0000000084800000, 0x0000000084900000|  0%| F|  |TAMS 0x0000000084800000| PB 0x0000000084800000| Untracked 
|  73|0x0000000084900000, 0x0000000084900000, 0x0000000084a00000|  0%| F|  |TAMS 0x0000000084900000| PB 0x0000000084900000| Untracked 
|  74|0x0000000084a00000, 0x0000000084a00000, 0x0000000084b00000|  0%| F|  |TAMS 0x0000000084a00000| PB 0x0000000084a00000| Untracked 
|  75|0x0000000084b00000, 0x0000000084b00000, 0x0000000084c00000|  0%| F|  |TAMS 0x0000000084b00000| PB 0x0000000084b00000| Untracked 
|  76|0x0000000084c00000, 0x0000000084c00000, 0x0000000084d00000|  0%| F|  |TAMS 0x0000000084c00000| PB 0x0000000084c00000| Untracked 
|  77|0x0000000084d00000, 0x0000000084d00000, 0x0000000084e00000|  0%| F|  |TAMS 0x0000000084d00000| PB 0x0000000084d00000| Untracked 
|  78|0x0000000084e00000, 0x0000000084e00000, 0x0000000084f00000|  0%| F|  |TAMS 0x0000000084e00000| PB 0x0000000084e00000| Untracked 
|  79|0x0000000084f00000, 0x0000000084f00000, 0x0000000085000000|  0%| F|  |TAMS 0x0000000084f00000| PB 0x0000000084f00000| Untracked 
|  80|0x0000000085000000, 0x0000000085000000, 0x0000000085100000|  0%| F|  |TAMS 0x0000000085000000| PB 0x0000000085000000| Untracked 
|  81|0x0000000085100000, 0x0000000085100000, 0x0000000085200000|  0%| F|  |TAMS 0x0000000085100000| PB 0x0000000085100000| Untracked 
|  82|0x0000000085200000, 0x0000000085200000, 0x0000000085300000|  0%| F|  |TAMS 0x0000000085200000| PB 0x0000000085200000| Untracked 
|  83|0x0000000085300000, 0x0000000085300000, 0x0000000085400000|  0%| F|  |TAMS 0x0000000085300000| PB 0x0000000085300000| Untracked 
|  84|0x0000000085400000, 0x0000000085400000, 0x0000000085500000|  0%| F|  |TAMS 0x0000000085400000| PB 0x0000000085400000| Untracked 
|  85|0x0000000085500000, 0x0000000085500000, 0x0000000085600000|  0%| F|  |TAMS 0x0000000085500000| PB 0x0000000085500000| Untracked 
|  86|0x0000000085600000, 0x0000000085600000, 0x0000000085700000|  0%| F|  |TAMS 0x0000000085600000| PB 0x0000000085600000| Untracked 
|  87|0x0000000085700000, 0x0000000085700000, 0x0000000085800000|  0%| F|  |TAMS 0x0000000085700000| PB 0x0000000085700000| Untracked 
|  88|0x0000000085800000, 0x0000000085800000, 0x0000000085900000|  0%| F|  |TAMS 0x0000000085800000| PB 0x0000000085800000| Untracked 
|  89|0x0000000085900000, 0x0000000085900000, 0x0000000085a00000|  0%| F|  |TAMS 0x0000000085900000| PB 0x0000000085900000| Untracked 
|  90|0x0000000085a00000, 0x0000000085a00000, 0x0000000085b00000|  0%| F|  |TAMS 0x0000000085a00000| PB 0x0000000085a00000| Untracked 
|  91|0x0000000085b00000, 0x0000000085b00000, 0x0000000085c00000|  0%| F|  |TAMS 0x0000000085b00000| PB 0x0000000085b00000| Untracked 
|  92|0x0000000085c00000, 0x0000000085c00000, 0x0000000085d00000|  0%| F|  |TAMS 0x0000000085c00000| PB 0x0000000085c00000| Untracked 
|  93|0x0000000085d00000, 0x0000000085d00000, 0x0000000085e00000|  0%| F|  |TAMS 0x0000000085d00000| PB 0x0000000085d00000| Untracked 
|  94|0x0000000085e00000, 0x0000000085e00000, 0x0000000085f00000|  0%| F|  |TAMS 0x0000000085e00000| PB 0x0000000085e00000| Untracked 
|  95|0x0000000085f00000, 0x0000000085f00000, 0x0000000086000000|  0%| F|  |TAMS 0x0000000085f00000| PB 0x0000000085f00000| Untracked 
|  96|0x0000000086000000, 0x0000000086000000, 0x0000000086100000|  0%| F|  |TAMS 0x0000000086000000| PB 0x0000000086000000| Untracked 
|  97|0x0000000086100000, 0x0000000086100000, 0x0000000086200000|  0%| F|  |TAMS 0x0000000086100000| PB 0x0000000086100000| Untracked 
|  98|0x0000000086200000, 0x0000000086200000, 0x0000000086300000|  0%| F|  |TAMS 0x0000000086200000| PB 0x0000000086200000| Untracked 
|  99|0x0000000086300000, 0x0000000086300000, 0x0000000086400000|  0%| F|  |TAMS 0x0000000086300000| PB 0x0000000086300000| Untracked 
| 100|0x0000000086400000, 0x0000000086400000, 0x0000000086500000|  0%| F|  |TAMS 0x0000000086400000| PB 0x0000000086400000| Untracked 
| 101|0x0000000086500000, 0x0000000086500000, 0x0000000086600000|  0%| F|  |TAMS 0x0000000086500000| PB 0x0000000086500000| Untracked 
| 102|0x0000000086600000, 0x0000000086600000, 0x0000000086700000|  0%| F|  |TAMS 0x0000000086600000| PB 0x0000000086600000| Untracked 
| 103|0x0000000086700000, 0x0000000086700000, 0x0000000086800000|  0%| F|  |TAMS 0x0000000086700000| PB 0x0000000086700000| Untracked 
| 104|0x0000000086800000, 0x0000000086800000, 0x0000000086900000|  0%| F|  |TAMS 0x0000000086800000| PB 0x0000000086800000| Untracked 
| 105|0x0000000086900000, 0x0000000086900000, 0x0000000086a00000|  0%| F|  |TAMS 0x0000000086900000| PB 0x0000000086900000| Untracked 
| 106|0x0000000086a00000, 0x0000000086a00000, 0x0000000086b00000|  0%| F|  |TAMS 0x0000000086a00000| PB 0x0000000086a00000| Untracked 
| 107|0x0000000086b00000, 0x0000000086b00000, 0x0000000086c00000|  0%| F|  |TAMS 0x0000000086b00000| PB 0x0000000086b00000| Untracked 
| 108|0x0000000086c00000, 0x0000000086c00000, 0x0000000086d00000|  0%| F|  |TAMS 0x0000000086c00000| PB 0x0000000086c00000| Untracked 
| 109|0x0000000086d00000, 0x0000000086d00000, 0x0000000086e00000|  0%| F|  |TAMS 0x0000000086d00000| PB 0x0000000086d00000| Untracked 
| 110|0x0000000086e00000, 0x0000000086e00000, 0x0000000086f00000|  0%| F|  |TAMS 0x0000000086e00000| PB 0x0000000086e00000| Untracked 
| 111|0x0000000086f00000, 0x0000000086f00000, 0x0000000087000000|  0%| F|  |TAMS 0x0000000086f00000| PB 0x0000000086f00000| Untracked 
| 112|0x0000000087000000, 0x0000000087000000, 0x0000000087100000|  0%| F|  |TAMS 0x0000000087000000| PB 0x0000000087000000| Untracked 
| 113|0x0000000087100000, 0x0000000087100000, 0x0000000087200000|  0%| F|  |TAMS 0x0000000087100000| PB 0x0000000087100000| Untracked 
| 114|0x0000000087200000, 0x0000000087200000, 0x0000000087300000|  0%| F|  |TAMS 0x0000000087200000| PB 0x0000000087200000| Untracked 
| 115|0x0000000087300000, 0x0000000087300000, 0x0000000087400000|  0%| F|  |TAMS 0x0000000087300000| PB 0x0000000087300000| Untracked 
| 116|0x0000000087400000, 0x0000000087400000, 0x0000000087500000|  0%| F|  |TAMS 0x0000000087400000| PB 0x0000000087400000| Untracked 
| 117|0x0000000087500000, 0x0000000087500000, 0x0000000087600000|  0%| F|  |TAMS 0x0000000087500000| PB 0x0000000087500000| Untracked 
| 118|0x0000000087600000, 0x0000000087600000, 0x0000000087700000|  0%| F|  |TAMS 0x0000000087600000| PB 0x0000000087600000| Untracked 
| 119|0x0000000087700000, 0x0000000087700000, 0x0000000087800000|  0%| F|  |TAMS 0x0000000087700000| PB 0x0000000087700000| Untracked 
| 120|0x0000000087800000, 0x0000000087800000, 0x0000000087900000|  0%| F|  |TAMS 0x0000000087800000| PB 0x0000000087800000| Untracked 
| 121|0x0000000087900000, 0x0000000087900000, 0x0000000087a00000|  0%| F|  |TAMS 0x0000000087900000| PB 0x0000000087900000| Untracked 
| 122|0x0000000087a00000, 0x0000000087a00000, 0x0000000087b00000|  0%| F|  |TAMS 0x0000000087a00000| PB 0x0000000087a00000| Untracked 
| 123|0x0000000087b00000, 0x0000000087b00000, 0x0000000087c00000|  0%| F|  |TAMS 0x0000000087b00000| PB 0x0000000087b00000| Untracked 
| 124|0x0000000087c00000, 0x0000000087c00000, 0x0000000087d00000|  0%| F|  |TAMS 0x0000000087c00000| PB 0x0000000087c00000| Untracked 
| 125|0x0000000087d00000, 0x0000000087d00000, 0x0000000087e00000|  0%| F|  |TAMS 0x0000000087d00000| PB 0x0000000087d00000| Untracked 
| 126|0x0000000087e00000, 0x0000000087e00000, 0x0000000087f00000|  0%| F|  |TAMS 0x0000000087e00000| PB 0x0000000087e00000| Untracked 
| 127|0x0000000087f00000, 0x0000000087f00000, 0x0000000088000000|  0%| F|  |TAMS 0x0000000087f00000| PB 0x0000000087f00000| Untracked 
| 128|0x0000000088000000, 0x0000000088000000, 0x0000000088100000|  0%| F|  |TAMS 0x0000000088000000| PB 0x0000000088000000| Untracked 
| 129|0x0000000088100000, 0x0000000088100000, 0x0000000088200000|  0%| F|  |TAMS 0x0000000088100000| PB 0x0000000088100000| Untracked 
| 130|0x0000000088200000, 0x0000000088200000, 0x0000000088300000|  0%| F|  |TAMS 0x0000000088200000| PB 0x0000000088200000| Untracked 
| 131|0x0000000088300000, 0x0000000088300000, 0x0000000088400000|  0%| F|  |TAMS 0x0000000088300000| PB 0x0000000088300000| Untracked 
| 132|0x0000000088400000, 0x0000000088400000, 0x0000000088500000|  0%| F|  |TAMS 0x0000000088400000| PB 0x0000000088400000| Untracked 
| 133|0x0000000088500000, 0x0000000088500000, 0x0000000088600000|  0%| F|  |TAMS 0x0000000088500000| PB 0x0000000088500000| Untracked 
| 134|0x0000000088600000, 0x0000000088600000, 0x0000000088700000|  0%| F|  |TAMS 0x0000000088600000| PB 0x0000000088600000| Untracked 
| 135|0x0000000088700000, 0x0000000088700000, 0x0000000088800000|  0%| F|  |TAMS 0x0000000088700000| PB 0x0000000088700000| Untracked 
| 136|0x0000000088800000, 0x0000000088800000, 0x0000000088900000|  0%| F|  |TAMS 0x0000000088800000| PB 0x0000000088800000| Untracked 
| 137|0x0000000088900000, 0x0000000088900000, 0x0000000088a00000|  0%| F|  |TAMS 0x0000000088900000| PB 0x0000000088900000| Untracked 
| 138|0x0000000088a00000, 0x0000000088a00000, 0x0000000088b00000|  0%| F|  |TAMS 0x0000000088a00000| PB 0x0000000088a00000| Untracked 
| 139|0x0000000088b00000, 0x0000000088b00000, 0x0000000088c00000|  0%| F|  |TAMS 0x0000000088b00000| PB 0x0000000088b00000| Untracked 
| 140|0x0000000088c00000, 0x0000000088c00000, 0x0000000088d00000|  0%| F|  |TAMS 0x0000000088c00000| PB 0x0000000088c00000| Untracked 
| 141|0x0000000088d00000, 0x0000000088d00000, 0x0000000088e00000|  0%| F|  |TAMS 0x0000000088d00000| PB 0x0000000088d00000| Untracked 
| 142|0x0000000088e00000, 0x0000000088e00000, 0x0000000088f00000|  0%| F|  |TAMS 0x0000000088e00000| PB 0x0000000088e00000| Untracked 
| 143|0x0000000088f00000, 0x0000000088f00000, 0x0000000089000000|  0%| F|  |TAMS 0x0000000088f00000| PB 0x0000000088f00000| Untracked 
| 144|0x0000000089000000, 0x0000000089000000, 0x0000000089100000|  0%| F|  |TAMS 0x0000000089000000| PB 0x0000000089000000| Untracked 
| 145|0x0000000089100000, 0x0000000089100000, 0x0000000089200000|  0%| F|  |TAMS 0x0000000089100000| PB 0x0000000089100000| Untracked 
| 146|0x0000000089200000, 0x0000000089200000, 0x0000000089300000|  0%| F|  |TAMS 0x0000000089200000| PB 0x0000000089200000| Untracked 
| 147|0x0000000089300000, 0x0000000089300000, 0x0000000089400000|  0%| F|  |TAMS 0x0000000089300000| PB 0x0000000089300000| Untracked 
| 148|0x0000000089400000, 0x0000000089400000, 0x0000000089500000|  0%| F|  |TAMS 0x0000000089400000| PB 0x0000000089400000| Untracked 
| 149|0x0000000089500000, 0x0000000089500000, 0x0000000089600000|  0%| F|  |TAMS 0x0000000089500000| PB 0x0000000089500000| Untracked 
| 150|0x0000000089600000, 0x0000000089600000, 0x0000000089700000|  0%| F|  |TAMS 0x0000000089600000| PB 0x0000000089600000| Untracked 
| 151|0x0000000089700000, 0x0000000089700000, 0x0000000089800000|  0%| F|  |TAMS 0x0000000089700000| PB 0x0000000089700000| Untracked 
| 152|0x0000000089800000, 0x0000000089800000, 0x0000000089900000|  0%| F|  |TAMS 0x0000000089800000| PB 0x0000000089800000| Untracked 
| 153|0x0000000089900000, 0x0000000089900000, 0x0000000089a00000|  0%| F|  |TAMS 0x0000000089900000| PB 0x0000000089900000| Untracked 
| 154|0x0000000089a00000, 0x0000000089a00000, 0x0000000089b00000|  0%| F|  |TAMS 0x0000000089a00000| PB 0x0000000089a00000| Untracked 
| 155|0x0000000089b00000, 0x0000000089b00000, 0x0000000089c00000|  0%| F|  |TAMS 0x0000000089b00000| PB 0x0000000089b00000| Untracked 
| 156|0x0000000089c00000, 0x0000000089c00000, 0x0000000089d00000|  0%| F|  |TAMS 0x0000000089c00000| PB 0x0000000089c00000| Untracked 
| 157|0x0000000089d00000, 0x0000000089d00000, 0x0000000089e00000|  0%| F|  |TAMS 0x0000000089d00000| PB 0x0000000089d00000| Untracked 
| 158|0x0000000089e00000, 0x0000000089e00000, 0x0000000089f00000|  0%| F|  |TAMS 0x0000000089e00000| PB 0x0000000089e00000| Untracked 
| 159|0x0000000089f00000, 0x0000000089f00000, 0x000000008a000000|  0%| F|  |TAMS 0x0000000089f00000| PB 0x0000000089f00000| Untracked 
| 160|0x000000008a000000, 0x000000008a000000, 0x000000008a100000|  0%| F|  |TAMS 0x000000008a000000| PB 0x000000008a000000| Untracked 
| 161|0x000000008a100000, 0x000000008a100000, 0x000000008a200000|  0%| F|  |TAMS 0x000000008a100000| PB 0x000000008a100000| Untracked 
| 162|0x000000008a200000, 0x000000008a200000, 0x000000008a300000|  0%| F|  |TAMS 0x000000008a200000| PB 0x000000008a200000| Untracked 
| 163|0x000000008a300000, 0x000000008a300000, 0x000000008a400000|  0%| F|  |TAMS 0x000000008a300000| PB 0x000000008a300000| Untracked 
| 164|0x000000008a400000, 0x000000008a400000, 0x000000008a500000|  0%| F|  |TAMS 0x000000008a400000| PB 0x000000008a400000| Untracked 
| 165|0x000000008a500000, 0x000000008a500000, 0x000000008a600000|  0%| F|  |TAMS 0x000000008a500000| PB 0x000000008a500000| Untracked 
| 166|0x000000008a600000, 0x000000008a600000, 0x000000008a700000|  0%| F|  |TAMS 0x000000008a600000| PB 0x000000008a600000| Untracked 
| 167|0x000000008a700000, 0x000000008a700000, 0x000000008a800000|  0%| F|  |TAMS 0x000000008a700000| PB 0x000000008a700000| Untracked 
| 168|0x000000008a800000, 0x000000008a800000, 0x000000008a900000|  0%| F|  |TAMS 0x000000008a800000| PB 0x000000008a800000| Untracked 
| 169|0x000000008a900000, 0x000000008a900000, 0x000000008aa00000|  0%| F|  |TAMS 0x000000008a900000| PB 0x000000008a900000| Untracked 
| 170|0x000000008aa00000, 0x000000008aa00000, 0x000000008ab00000|  0%| F|  |TAMS 0x000000008aa00000| PB 0x000000008aa00000| Untracked 
| 171|0x000000008ab00000, 0x000000008ab00000, 0x000000008ac00000|  0%| F|  |TAMS 0x000000008ab00000| PB 0x000000008ab00000| Untracked 
| 172|0x000000008ac00000, 0x000000008ac00000, 0x000000008ad00000|  0%| F|  |TAMS 0x000000008ac00000| PB 0x000000008ac00000| Untracked 
| 173|0x000000008ad00000, 0x000000008ad00000, 0x000000008ae00000|  0%| F|  |TAMS 0x000000008ad00000| PB 0x000000008ad00000| Untracked 
| 174|0x000000008ae00000, 0x000000008ae00000, 0x000000008af00000|  0%| F|  |TAMS 0x000000008ae00000| PB 0x000000008ae00000| Untracked 
| 175|0x000000008af00000, 0x000000008af00000, 0x000000008b000000|  0%| F|  |TAMS 0x000000008af00000| PB 0x000000008af00000| Untracked 
| 176|0x000000008b000000, 0x000000008b000000, 0x000000008b100000|  0%| F|  |TAMS 0x000000008b000000| PB 0x000000008b000000| Untracked 
| 177|0x000000008b100000, 0x000000008b100000, 0x000000008b200000|  0%| F|  |TAMS 0x000000008b100000| PB 0x000000008b100000| Untracked 
| 178|0x000000008b200000, 0x000000008b200000, 0x000000008b300000|  0%| F|  |TAMS 0x000000008b200000| PB 0x000000008b200000| Untracked 
| 179|0x000000008b300000, 0x000000008b300000, 0x000000008b400000|  0%| F|  |TAMS 0x000000008b300000| PB 0x000000008b300000| Untracked 
| 180|0x000000008b400000, 0x000000008b400000, 0x000000008b500000|  0%| F|  |TAMS 0x000000008b400000| PB 0x000000008b400000| Untracked 
| 181|0x000000008b500000, 0x000000008b500000, 0x000000008b600000|  0%| F|  |TAMS 0x000000008b500000| PB 0x000000008b500000| Untracked 
| 182|0x000000008b600000, 0x000000008b600000, 0x000000008b700000|  0%| F|  |TAMS 0x000000008b600000| PB 0x000000008b600000| Untracked 
| 183|0x000000008b700000, 0x000000008b700000, 0x000000008b800000|  0%| F|  |TAMS 0x000000008b700000| PB 0x000000008b700000| Untracked 
| 184|0x000000008b800000, 0x000000008b800000, 0x000000008b900000|  0%| F|  |TAMS 0x000000008b800000| PB 0x000000008b800000| Untracked 
| 185|0x000000008b900000, 0x000000008b900000, 0x000000008ba00000|  0%| F|  |TAMS 0x000000008b900000| PB 0x000000008b900000| Untracked 
| 186|0x000000008ba00000, 0x000000008ba00000, 0x000000008bb00000|  0%| F|  |TAMS 0x000000008ba00000| PB 0x000000008ba00000| Untracked 
| 187|0x000000008bb00000, 0x000000008bb00000, 0x000000008bc00000|  0%| F|  |TAMS 0x000000008bb00000| PB 0x000000008bb00000| Untracked 
| 188|0x000000008bc00000, 0x000000008bc00000, 0x000000008bd00000|  0%| F|  |TAMS 0x000000008bc00000| PB 0x000000008bc00000| Untracked 
| 189|0x000000008bd00000, 0x000000008bd00000, 0x000000008be00000|  0%| F|  |TAMS 0x000000008bd00000| PB 0x000000008bd00000| Untracked 
| 190|0x000000008be00000, 0x000000008be00000, 0x000000008bf00000|  0%| F|  |TAMS 0x000000008be00000| PB 0x000000008be00000| Untracked 
| 191|0x000000008bf00000, 0x000000008bf00000, 0x000000008c000000|  0%| F|  |TAMS 0x000000008bf00000| PB 0x000000008bf00000| Untracked 
| 192|0x000000008c000000, 0x000000008c000000, 0x000000008c100000|  0%| F|  |TAMS 0x000000008c000000| PB 0x000000008c000000| Untracked 
| 193|0x000000008c100000, 0x000000008c100000, 0x000000008c200000|  0%| F|  |TAMS 0x000000008c100000| PB 0x000000008c100000| Untracked 
| 194|0x000000008c200000, 0x000000008c200000, 0x000000008c300000|  0%| F|  |TAMS 0x000000008c200000| PB 0x000000008c200000| Untracked 
| 195|0x000000008c300000, 0x000000008c300000, 0x000000008c400000|  0%| F|  |TAMS 0x000000008c300000| PB 0x000000008c300000| Untracked 
| 196|0x000000008c400000, 0x000000008c400000, 0x000000008c500000|  0%| F|  |TAMS 0x000000008c400000| PB 0x000000008c400000| Untracked 
| 197|0x000000008c500000, 0x000000008c500000, 0x000000008c600000|  0%| F|  |TAMS 0x000000008c500000| PB 0x000000008c500000| Untracked 
| 198|0x000000008c600000, 0x000000008c600000, 0x000000008c700000|  0%| F|  |TAMS 0x000000008c600000| PB 0x000000008c600000| Untracked 
| 199|0x000000008c700000, 0x000000008c700000, 0x000000008c800000|  0%| F|  |TAMS 0x000000008c700000| PB 0x000000008c700000| Untracked 
| 200|0x000000008c800000, 0x000000008c800000, 0x000000008c900000|  0%| F|  |TAMS 0x000000008c800000| PB 0x000000008c800000| Untracked 
| 201|0x000000008c900000, 0x000000008c900000, 0x000000008ca00000|  0%| F|  |TAMS 0x000000008c900000| PB 0x000000008c900000| Untracked 
| 202|0x000000008ca00000, 0x000000008ca00000, 0x000000008cb00000|  0%| F|  |TAMS 0x000000008ca00000| PB 0x000000008ca00000| Untracked 
| 203|0x000000008cb00000, 0x000000008cb00000, 0x000000008cc00000|  0%| F|  |TAMS 0x000000008cb00000| PB 0x000000008cb00000| Untracked 
| 204|0x000000008cc00000, 0x000000008cc00000, 0x000000008cd00000|  0%| F|  |TAMS 0x000000008cc00000| PB 0x000000008cc00000| Untracked 
| 205|0x000000008cd00000, 0x000000008cd00000, 0x000000008ce00000|  0%| F|  |TAMS 0x000000008cd00000| PB 0x000000008cd00000| Untracked 
| 206|0x000000008ce00000, 0x000000008ce00000, 0x000000008cf00000|  0%| F|  |TAMS 0x000000008ce00000| PB 0x000000008ce00000| Untracked 
| 207|0x000000008cf00000, 0x000000008cf00000, 0x000000008d000000|  0%| F|  |TAMS 0x000000008cf00000| PB 0x000000008cf00000| Untracked 
| 208|0x000000008d000000, 0x000000008d000000, 0x000000008d100000|  0%| F|  |TAMS 0x000000008d000000| PB 0x000000008d000000| Untracked 
| 209|0x000000008d100000, 0x000000008d100000, 0x000000008d200000|  0%| F|  |TAMS 0x000000008d100000| PB 0x000000008d100000| Untracked 
| 210|0x000000008d200000, 0x000000008d200000, 0x000000008d300000|  0%| F|  |TAMS 0x000000008d200000| PB 0x000000008d200000| Untracked 
| 211|0x000000008d300000, 0x000000008d300000, 0x000000008d400000|  0%| F|  |TAMS 0x000000008d300000| PB 0x000000008d300000| Untracked 
| 212|0x000000008d400000, 0x000000008d400000, 0x000000008d500000|  0%| F|  |TAMS 0x000000008d400000| PB 0x000000008d400000| Untracked 
| 213|0x000000008d500000, 0x000000008d500000, 0x000000008d600000|  0%| F|  |TAMS 0x000000008d500000| PB 0x000000008d500000| Untracked 
| 214|0x000000008d600000, 0x000000008d600000, 0x000000008d700000|  0%| F|  |TAMS 0x000000008d600000| PB 0x000000008d600000| Untracked 
| 215|0x000000008d700000, 0x000000008d700000, 0x000000008d800000|  0%| F|  |TAMS 0x000000008d700000| PB 0x000000008d700000| Untracked 
| 216|0x000000008d800000, 0x000000008d800000, 0x000000008d900000|  0%| F|  |TAMS 0x000000008d800000| PB 0x000000008d800000| Untracked 
| 217|0x000000008d900000, 0x000000008d900000, 0x000000008da00000|  0%| F|  |TAMS 0x000000008d900000| PB 0x000000008d900000| Untracked 
| 218|0x000000008da00000, 0x000000008da00000, 0x000000008db00000|  0%| F|  |TAMS 0x000000008da00000| PB 0x000000008da00000| Untracked 
| 219|0x000000008db00000, 0x000000008db00000, 0x000000008dc00000|  0%| F|  |TAMS 0x000000008db00000| PB 0x000000008db00000| Untracked 
| 220|0x000000008dc00000, 0x000000008dc00000, 0x000000008dd00000|  0%| F|  |TAMS 0x000000008dc00000| PB 0x000000008dc00000| Untracked 
| 221|0x000000008dd00000, 0x000000008dd00000, 0x000000008de00000|  0%| F|  |TAMS 0x000000008dd00000| PB 0x000000008dd00000| Untracked 
| 222|0x000000008de00000, 0x000000008de00000, 0x000000008df00000|  0%| F|  |TAMS 0x000000008de00000| PB 0x000000008de00000| Untracked 
| 223|0x000000008df00000, 0x000000008df00000, 0x000000008e000000|  0%| F|  |TAMS 0x000000008df00000| PB 0x000000008df00000| Untracked 
| 224|0x000000008e000000, 0x000000008e000000, 0x000000008e100000|  0%| F|  |TAMS 0x000000008e000000| PB 0x000000008e000000| Untracked 
| 225|0x000000008e100000, 0x000000008e100000, 0x000000008e200000|  0%| F|  |TAMS 0x000000008e100000| PB 0x000000008e100000| Untracked 
| 226|0x000000008e200000, 0x000000008e200000, 0x000000008e300000|  0%| F|  |TAMS 0x000000008e200000| PB 0x000000008e200000| Untracked 
| 227|0x000000008e300000, 0x000000008e300000, 0x000000008e400000|  0%| F|  |TAMS 0x000000008e300000| PB 0x000000008e300000| Untracked 
| 228|0x000000008e400000, 0x000000008e400000, 0x000000008e500000|  0%| F|  |TAMS 0x000000008e400000| PB 0x000000008e400000| Untracked 
| 229|0x000000008e500000, 0x000000008e500000, 0x000000008e600000|  0%| F|  |TAMS 0x000000008e500000| PB 0x000000008e500000| Untracked 
| 230|0x000000008e600000, 0x000000008e600000, 0x000000008e700000|  0%| F|  |TAMS 0x000000008e600000| PB 0x000000008e600000| Untracked 
| 231|0x000000008e700000, 0x000000008e700000, 0x000000008e800000|  0%| F|  |TAMS 0x000000008e700000| PB 0x000000008e700000| Untracked 
| 232|0x000000008e800000, 0x000000008e800000, 0x000000008e900000|  0%| F|  |TAMS 0x000000008e800000| PB 0x000000008e800000| Untracked 
| 233|0x000000008e900000, 0x000000008e900000, 0x000000008ea00000|  0%| F|  |TAMS 0x000000008e900000| PB 0x000000008e900000| Untracked 
| 234|0x000000008ea00000, 0x000000008ea00000, 0x000000008eb00000|  0%| F|  |TAMS 0x000000008ea00000| PB 0x000000008ea00000| Untracked 
| 235|0x000000008eb00000, 0x000000008eb00000, 0x000000008ec00000|  0%| F|  |TAMS 0x000000008eb00000| PB 0x000000008eb00000| Untracked 
| 236|0x000000008ec00000, 0x000000008ec00000, 0x000000008ed00000|  0%| F|  |TAMS 0x000000008ec00000| PB 0x000000008ec00000| Untracked 
| 237|0x000000008ed00000, 0x000000008ed00000, 0x000000008ee00000|  0%| F|  |TAMS 0x000000008ed00000| PB 0x000000008ed00000| Untracked 
| 238|0x000000008ee00000, 0x000000008ee00000, 0x000000008ef00000|  0%| F|  |TAMS 0x000000008ee00000| PB 0x000000008ee00000| Untracked 
| 239|0x000000008ef00000, 0x000000008ef00000, 0x000000008f000000|  0%| F|  |TAMS 0x000000008ef00000| PB 0x000000008ef00000| Untracked 
| 240|0x000000008f000000, 0x000000008f000000, 0x000000008f100000|  0%| F|  |TAMS 0x000000008f000000| PB 0x000000008f000000| Untracked 
| 241|0x000000008f100000, 0x000000008f100000, 0x000000008f200000|  0%| F|  |TAMS 0x000000008f100000| PB 0x000000008f100000| Untracked 
| 242|0x000000008f200000, 0x000000008f200000, 0x000000008f300000|  0%| F|  |TAMS 0x000000008f200000| PB 0x000000008f200000| Untracked 
| 243|0x000000008f300000, 0x000000008f300000, 0x000000008f400000|  0%| F|  |TAMS 0x000000008f300000| PB 0x000000008f300000| Untracked 
| 244|0x000000008f400000, 0x000000008f400000, 0x000000008f500000|  0%| F|  |TAMS 0x000000008f400000| PB 0x000000008f400000| Untracked 
| 245|0x000000008f500000, 0x000000008f500000, 0x000000008f600000|  0%| F|  |TAMS 0x000000008f500000| PB 0x000000008f500000| Untracked 
| 246|0x000000008f600000, 0x000000008f600000, 0x000000008f700000|  0%| F|  |TAMS 0x000000008f600000| PB 0x000000008f600000| Untracked 
| 247|0x000000008f700000, 0x000000008f700000, 0x000000008f800000|  0%| F|  |TAMS 0x000000008f700000| PB 0x000000008f700000| Untracked 
| 248|0x000000008f800000, 0x000000008f8a2e90, 0x000000008f900000| 63%| S|CS|TAMS 0x000000008f800000| PB 0x000000008f800000| Complete 
| 249|0x000000008f900000, 0x000000008f900000, 0x000000008fa00000|  0%| F|  |TAMS 0x000000008f900000| PB 0x000000008f900000| Untracked 
| 250|0x000000008fa00000, 0x000000008fa00000, 0x000000008fb00000|  0%| F|  |TAMS 0x000000008fa00000| PB 0x000000008fa00000| Untracked 
| 251|0x000000008fb00000, 0x000000008fc00000, 0x000000008fc00000|100%| S|CS|TAMS 0x000000008fb00000| PB 0x000000008fb00000| Complete 
| 252|0x000000008fc00000, 0x000000008fc00000, 0x000000008fd00000|  0%| F|  |TAMS 0x000000008fc00000| PB 0x000000008fc00000| Untracked 
| 253|0x000000008fd00000, 0x000000008fd00000, 0x000000008fe00000|  0%| F|  |TAMS 0x000000008fd00000| PB 0x000000008fd00000| Untracked 
| 254|0x000000008fe00000, 0x000000008fe00000, 0x000000008ff00000|  0%| F|  |TAMS 0x000000008fe00000| PB 0x000000008fe00000| Untracked 
| 255|0x000000008ff00000, 0x000000008ff00000, 0x0000000090000000|  0%| F|  |TAMS 0x000000008ff00000| PB 0x000000008ff00000| Untracked 

Card table byte_map: [0x000002623f300000,0x000002623f700000] _byte_map_base: 0x000002623ef00000

Marking Bits: (CMBitMap*) 0x000002621ab322a0
 Bits: [0x000002623f700000, 0x0000026241700000)

Polling page: 0x0000026218710000

Metaspace:

Usage:
  Non-class:     55.31 MB used.
      Class:      6.53 MB used.
       Both:     61.84 MB used.

Virtual space:
  Non-class space:       64.00 MB reserved,      55.75 MB ( 87%) committed,  1 nodes.
      Class space:        1.00 GB reserved,       6.88 MB ( <1%) committed,  1 nodes.
             Both:        1.06 GB reserved,      62.62 MB (  6%) committed. 

Chunk freelists:
   Non-Class:  8.06 MB
       Class:  9.01 MB
        Both:  17.07 MB

MaxMetaspaceSize: unlimited
CompressedClassSpaceSize: 1.00 GB
Initial GC threshold: 21.00 MB
Current GC threshold: 62.62 MB
CDS: off
 - commit_granule_bytes: 65536.
 - commit_granule_words: 8192.
 - virtual_space_node_default_size: 8388608.
 - enlarge_chunks_in_place: 1.
 - use_allocation_guard: 0.


Internal statistics:

num_allocs_failed_limit: 54.
num_arena_births: 1010.
num_arena_deaths: 0.
num_vsnodes_births: 2.
num_vsnodes_deaths: 0.
num_space_committed: 999.
num_space_uncommitted: 0.
num_chunks_returned_to_freelist: 54.
num_chunks_taken_from_freelist: 3005.
num_chunk_merges: 39.
num_chunk_splits: 1937.
num_chunks_enlarged: 1246.
num_inconsistent_stats: 0.

CodeHeap 'non-profiled nmethods': size=259328Kb used=1266Kb max_used=1266Kb free=258061Kb
 bounds [0x000002622ec70000, 0x000002622eee0000, 0x000002623e9b0000]
CodeHeap 'profiled nmethods': size=259264Kb used=7702Kb max_used=7702Kb free=251561Kb
 bounds [0x000002621e9b0000, 0x000002621f140000, 0x000002622e6e0000]
CodeHeap 'non-nmethods': size=5696Kb used=2262Kb max_used=2262Kb free=3433Kb
 bounds [0x000002622e6e0000, 0x000002622e950000, 0x000002622ec70000]
 total_blobs=5246 nmethods=4311 adapters=836
 compilation: enabled
              stopped_count=0, restarted_count=0
 full_count=0

Compilation events (20 events):
Event: 2.738 Thread 0x00000262442b0480 nmethod 4465 0x000002621f132a90 code [0x000002621f132c40, 0x000002621f132e88]
Event: 2.738 Thread 0x00000262442b0480 4466       1       java.awt.Font::getName (5 bytes)
Event: 2.738 Thread 0x00000262442b0480 nmethod 4466 0x000002622edac610 code [0x000002622edac7a0, 0x000002622edac868]
Event: 2.739 Thread 0x00000262442b0480 4467       2       java.lang.invoke.LambdaFormEditor$TransformKey::packedBytes (83 bytes)
Event: 2.740 Thread 0x00000262442b0480 nmethod 4467 0x000002621f133110 code [0x000002621f1332c0, 0x000002621f133510]
Event: 2.741 Thread 0x00000262442b0480 4468       2       sun.font.TrueTypeFont::getFontName (55 bytes)
Event: 2.741 Thread 0x00000262442b0480 nmethod 4468 0x000002621f133690 code [0x000002621f133860, 0x000002621f133ac0]
Event: 2.741 Thread 0x00000262442b0480 4469       2       java.lang.StringUTF16::putCharsSB (21 bytes)
Event: 2.741 Thread 0x00000262442b0480 nmethod 4469 0x000002621f133c10 code [0x000002621f133dc0, 0x000002621f133fe0]
Event: 2.741 Thread 0x00000262442b0480 4470       2       java.lang.invoke.MemberName::isProtected (8 bytes)
Event: 2.742 Thread 0x00000262442b0480 nmethod 4470 0x000002621f134210 code [0x000002621f1343a0, 0x000002621f1344c0]
Event: 2.742 Thread 0x00000262442b0480 4471       2       java.lang.invoke.MethodHandles$Lookup::unreflectField (126 bytes)
Event: 2.742 Thread 0x00000262442b0480 nmethod 4471 0x000002621f134590 code [0x000002621f134760, 0x000002621f134a60]
Event: 2.742 Thread 0x00000262442b0480 4472       2       java.lang.invoke.MemberName::<init> (108 bytes)
Event: 2.743 Thread 0x00000262442b0480 nmethod 4472 0x000002621f134c10 code [0x000002621f134de0, 0x000002621f1350f0]
Event: 2.743 Thread 0x00000262442b0480 4473       2       java.lang.invoke.MethodHandleImpl$1::unreflectField (22 bytes)
Event: 2.743 Thread 0x00000262442b0480 nmethod 4473 0x000002621f135290 code [0x000002621f135440, 0x000002621f1355c0]
Event: 2.743 Thread 0x00000262442b0480 4474       2       sun.font.TrueTypeFont::getWidth (19 bytes)
Event: 2.743 Thread 0x00000262442b0480 nmethod 4474 0x000002621f135690 code [0x000002621f135820, 0x000002621f135938]
Event: 2.743 Thread 0x00000262442b0480 4475       2       java.lang.invoke.DirectMethodHandle$Holder::invokeVirtual (14 bytes)

GC Heap History (17 events):
Event: 0.609 GC heap before
{Heap before GC invocations=0 (full 0):
 garbage-first heap   total 262144K, used 34816K [0x0000000080000000, 0x0000000100000000)
  region size 1024K, 23 young (23552K), 0 survivors (0K)
 Metaspace       used 19689K, committed 19904K, reserved 1114112K
  class space    used 1718K, committed 1792K, reserved 1048576K
}
Event: 0.617 GC heap after
{Heap after GC invocations=1 (full 0):
 garbage-first heap   total 262144K, used 21162K [0x0000000080000000, 0x0000000100000000)
  region size 1024K, 3 young (3072K), 3 survivors (3072K)
 Metaspace       used 19689K, committed 19904K, reserved 1114112K
  class space    used 1718K, committed 1792K, reserved 1048576K
}
Event: 0.709 GC heap before
{Heap before GC invocations=1 (full 0):
 garbage-first heap   total 262144K, used 43690K [0x0000000080000000, 0x0000000100000000)
  region size 1024K, 24 young (24576K), 3 survivors (3072K)
 Metaspace       used 21236K, committed 21504K, reserved 1114112K
  class space    used 1853K, committed 1984K, reserved 1048576K
}
Event: 0.717 GC heap after
{Heap after GC invocations=2 (full 0):
 garbage-first heap   total 262144K, used 31958K [0x0000000080000000, 0x0000000100000000)
  region size 1024K, 3 young (3072K), 3 survivors (3072K)
 Metaspace       used 21236K, committed 21504K, reserved 1114112K
  class space    used 1853K, committed 1984K, reserved 1048576K
}
Event: 0.722 GC heap before
{Heap before GC invocations=2 (full 0):
 garbage-first heap   total 262144K, used 32982K [0x0000000080000000, 0x0000000100000000)
  region size 1024K, 5 young (5120K), 3 survivors (3072K)
 Metaspace       used 21284K, committed 21504K, reserved 1114112K
  class space    used 1860K, committed 1984K, reserved 1048576K
}
Event: 0.725 GC heap after
{Heap after GC invocations=3 (full 0):
 garbage-first heap   total 262144K, used 33017K [0x0000000080000000, 0x0000000100000000)
  region size 1024K, 1 young (1024K), 1 survivors (1024K)
 Metaspace       used 21284K, committed 21504K, reserved 1114112K
  class space    used 1860K, committed 1984K, reserved 1048576K
}
Event: 1.153 GC heap before
{Heap before GC invocations=4 (full 0):
 garbage-first heap   total 262144K, used 63737K [0x0000000080000000, 0x0000000100000000)
  region size 1024K, 33 young (33792K), 1 survivors (1024K)
 Metaspace       used 36117K, committed 36608K, reserved 1114112K
  class space    used 3419K, committed 3648K, reserved 1048576K
}
Event: 1.162 GC heap after
{Heap after GC invocations=5 (full 0):
 garbage-first heap   total 262144K, used 42635K [0x0000000080000000, 0x0000000100000000)
  region size 1024K, 8 young (8192K), 8 survivors (8192K)
 Metaspace       used 36117K, committed 36608K, reserved 1114112K
  class space    used 3419K, committed 3648K, reserved 1048576K
}
Event: 1.185 GC heap before
{Heap before GC invocations=5 (full 0):
 garbage-first heap   total 262144K, used 43659K [0x0000000080000000, 0x0000000100000000)
  region size 1024K, 10 young (10240K), 8 survivors (8192K)
 Metaspace       used 36442K, committed 36928K, reserved 1114112K
  class space    used 3459K, committed 3712K, reserved 1048576K
}
Event: 1.191 GC heap after
{Heap after GC invocations=6 (full 0):
 garbage-first heap   total 262144K, used 43840K [0x0000000080000000, 0x0000000100000000)
  region size 1024K, 1 young (1024K), 1 survivors (1024K)
 Metaspace       used 36442K, committed 36928K, reserved 1114112K
  class space    used 3459K, committed 3712K, reserved 1048576K
}
Event: 1.205 GC heap before
{Heap before GC invocations=6 (full 0):
 garbage-first heap   total 262144K, used 45888K [0x0000000080000000, 0x0000000100000000)
  region size 1024K, 4 young (4096K), 1 survivors (1024K)
 Metaspace       used 36828K, committed 37248K, reserved 1114112K
  class space    used 3497K, committed 3712K, reserved 1048576K
}
Event: 1.206 GC heap after
{Heap after GC invocations=7 (full 0):
 garbage-first heap   total 262144K, used 43093K [0x0000000080000000, 0x0000000100000000)
  region size 1024K, 1 young (1024K), 1 survivors (1024K)
 Metaspace       used 36828K, committed 37248K, reserved 1114112K
  class space    used 3497K, committed 3712K, reserved 1048576K
}
Event: 2.652 GC heap before
{Heap before GC invocations=8 (full 0):
 garbage-first heap   total 262144K, used 128085K [0x0000000080000000, 0x0000000100000000)
  region size 1024K, 87 young (89088K), 1 survivors (1024K)
 Metaspace       used 62655K, committed 63488K, reserved 1114112K
  class space    used 6606K, committed 6976K, reserved 1048576K
}
Event: 2.665 GC heap after
{Heap after GC invocations=9 (full 0):
 garbage-first heap   total 262144K, used 63281K [0x0000000080000000, 0x0000000100000000)
  region size 1024K, 15 young (15360K), 15 survivors (15360K)
 Metaspace       used 62655K, committed 63488K, reserved 1114112K
  class space    used 6606K, committed 6976K, reserved 1048576K
}
Event: 2.692 GC heap before
{Heap before GC invocations=9 (full 0):
 garbage-first heap   total 262144K, used 66353K [0x0000000080000000, 0x0000000100000000)
  region size 1024K, 20 young (20480K), 15 survivors (15360K)
 Metaspace       used 62933K, committed 63808K, reserved 1114112K
  class space    used 6645K, committed 7040K, reserved 1048576K
}
Event: 2.702 GC heap after
{Heap after GC invocations=10 (full 0):
 garbage-first heap   total 262144K, used 64115K [0x0000000080000000, 0x0000000100000000)
  region size 1024K, 2 young (2048K), 2 survivors (2048K)
 Metaspace       used 62933K, committed 63808K, reserved 1114112K
  class space    used 6645K, committed 7040K, reserved 1048576K
}
Event: 2.745 GC heap before
{Heap before GC invocations=10 (full 0):
 garbage-first heap   total 262144K, used 66163K [0x0000000080000000, 0x0000000100000000)
  region size 1024K, 6 young (6144K), 2 survivors (2048K)
 Metaspace       used 63323K, committed 64128K, reserved 1114112K
  class space    used 6689K, committed 7040K, reserved 1048576K
}

Dll operation events (3 events):
Event: 0.038 Loaded shared library C:\Program Files\JetBrains\PyCharm 2024.2\jbr\bin\java.dll
Event: 0.079 Loaded shared library C:\Program Files\JetBrains\PyCharm 2024.2\jbr\bin\zip.dll
Event: 0.461 Loaded shared library C:\Program Files\JetBrains\PyCharm 2024.2\jbr\bin\verify.dll

Deoptimization events (20 events):
Event: 2.680 Thread 0x00000262442acb10 DEOPT PACKING pc=0x000002621ef94f21 sp=0x0000008c55dfd0a0
Event: 2.680 Thread 0x00000262442acb10 DEOPT UNPACKING pc=0x000002622e7388e2 sp=0x0000008c55dfc590 mode 0
Event: 2.680 Thread 0x00000262442acb10 DEOPT PACKING pc=0x000002621ef94f21 sp=0x0000008c55dfd0a0
Event: 2.680 Thread 0x00000262442acb10 DEOPT UNPACKING pc=0x000002622e7388e2 sp=0x0000008c55dfc590 mode 0
Event: 2.681 Thread 0x00000262442acb10 DEOPT PACKING pc=0x000002621efc0b7e sp=0x0000008c55dfd160
Event: 2.681 Thread 0x00000262442acb10 DEOPT UNPACKING pc=0x000002622e7388e2 sp=0x0000008c55dfc650 mode 0
Event: 2.717 Thread 0x00000262442acb10 DEOPT PACKING pc=0x000002621ef94f21 sp=0x0000008c55dfd0a0
Event: 2.717 Thread 0x00000262442acb10 DEOPT UNPACKING pc=0x000002622e7388e2 sp=0x0000008c55dfc590 mode 0
Event: 2.724 Thread 0x00000262494047c0 DEOPT PACKING pc=0x000002621f127fcf sp=0x0000008c563fdb70
Event: 2.724 Thread 0x00000262494047c0 DEOPT UNPACKING pc=0x000002622e7388e2 sp=0x0000008c563fd058 mode 0
Event: 2.731 Thread 0x00000262442acb10 DEOPT PACKING pc=0x000002621ef94f21 sp=0x0000008c55dfd0a0
Event: 2.731 Thread 0x00000262442acb10 DEOPT UNPACKING pc=0x000002622e7388e2 sp=0x0000008c55dfc590 mode 0
Event: 2.731 Thread 0x00000262442acb10 DEOPT PACKING pc=0x000002621ef94f21 sp=0x0000008c55dfd0a0
Event: 2.731 Thread 0x00000262442acb10 DEOPT UNPACKING pc=0x000002622e7388e2 sp=0x0000008c55dfc590 mode 0
Event: 2.740 Thread 0x00000262442acb10 DEOPT PACKING pc=0x000002621ef94f21 sp=0x0000008c55dfd0a0
Event: 2.740 Thread 0x00000262442acb10 DEOPT UNPACKING pc=0x000002622e7388e2 sp=0x0000008c55dfc590 mode 0
Event: 2.740 Thread 0x00000262442acb10 DEOPT PACKING pc=0x000002621ef94f21 sp=0x0000008c55dfd0a0
Event: 2.740 Thread 0x00000262442acb10 DEOPT UNPACKING pc=0x000002622e7388e2 sp=0x0000008c55dfc590 mode 0
Event: 2.741 Thread 0x00000262442acb10 DEOPT PACKING pc=0x000002621ef94f21 sp=0x0000008c55dfd0a0
Event: 2.741 Thread 0x00000262442acb10 DEOPT UNPACKING pc=0x000002622e7388e2 sp=0x0000008c55dfc590 mode 0

Classes loaded (20 events):
Event: 2.689 Loading class javax/swing/plaf/metal/OceanTheme$4 done
Event: 2.689 Loading class javax/swing/plaf/metal/OceanTheme$5
Event: 2.689 Loading class javax/swing/plaf/metal/OceanTheme$5 done
Event: 2.689 Loading class javax/swing/plaf/metal/OceanTheme$6
Event: 2.689 Loading class javax/swing/plaf/metal/OceanTheme$6 done
Event: 2.717 Loading class javax/swing/UIManager
Event: 2.721 Loading class java/util/LinkedList$ListItr
Event: 2.721 Loading class java/util/LinkedList$ListItr done
Event: 2.728 Loading class javax/swing/UIManager done
Event: 2.728 Loading class javax/swing/UIManager$LookAndFeelInfo
Event: 2.729 Loading class javax/swing/UIManager$LookAndFeelInfo done
Event: 2.730 Loading class javax/swing/UIManager$LAFState
Event: 2.730 Loading class javax/swing/UIManager$LAFState done
Event: 2.731 Loading class javax/swing/MultiUIDefaults
Event: 2.738 Loading class javax/swing/MultiUIDefaults done
Event: 2.738 Loading class javax/swing/UIManager$1
Event: 2.739 Loading class javax/swing/UIManager$1 done
Event: 2.739 Loading class sun/swing/DefaultLookup
Event: 2.742 Loading class sun/swing/DefaultLookup done
Event: 2.743 Loading class javax/swing/RepaintManager

Classes unloaded (0 events):
No events

Classes redefined (0 events):
No events

Internal exceptions (20 events):
Event: 2.254 Thread 0x00000262442adec0 Exception <a 'java/lang/NoSuchMethodError'{0x000000008d874760}: 'java.lang.Object java.lang.invoke.Invokers$Holder.linkToTargetMethod(java.lang.Object, java.lang.Object, int, java.lang.Object)'> (0x000000008d874760) 
thrown [s\src\hotspot\share\interpreter\linkResolver.cpp, line 784]
Event: 2.256 Thread 0x00000262442adec0 Exception <a 'java/lang/NoSuchMethodError'{0x000000008d879990}: 'java.lang.Object java.lang.invoke.DirectMethodHandle$Holder.invokeStatic(java.lang.Object, java.lang.Object, int, int)'> (0x000000008d879990) 
thrown [s\src\hotspot\share\interpreter\linkResolver.cpp, line 784]
Event: 2.256 Thread 0x00000262494047c0 Exception <a 'java/lang/NoSuchMethodError'{0x000000008d7eeaa8}: com.intellij.openapi.editor.impl.EditorFactoryImpl: method 'void <init>()' not found> (0x000000008d7eeaa8) 
thrown [s\src\hotspot\share\interpreter\linkResolver.cpp, line 1174]
Event: 2.290 Thread 0x0000026249404e50 Exception <a 'java/lang/NoSuchMethodError'{0x000000008cf5d4b8}: 'int java.lang.invoke.DirectMethodHandle$Holder.invokeStaticInit(java.lang.Object, java.lang.Object)'> (0x000000008cf5d4b8) 
thrown [s\src\hotspot\share\interpreter\linkResolver.cpp, line 784]
Event: 2.310 Thread 0x00000262494047c0 Exception <a 'java/lang/NoSuchMethodError'{0x000000008ce1e9e8}: com.intellij.configurationStore.SaveAndSyncHandlerImpl: method 'void <init>()' not found> (0x000000008ce1e9e8) 
thrown [s\src\hotspot\share\interpreter\linkResolver.cpp, line 1174]
Event: 2.317 Thread 0x00000262442ab0d0 Exception <a 'java/lang/UnsatisfiedLinkError'{0x000000008cdf40d8}: Impossível localizar o procedimento especificado.
> (0x000000008cdf40d8) 
thrown [s\src\hotspot\share\prims\jni.cpp, line 554]
Event: 2.331 Thread 0x00000262442ab0d0 Exception <a 'java/lang/NoSuchMethodError'{0x000000008cbe8778}: com.intellij.openapi.progress.impl.PlatformTaskSupport: method 'void <init>()' not found> (0x000000008cbe8778) 
thrown [s\src\hotspot\share\interpreter\linkResolver.cpp, line 1174]
Event: 2.336 Thread 0x00000262442ab0d0 Exception <a 'java/lang/NoSuchMethodError'{0x000000008cbec488}: com.intellij.ide.AttachedModuleAwareRecentProjectsManager: method 'void <init>()' not found> (0x000000008cbec488) 
thrown [s\src\hotspot\share\interpreter\linkResolver.cpp, line 1174]
Event: 2.387 Thread 0x00000262442ad1a0 Exception <a 'java/lang/NoSuchMethodError'{0x000000008d4f68f0}: org.jetbrains.ide.BuiltInServerManagerImpl: method 'void <init>()' not found> (0x000000008d4f68f0) 
thrown [s\src\hotspot\share\interpreter\linkResolver.cpp, line 1174]
Event: 2.396 Thread 0x00000262442ab0d0 Exception <a 'java/lang/NoSuchMethodError'{0x000000008c3ec2d0}: 'void java.lang.invoke.DirectMethodHandle$Holder.invokeSpecial(java.lang.Object, java.lang.Object, long)'> (0x000000008c3ec2d0) 
thrown [s\src\hotspot\share\interpreter\linkResolver.cpp, line 784]
Event: 2.396 Thread 0x00000262442ab0d0 Exception <a 'java/lang/NoSuchMethodError'{0x000000008c3f2df8}: 'void java.lang.invoke.DelegatingMethodHandle$Holder.reinvoke_L(java.lang.Object, java.lang.Object, long)'> (0x000000008c3f2df8) 
thrown [s\src\hotspot\share\interpreter\linkResolver.cpp, line 784]
Event: 2.399 Thread 0x00000262442ad1a0 Exception <a 'java/lang/NoSuchMethodError'{0x000000008c2f6b50}: 'java.nio.channels.spi.SelectorProvider sun.nio.ch.DefaultSelectorProvider.create()'> (0x000000008c2f6b50) 
thrown [s\src\hotspot\share\interpreter\linkResolver.cpp, line 784]
Event: 2.400 Thread 0x0000026249406f20 Exception <a 'java/lang/NoSuchMethodError'{0x000000008c557f50}: 'void java.lang.invoke.DirectMethodHandle$Holder.invokeVirtual(java.lang.Object, java.lang.Object)'> (0x000000008c557f50) 
thrown [s\src\hotspot\share\interpreter\linkResolver.cpp, line 784]
Event: 2.464 Thread 0x0000026249404e50 Exception <a 'java/lang/NoSuchMethodError'{0x000000008ba72878}: 'int java.lang.invoke.DirectMethodHandle$Holder.invokeStaticInit(java.lang.Object)'> (0x000000008ba72878) 
thrown [s\src\hotspot\share\interpreter\linkResolver.cpp, line 784]
Event: 2.492 Thread 0x00000262442acb10 Exception <a 'sun/nio/fs/WindowsException'{0x000000008b8e76f0}> (0x000000008b8e76f0) 
thrown [s\src\hotspot\share\prims\jni.cpp, line 535]
Event: 2.532 Thread 0x0000026249406f20 Exception <a 'sun/nio/fs/WindowsException'{0x000000008b3085a8}> (0x000000008b3085a8) 
thrown [s\src\hotspot\share\prims\jni.cpp, line 535]
Event: 2.532 Thread 0x0000026249406f20 Exception <a 'sun/nio/fs/WindowsException'{0x000000008b308980}> (0x000000008b308980) 
thrown [s\src\hotspot\share\prims\jni.cpp, line 535]
Event: 2.628 Thread 0x0000026249406f20 Exception <a 'java/lang/UnsatisfiedLinkError'{0x000000008a9d8988}: Impossível localizar o procedimento especificado.
> (0x000000008a9d8988) 
thrown [s\src\hotspot\share\prims\jni.cpp, line 554]
Event: 2.685 Thread 0x0000026249406f20 Exception <a 'java/lang/UnsatisfiedLinkError'{0x000000008fbde420}: Impossível localizar o procedimento especificado.
> (0x000000008fbde420) 
thrown [s\src\hotspot\share\prims\jni.cpp, line 554]
Event: 2.685 Thread 0x0000026249406f20 Exception <a 'java/lang/UnsatisfiedLinkError'{0x000000008fbdf498}: Impossível localizar o procedimento especificado.
> (0x000000008fbdf498) 
thrown [s\src\hotspot\share\prims\jni.cpp, line 554]

ZGC Phase Switch (0 events):
No events

VM Operations (20 events):
Event: 2.277 Executing VM operation: HandshakeAllThreads (Deoptimize) done
Event: 2.278 Executing VM operation: HandshakeAllThreads (Deoptimize)
Event: 2.297 Executing VM operation: HandshakeAllThreads (Deoptimize) done
Event: 2.344 Executing VM operation: HandshakeAllThreads (Deoptimize)
Event: 2.369 Executing VM operation: HandshakeAllThreads (Deoptimize) done
Event: 2.436 Executing VM operation: HandshakeAllThreads (Deoptimize)
Event: 2.450 Executing VM operation: HandshakeAllThreads (Deoptimize) done
Event: 2.538 Executing VM operation: ICBufferFull
Event: 2.539 Executing VM operation: ICBufferFull done
Event: 2.637 Executing VM operation: CollectForMetadataAllocation (Metadata GC Threshold)
Event: 2.666 Executing VM operation: CollectForMetadataAllocation (Metadata GC Threshold) done
Event: 2.666 Executing VM operation: CollectForMetadataAllocation (Metadata GC Threshold)
Event: 2.667 Executing VM operation: CollectForMetadataAllocation (Metadata GC Threshold) done
Event: 2.690 Executing VM operation: CollectForMetadataAllocation (Metadata GC Threshold)
Event: 2.703 Executing VM operation: CollectForMetadataAllocation (Metadata GC Threshold) done
Event: 2.703 Executing VM operation: CollectForMetadataAllocation (Metadata GC Threshold)
Event: 2.710 Executing VM operation: CollectForMetadataAllocation (Metadata GC Threshold) done
Event: 2.711 Executing VM operation: CollectForMetadataAllocation (Metadata GC Threshold)
Event: 2.711 Executing VM operation: CollectForMetadataAllocation (Metadata GC Threshold) done
Event: 2.744 Executing VM operation: CollectForMetadataAllocation (Metadata GC Threshold)

Events (20 events):
Event: 1.245 Thread 0x0000026244211520 flushing nmethod 0x000002622ecb5c10
Event: 1.245 Thread 0x0000026244211520 flushing nmethod 0x000002622eca5490
Event: 1.245 Thread 0x0000026244211520 flushing nmethod 0x000002622ecbbf10
Event: 1.245 Thread 0x0000026244211520 flushing nmethod 0x000002622ecc4110
Event: 1.245 Thread 0x0000026244211520 flushing nmethod 0x000002622ecba810
Event: 1.245 Thread 0x0000026244211520 flushing nmethod 0x000002622ec9d210
Event: 1.245 Thread 0x0000026244211520 flushing nmethod 0x000002622ec9cb10
Event: 1.245 Thread 0x0000026244211520 flushing nmethod 0x000002622ec9bb10
Event: 1.245 Thread 0x0000026244211520 flushing nmethod 0x000002622ec98890
Event: 1.245 Thread 0x0000026244211520 flushing nmethod 0x000002622ec7a590
Event: 1.245 Thread 0x0000026244211520 flushing nmethod 0x000002622ec7a190
Event: 1.245 Thread 0x0000026244211520 flushing nmethod 0x000002622ec78190
Event: 1.269 Thread 0x00000262494075b0 Thread added: 0x00000262494075b0
Event: 1.311 Thread 0x0000026249403aa0 Thread added: 0x0000026249403aa0
Event: 1.465 Thread 0x0000026249404130 Thread added: 0x0000026249404130
Event: 1.570 Thread 0x000002626c5f9680 Thread added: 0x000002626c5f9680
Event: 1.818 Thread 0x000002626c5f82d0 Thread added: 0x000002626c5f82d0
Event: 2.249 Thread 0x000002626c5f6200 Thread added: 0x000002626c5f6200
Event: 2.249 Thread 0x000002626c5fa3a0 Thread added: 0x000002626c5fa3a0
Event: 2.254 Thread 0x000002626c5f5b70 Thread added: 0x000002626c5f5b70


Dynamic libraries:
0x00007ff6dd650000 - 0x00007ff6dd7bc000 	C:\Program Files\JetBrains\PyCharm 2024.2\bin\pycharm64.exe
0x00007ffd07cd0000 - 0x00007ffd07ec8000 	C:\WINDOWS\SYSTEM32\ntdll.dll
0x00007ffce6000000 - 0x00007ffce601a000 	C:\Program Files\Avast Software\Avast\aswhook.dll
0x00007ffd07840000 - 0x00007ffd07902000 	C:\WINDOWS\System32\KERNEL32.DLL
0x00007ffd05870000 - 0x00007ffd05b6e000 	C:\WINDOWS\System32\KERNELBASE.dll
0x00007ffd05f50000 - 0x00007ffd06001000 	C:\WINDOWS\System32\ADVAPI32.dll
0x00007ffd074d0000 - 0x00007ffd0756e000 	C:\WINDOWS\System32\msvcrt.dll
0x00007ffd06ac0000 - 0x00007ffd06b5f000 	C:\WINDOWS\System32\sechost.dll
0x00007ffd06f30000 - 0x00007ffd07053000 	C:\WINDOWS\System32\RPCRT4.dll
0x00007ffd053e0000 - 0x00007ffd05407000 	C:\WINDOWS\System32\bcrypt.dll
0x00007ffd06c30000 - 0x00007ffd06cfd000 	C:\WINDOWS\System32\OLEAUT32.dll
0x00007ffd05b70000 - 0x00007ffd05c0d000 	C:\WINDOWS\System32\msvcp_win.dll
0x00007ffd05410000 - 0x00007ffd05510000 	C:\WINDOWS\System32\ucrtbase.dll
0x00007ffd03670000 - 0x00007ffd03854000 	C:\WINDOWS\SYSTEM32\dbghelp.dll
0x00007ffd07930000 - 0x00007ffd07c83000 	C:\WINDOWS\System32\combase.dll
0x00007ffd06350000 - 0x00007ffd06abd000 	C:\WINDOWS\System32\SHELL32.dll
0x00007ffd076a0000 - 0x00007ffd0783d000 	C:\WINDOWS\System32\USER32.dll
0x00007ffd05630000 - 0x00007ffd05652000 	C:\WINDOWS\System32\win32u.dll
0x00007ffd06b70000 - 0x00007ffd06b9b000 	C:\WINDOWS\System32\GDI32.dll
0x00007ffd05510000 - 0x00007ffd05627000 	C:\WINDOWS\System32\gdi32full.dll
0x00007ffd05220000 - 0x00007ffd0524e000 	C:\WINDOWS\SYSTEM32\USERENV.dll
0x00007ffce4860000 - 0x00007ffce4887000 	C:\WINDOWS\SYSTEM32\WINMM.dll
0x00007ffd04b60000 - 0x00007ffd04b6c000 	C:\WINDOWS\SYSTEM32\CRYPTBASE.DLL
0x00007ffd05f20000 - 0x00007ffd05f4f000 	C:\WINDOWS\System32\IMM32.DLL
0x00007ffd02df0000 - 0x00007ffd03594000 	C:\WINDOWS\SYSTEM32\windows.storage.dll
0x00007ffd04bf0000 - 0x00007ffd04c1e000 	C:\WINDOWS\SYSTEM32\Wldp.dll
0x00007ffd06e80000 - 0x00007ffd06f2d000 	C:\WINDOWS\System32\SHCORE.dll
0x00007ffd06e20000 - 0x00007ffd06e75000 	C:\WINDOWS\System32\shlwapi.dll
0x00007ffd052a0000 - 0x00007ffd052c4000 	C:\WINDOWS\SYSTEM32\profapi.dll
0x00007ffd04560000 - 0x00007ffd04593000 	C:\WINDOWS\SYSTEM32\ntmarta.dll
0x00007ffc92c80000 - 0x00007ffc93a32000 	C:\Program Files\JetBrains\PyCharm 2024.2\jbr\bin\server\jvm.dll
0x00007ffd06220000 - 0x00007ffd0628b000 	C:\WINDOWS\System32\WS2_32.dll
0x00007ffd04cf0000 - 0x00007ffd04d3b000 	C:\WINDOWS\SYSTEM32\POWRPROF.dll
0x00007ffcf1410000 - 0x00007ffcf142b000 	C:\Program Files\JetBrains\PyCharm 2024.2\jbr\bin\VCRUNTIME140.dll
0x00007ffd02310000 - 0x00007ffd0231a000 	C:\WINDOWS\SYSTEM32\VERSION.dll
0x00007ffcf7540000 - 0x00007ffcf754c000 	C:\Program Files\JetBrains\PyCharm 2024.2\jbr\bin\VCRUNTIME140_1.dll
0x00007ffd04cd0000 - 0x00007ffd04ce2000 	C:\WINDOWS\SYSTEM32\UMPDC.dll
0x00007ffcf63b0000 - 0x00007ffcf63ba000 	C:\Program Files\JetBrains\PyCharm 2024.2\jbr\bin\jimage.dll
0x00007ffcf8cf0000 - 0x00007ffcf8d24000 	C:\WINDOWS\SYSTEM32\dbgcore.DLL
0x00007ffd05c60000 - 0x00007ffd05ce2000 	C:\WINDOWS\System32\bcryptPrimitives.dll
0x00007ffcf13f0000 - 0x00007ffcf140f000 	C:\Program Files\JetBrains\PyCharm 2024.2\jbr\bin\java.dll
0x00007ffd03970000 - 0x00007ffd03982000 	C:\WINDOWS\SYSTEM32\kernel.appcore.dll
0x00007ffcf13a0000 - 0x00007ffcf13b8000 	C:\Program Files\JetBrains\PyCharm 2024.2\jbr\bin\zip.dll
0x00007ffcf5020000 - 0x00007ffcf5030000 	C:\Program Files\JetBrains\PyCharm 2024.2\jbr\bin\net.dll
0x00007ffd01200000 - 0x00007ffd0130d000 	C:\WINDOWS\SYSTEM32\WINHTTP.dll
0x00007ffd049d0000 - 0x00007ffd04a3a000 	C:\WINDOWS\system32\mswsock.dll
0x00007ffcf1330000 - 0x00007ffcf1346000 	C:\Program Files\JetBrains\PyCharm 2024.2\jbr\bin\nio.dll
0x00007ffcf13e0000 - 0x00007ffcf13f0000 	C:\Program Files\JetBrains\PyCharm 2024.2\jbr\bin\verify.dll
0x00007ffcc5b60000 - 0x00007ffcc5cf8000 	C:\Program Files\JetBrains\PyCharm 2024.2\jbr\bin\awt.dll
0x00007ffd028f0000 - 0x00007ffd0291f000 	C:\WINDOWS\SYSTEM32\dwmapi.dll
0x00007ffcf12e0000 - 0x00007ffcf1324000 	C:\Program Files\JetBrains\PyCharm 2024.2\jbr\bin\nvdaControllerClient64.dll
0x00007ffcc5ed0000 - 0x00007ffcc5f5d000 	C:\Program Files\JetBrains\PyCharm 2024.2\bin\MSVCP140.dll
0x00007ffd00bb0000 - 0x00007ffd00c44000 	C:\WINDOWS\SYSTEM32\apphelp.dll
0x00007ffcf12d0000 - 0x00007ffcf12de000 	C:\Program Files\JetBrains\PyCharm 2024.2\jbr\bin\sunmscapi.dll
0x00007ffd05660000 - 0x00007ffd057bc000 	C:\WINDOWS\System32\CRYPT32.dll
0x00007ffd04e10000 - 0x00007ffd04e37000 	C:\WINDOWS\SYSTEM32\ncrypt.dll
0x00007ffd04dd0000 - 0x00007ffd04e0b000 	C:\WINDOWS\SYSTEM32\NTASN1.dll
0x00007ffcf12c0000 - 0x00007ffcf12c9000 	C:\Program Files\JetBrains\PyCharm 2024.2\jbr\bin\prefs.dll
0x00007ffc85050000 - 0x00007ffc85057000 	C:\WINDOWS\system32\wshunix.dll
0x00007ffcdc990000 - 0x00007ffcdca40000 	C:\WINDOWS\WinSxS\amd64_microsoft.windows.common-controls_6595b64144ccf1df_5.82.19041.4355_none_792ecafd2442822f\COMCTL32.dll
0x00007ffd04c90000 - 0x00007ffd04ca8000 	C:\WINDOWS\SYSTEM32\CRYPTSP.dll
0x00007ffd04310000 - 0x00007ffd04344000 	C:\WINDOWS\system32\rsaenh.dll
0x00007ffd02680000 - 0x00007ffd0271e000 	C:\WINDOWS\system32\uxtheme.dll
0x00007ffd06d00000 - 0x00007ffd06e15000 	C:\WINDOWS\System32\MSCTF.dll
0x00007ffd07570000 - 0x00007ffd0769b000 	C:\WINDOWS\System32\ole32.dll
0x00007ffd046d0000 - 0x00007ffd0470b000 	C:\WINDOWS\SYSTEM32\IPHLPAPI.DLL
0x00007ffd05f10000 - 0x00007ffd05f18000 	C:\WINDOWS\System32\NSI.dll
0x00007ffcc5ad0000 - 0x00007ffcc5b57000 	C:\Program Files\JetBrains\PyCharm 2024.2\jbr\bin\freetype.dll
0x00007ffcb85e0000 - 0x00007ffcb86c5000 	C:\Program Files\JetBrains\PyCharm 2024.2\jbr\bin\fontmanager.dll
0x00007ffcf12b0000 - 0x00007ffcf12b9000 	C:\Program Files\JetBrains\PyCharm 2024.2\jbr\bin\extnet.dll
0x00007ffcc78b0000 - 0x00007ffcc78f5000 	C:\Program Files\JetBrains\PyCharm 2024.2\lib\jna\amd64\jnidispatch.dll
0x00007ffd06b60000 - 0x00007ffd06b68000 	C:\WINDOWS\System32\PSAPI.DLL
0x00007ffcdab30000 - 0x00007ffcdac58000 	C:\WINDOWS\system32\opengl32.dll
0x00007ffcee930000 - 0x00007ffcee95c000 	C:\WINDOWS\SYSTEM32\GLU32.dll
0x00007ffcf12a0000 - 0x00007ffcf12a9000 	C:\Program Files\JetBrains\PyCharm 2024.2\jbr\bin\management.dll
0x00007ffcf1290000 - 0x00007ffcf129b000 	C:\Program Files\JetBrains\PyCharm 2024.2\jbr\bin\management_ext.dll
0x00007ffd04f30000 - 0x00007ffd04f42000 	C:\WINDOWS\SYSTEM32\MSASN1.dll

dbghelp: loaded successfully - version: 4.0.5 - missing functions: none
symbol engine: initialized successfully - sym options: 0x614 - pdb path: .;C:\Program Files\JetBrains\PyCharm 2024.2\bin;C:\WINDOWS\SYSTEM32;C:\Program Files\Avast Software\Avast;C:\Program Files\JetBrains\PyCharm 2024.2\jbr\bin\server;C:\Program Files\JetBrains\PyCharm 2024.2\jbr\bin;C:\WINDOWS\WinSxS\amd64_microsoft.windows.common-controls_6595b64144ccf1df_5.82.19041.4355_none_792ecafd2442822f;C:\Program Files\JetBrains\PyCharm 2024.2\lib\jna\amd64

VM Arguments:
jvm_args: abort vfprintf -XX:ErrorFile=C:\Users\Priza -Crédito\java_error_in_pycharm_%p.log -XX:HeapDumpPath=C:\Users\Priza -Crédito\java_error_in_pycharm.hprof -Xms256m -Xmx2048m -XX:+HeapDumpOnOutOfMemoryError -XX:-OmitStackTraceInFastThrow -XX:+IgnoreUnrecognizedVMOptions -ea -Dsun.io.useCanonCaches=false -Dsun.java2d.metal=true -Djbr.catch.SIGABRT=true -Djdk.http.auth.tunneling.disabledSchemes="" -Djdk.attach.allowAttachSelf=true -Djdk.module.illegalAccess.silent=true -Dkotlinx.coroutines.debug=off -XX:CICompilerCount=2 -XX:ReservedCodeCacheSize=512m -XX:+UnlockDiagnosticVMOptions -XX:TieredOldPercentage=100000 -Djb.vmOptionsFile=C:\Users\Priza -Crédito\AppData\Roaming\JetBrains\PyCharm2024.2\pycharm64.exe.vmoptions -Djava.system.class.loader=com.intellij.util.lang.PathClassLoader -Didea.vendor.name=JetBrains -Didea.paths.selector=PyCharm2024.2 -Djna.boot.library.path=C:\Program Files\JetBrains\PyCharm 2024.2/lib/jna/amd64 -Dpty4j.preferred.native.folder=C:\Program Files\JetBrains\PyCharm 2024.2/lib/pty4j -Djna.nosys=true -Djna.noclasspath=true -Dintellij.platform.runtime.repository.path=C:\Program Files\JetBrains\PyCharm 2024.2/modules/module-descriptors.jar -Didea.platform.prefix=Python -Dsplash=true -Daether.connector.resumeDownloads=false --add-opens=java.base/java.io=ALL-UNNAMED --add-opens=java.base/java.lang=ALL-UNNAMED --add-opens=java.base/java.lang.ref=ALL-UNNAMED --add-opens=java.base/java.lang.reflect=ALL-UNNAMED --add-opens=java.base/java.net=ALL-UNNAMED --add-opens=java.base/java.nio=ALL-UNNAMED --add-opens=java.base/java.nio.charset=ALL-UNNAMED --add-opens=java.base/java.text=ALL-UNNAMED --add-opens=java.base/java.time=ALL-UNNAMED --add-opens=java.base/java.util=ALL-UNNAMED --add-opens=java.base/java.util.concurrent=ALL-UNNAMED --add-opens=java.base/java.util.concurrent.atomic=ALL-UNNAMED --add-opens=java.base/java.util.concurrent.locks=ALL-UNNAMED --add-opens=java.base/jdk.internal.vm=ALL-UNNAMED --add-opens=java.base/sun.net.dns=ALL-UNNAMED --add-opens=java.base/sun.nio.ch=ALL-UNNAMED --add-opens=java.base/sun.nio.fs=ALL-UNNAMED --add-opens=java.base/sun.security.ssl=ALL-UNNAMED --add-opens=java.base/sun.security.util=ALL-UNNAMED --add-opens=java.desktop/com.sun.java.swing=ALL-UNNAMED --add-opens=java.desktop/java.awt=ALL-UNNAMED --add-opens=java.desktop/java.awt.dnd.peer=ALL-UNNAMED --add-opens=java.desktop/java.awt.event=ALL-UNNAMED --add-opens=java.desktop/java.awt.font=ALL-UNNAMED --add-opens=java.desktop/java.awt.image=ALL-UNNAMED --add-opens=java.desktop/java.awt.peer=ALL-UNNAMED --add-opens=java.desktop/javax.swing=ALL-UNNAMED --add-opens=java.desktop/javax.swing.plaf.basic=ALL-UNNAMED --add-opens=java.desktop/javax.swing.text=ALL-UNNAMED --add-opens=java.desktop/javax.swing.text.html=ALL-UNNAMED --add-opens=java.desktop/sun.awt=ALL-UNNAMED --add-opens=java.desktop/sun.awt.datatransfer=ALL-UNNAMED --add-opens=java.desktop/sun.awt.image=ALL-UNNAMED --add-opens=java.desktop/sun.awt.windows=ALL-UNNAMED --add-opens=java.desktop/sun.font=ALL-UNNAMED --add-opens=java.desktop/sun.java2d=ALL-UNNAMED --add-opens=java.desktop/sun.swing=ALL-UNNAMED --add-opens=java.management/sun.management=ALL-UNNAMED --add-opens=jdk.attach/sun.tools.attach=ALL-UNNAMED --add-opens=jdk.compiler/com.sun.tools.javac.api=ALL-UNNAMED --add-opens=jdk.internal.jvmstat/sun.jvmstat.monitor=ALL-UNNAMED --add-opens=jdk.jdi/com.sun.tools.jdi=ALL-UNNAMED -Dide.native.launcher=true -Djcef.sandbox.ptr=0000026218549460 -Djcef.sandbox.cefVersion=122.1.9+gd14e051+chromium-122.0.6261.94 
java_command: com.intellij.idea.Main C:\Users\Priza -Crédito\OneDrive\Documentos\Ambiente de Trabalho\EMANUEL PASCOAL PRIZA\mYstuffs\Projectos\Sistema Control_Inadimplência\main.py
java_class_path (initial): C:\Program Files\JetBrains\PyCharm 2024.2\lib\platform-loader.jar;C:\Program Files\JetBrains\PyCharm 2024.2\lib\util-8.jar;C:\Program Files\JetBrains\PyCharm 2024.2\lib\util.jar;C:\Program Files\JetBrains\PyCharm 2024.2\lib\app-client.jar;C:\Program Files\JetBrains\PyCharm 2024.2\lib\util_rt.jar;C:\Program Files\JetBrains\PyCharm 2024.2\lib\product.jar;C:\Program Files\JetBrains\PyCharm 2024.2\lib\opentelemetry.jar;C:\Program Files\JetBrains\PyCharm 2024.2\lib\app.jar;C:\Program Files\JetBrains\PyCharm 2024.2\lib\product-client.jar;C:\Program Files\JetBrains\PyCharm 2024.2\lib\lib-client.jar;C:\Program Files\JetBrains\PyCharm 2024.2\lib\stats.jar;C:\Program Files\JetBrains\PyCharm 2024.2\lib\jps-model.jar;C:\Program Files\JetBrains\PyCharm 2024.2\lib\external-system-rt.jar;C:\Program Files\JetBrains\PyCharm 2024.2\lib\rd.jar;C:\Program Files\JetBrains\PyCharm 2024.2\lib\bouncy-castle.jar;C:\Program Files\JetBrains\PyCharm 2024.2\lib\protobuf.jar;C:\Program Files\JetBrains\PyCharm 2024.2\lib\forms_rt.jar;C:\Program Files\JetBrains\PyCharm 2024.2\lib\lib.jar;C:\Program Files\JetBrains\PyCharm 2024.2\lib\externalProcess-rt.jar;C:\Program Files\JetBrains\PyCharm 2024.2\lib\groovy.jar;C:\Program Files\JetBrains\PyCharm 2024.2\lib\annotations.jar;C:\Program Files\JetBrains\PyCharm 2024.2\lib\jsch-agent.jar;C:\Program Files\JetBrains\PyCharm 2024.2\lib\junit4.jar;C:\Program Files\JetBrains\PyCharm 2024.2\lib\nio-fs.jar;C:\Program Files\JetBrains\PyCharm 2024.2\lib\trove.jar
Launcher Type: generic

[Global flags]
     intx CICompilerCount                          = 2                                         {product} {command line}
     uint ConcGCThreads                            = 2                                         {product} {ergonomic}
    ccstr ErrorFile                                = C:\Users\Priza -Crédito\java_error_in_pycharm_%p.log            {product} {command line}
     uint G1ConcRefinementThreads                  = 8                                         {product} {ergonomic}
   size_t G1HeapRegionSize                         = 1048576                                   {product} {ergonomic}
    uintx GCDrainStackTargetSize                   = 64                                        {product} {ergonomic}
     bool HeapDumpOnOutOfMemoryError               = true                                   {manageable} {command line}
    ccstr HeapDumpPath                             = C:\Users\Priza -Crédito\java_error_in_pycharm.hprof         {manageable} {command line}
     bool IgnoreUnrecognizedVMOptions              = true                                      {product} {command line}
   size_t InitialHeapSize                          = 268435456                                 {product} {command line}
   size_t MarkStackSize                            = 4194304                                   {product} {ergonomic}
   size_t MaxHeapSize                              = 2147483648                                {product} {command line}
   size_t MaxNewSize                               = 1287651328                                {product} {ergonomic}
   size_t MinHeapDeltaBytes                        = 1048576                                   {product} {ergonomic}
   size_t MinHeapSize                              = 268435456                                 {product} {command line}
    uintx NonNMethodCodeHeapSize                   = 5826188                                {pd product} {ergonomic}
    uintx NonProfiledCodeHeapSize                  = 265522362                              {pd product} {ergonomic}
     bool OmitStackTraceInFastThrow                = false                                     {product} {command line}
    uintx ProfiledCodeHeapSize                     = 265522362                              {pd product} {ergonomic}
    uintx ReservedCodeCacheSize                    = 536870912                              {pd product} {command line}
     bool SegmentedCodeCache                       = true                                      {product} {ergonomic}
   size_t SoftMaxHeapSize                          = 2147483648                             {manageable} {ergonomic}
     intx TieredOldPercentage                      = 100000                                 {diagnostic} {command line}
     bool UnlockDiagnosticVMOptions                = true                                   {diagnostic} {command line}
     bool UseCompressedOops                        = true                           {product lp64_product} {ergonomic}
     bool UseG1GC                                  = true                                      {product} {ergonomic}
     bool UseLargePagesIndividualAllocation        = false                                  {pd product} {ergonomic}

Logging:
Log output configuration:
 #0: stdout all=warning uptime,level,tags foldmultilines=false
 #1: stderr all=off uptime,level,tags foldmultilines=false

Environment Variables:
PATH=C:\WINDOWS\system32;C:\WINDOWS;C:\WINDOWS\System32\Wbem;C:\WINDOWS\System32\WindowsPowerShell\v1.0\;C:\WINDOWS\System32\OpenSSH\;C:\Program Files\dotnet\;C:\Users\Priza -Crdito\AppData\Local\Programs\Python\Python312\Scripts\;C:\Users\Priza -Crdito\AppData\Local\Programs\Python\Python312\;C:\Users\Priza -Crdito\AppData\Local\Microsoft\WindowsApps;C:\Users\Priza -Crdito\AppData\Local\Programs\Microsoft VS Code\bin
USERNAME=Priza -Crdito
OS=Windows_NT
PROCESSOR_IDENTIFIER=Intel64 Family 6 Model 140 Stepping 1, GenuineIntel
TMP=C:\Users\PRIZA-~1\AppData\Local\Temp
TEMP=C:\Users\PRIZA-~1\AppData\Local\Temp




Periodic native trim disabled

JNI global refs:
JNI global refs: 95, weak refs: 82

JNI global refs memory usage: 1467, weak refs: 1465

Process memory usage:
Resident Set Size: 384916K (4% of 8183096K total physical memory with 67180K free physical memory)

OOME stack traces (most recent first):
Classloader memory used:
Loader com.intellij.util.lang.PathClassLoader                                          : 34866K
Loader bootstrap                                                                       : 26099K
Loader com.intellij.ide.plugins.cl.PluginClassLoader                                   : 1799K
Loader jdk.internal.loader.ClassLoaders$AppClassLoader                                 : 327K
Loader jdk.internal.loader.ClassLoaders$PlatformClassLoader                            : 231K

---------------  S Y S T E M  ---------------

OS:
 Windows 10 , 64 bit Build 19041 (10.0.19041.5072)
OS uptime: 22 days 23:49 hours
Hyper-V role detected

CPU: total 8 (initial active 8) (4 cores per cpu, 2 threads per core) family 6 model 140 stepping 1 microcode 0x66, cx8, cmov, fxsr, ht, mmx, 3dnowpref, sse, sse2, sse3, ssse3, sse4.1, sse4.2, popcnt, lzcnt, tsc, tscinvbit, avx, avx2, aes, erms, clmul, bmi1, bmi2, adx, avx512f, avx512dq, avx512cd, avx512bw, avx512vl, sha, fma, vzeroupper, avx512_vpopcntdq, avx512_vpclmulqdq, avx512_vaes, avx512_vnni, clflush, clflushopt, clwb, avx512_vbmi2, avx512_vbmi, hv, rdtscp, rdpid, fsrm, gfni, avx512_bitalg, f16c, cet_ibt, cet_ss, avx512_ifma
Processor Information for all 8 processors :
  Max Mhz: 2419, Current Mhz: 2419, Mhz Limit: 2419

Memory: 4k page, system-wide physical 7991M (63M free)
TotalPageFile size 32567M (AvailPageFile size 116M)
current process WorkingSet (physical memory assigned to process): 376M, peak: 378M
current process commit charge ("private bytes"): 463M, peak: 738M

vm_info: OpenJDK 64-Bit Server VM (21.0.3+13-b509.4) for windows-amd64 JRE (21.0.3+13-b509.4), built on 2024-06-26 by "builduser" with MS VC++ 16.10 / 16.11 (VS2019)

END.
