#
# There is insufficient memory for the Java Runtime Environment to continue.
# Native memory allocation (mmap) failed to map 407896064 bytes. Error detail: G1 virtual space
# Possible reasons:
#   The system is out of physical RAM or swap space
#   This process is running with CompressedOops enabled, and the Java Heap may be blocking the growth of the native heap
# Possible solutions:
#   Reduce memory load on the system
#   Increase physical memory or swap space
#   Check if swap backing store is full
#   Decrease Java heap size (-Xmx/-Xms)
#   Decrease number of Java threads
#   Decrease Java thread stack sizes (-Xss)
#   Set larger code cache with -XX:ReservedCodeCacheSize=
#   JVM is running with Unscaled Compressed Oops mode in which the Java heap is
#     placed in the first 4GB address space. The Java Heap base address is the
#     maximum limit for the native heap growth. Please use -XX:HeapBaseMinAddress
#     to set the Java Heap base and to place the Java Heap above 4GB virtual address.
# This output file may be truncated or incomplete.
#
#  Out of Memory Error (os_windows.cpp:3815), pid=146540, tid=149656
#
# JRE version: OpenJDK Runtime Environment JBR-21.0.3+13-509.4-jcef (21.0.3+13) (build 21.0.3+13-b509.4)
# Java VM: OpenJDK 64-Bit Server VM JBR-21.0.3+13-509.4-jcef (21.0.3+13-b509.4, mixed mode, tiered, compressed oops, compressed class ptrs, g1 gc, windows-amd64)
# No core dump will be written. Minidumps are not enabled by default on client versions of Windows
#

---------------  S U M M A R Y ------------

Command Line: abort vfprintf -XX:ErrorFile=C:\Users\Priza -Crédito\java_error_in_pycharm_%p.log -XX:HeapDumpPath=C:\Users\Priza -Crédito\java_error_in_pycharm.hprof -Xms256m -Xmx2048m -XX:+HeapDumpOnOutOfMemoryError -XX:-OmitStackTraceInFastThrow -XX:+IgnoreUnrecognizedVMOptions -ea -Dsun.io.useCanonCaches=false -Dsun.java2d.metal=true -Djbr.catch.SIGABRT=true -Djdk.http.auth.tunneling.disabledSchemes="" -Djdk.attach.allowAttachSelf=true -Djdk.module.illegalAccess.silent=true -Dkotlinx.coroutines.debug=off -XX:CICompilerCount=2 -XX:ReservedCodeCacheSize=512m -XX:+UnlockDiagnosticVMOptions -XX:TieredOldPercentage=100000 -Djb.vmOptionsFile=C:\Users\Priza -Crédito\AppData\Roaming\JetBrains\PyCharm2024.2\pycharm64.exe.vmoptions -Djava.system.class.loader=com.intellij.util.lang.PathClassLoader -Didea.vendor.name=JetBrains -Didea.paths.selector=PyCharm2024.2 -Djna.boot.library.path=C:\Program Files\JetBrains\PyCharm 2024.2/lib/jna/amd64 -Dpty4j.preferred.native.folder=C:\Program Files\JetBrains\PyCharm 2024.2/lib/pty4j -Djna.nosys=true -Djna.noclasspath=true -Dintellij.platform.runtime.repository.path=C:\Program Files\JetBrains\PyCharm 2024.2/modules/module-descriptors.jar -Didea.platform.prefix=Python -Dsplash=true -Daether.connector.resumeDownloads=false --add-opens=java.base/java.io=ALL-UNNAMED --add-opens=java.base/java.lang=ALL-UNNAMED --add-opens=java.base/java.lang.ref=ALL-UNNAMED --add-opens=java.base/java.lang.reflect=ALL-UNNAMED --add-opens=java.base/java.net=ALL-UNNAMED --add-opens=java.base/java.nio=ALL-UNNAMED --add-opens=java.base/java.nio.charset=ALL-UNNAMED --add-opens=java.base/java.text=ALL-UNNAMED --add-opens=java.base/java.time=ALL-UNNAMED --add-opens=java.base/java.util=ALL-UNNAMED --add-opens=java.base/java.util.concurrent=ALL-UNNAMED --add-opens=java.base/java.util.concurrent.atomic=ALL-UNNAMED --add-opens=java.base/java.util.concurrent.locks=ALL-UNNAMED --add-opens=java.base/jdk.internal.vm=ALL-UNNAMED --add-opens=java.base/sun.net.dns=ALL-UNNAMED --add-opens=java.base/sun.nio.ch=ALL-UNNAMED --add-opens=java.base/sun.nio.fs=ALL-UNNAMED --add-opens=java.base/sun.security.ssl=ALL-UNNAMED --add-opens=java.base/sun.security.util=ALL-UNNAMED --add-opens=java.desktop/com.sun.java.swing=ALL-UNNAMED --add-opens=java.desktop/java.awt=ALL-UNNAMED --add-opens=java.desktop/java.awt.dnd.peer=ALL-UNNAMED --add-opens=java.desktop/java.awt.event=ALL-UNNAMED --add-opens=java.desktop/java.awt.font=ALL-UNNAMED --add-opens=java.desktop/java.awt.image=ALL-UNNAMED --add-opens=java.desktop/java.awt.peer=ALL-UNNAMED --add-opens=java.desktop/javax.swing=ALL-UNNAMED --add-opens=java.desktop/javax.swing.plaf.basic=ALL-UNNAMED --add-opens=java.desktop/javax.swing.text=ALL-UNNAMED --add-opens=java.desktop/javax.swing.text.html=ALL-UNNAMED --add-opens=java.desktop/sun.awt=ALL-UNNAMED --add-opens=java.desktop/sun.awt.datatransfer=ALL-UNNAMED --add-opens=java.desktop/sun.awt.image=ALL-UNNAMED --add-opens=java.desktop/sun.awt.windows=ALL-UNNAMED --add-opens=java.desktop/sun.font=ALL-UNNAMED --add-opens=java.desktop/sun.java2d=ALL-UNNAMED --add-opens=java.desktop/sun.swing=ALL-UNNAMED --add-opens=java.management/sun.management=ALL-UNNAMED --add-opens=jdk.attach/sun.tools.attach=ALL-UNNAMED --add-opens=jdk.compiler/com.sun.tools.javac.api=ALL-UNNAMED --add-opens=jdk.internal.jvmstat/sun.jvmstat.monitor=ALL-UNNAMED --add-opens=jdk.jdi/com.sun.tools.jdi=ALL-UNNAMED -Dide.native.launcher=true -Djcef.sandbox.ptr=000002CB0EECFD90 -Djcef.sandbox.cefVersion=122.1.9+gd14e051+chromium-122.0.6261.94 com.intellij.idea.Main C:\Users\Priza -Crédito\OneDrive\Documentos\Ambiente de Trabalho\EMANUEL PASCOAL PRIZA\mYstuffs\Projectos\Sistema Control_Inadimplência\main.py

Host: 11th Gen Intel(R) Core(TM) i5-1135G7 @ 2.40GHz, 8 cores, 7G,  Windows 10 , 64 bit Build 19041 (10.0.19041.5072)
Time: Thu Dec 12 15:15:10 2024 Hora Universal Coordenada elapsed time: 2.341713 seconds (0d 0h 0m 2s)

---------------  T H R E A D  ---------------

Current thread (0x000002cb3aaaa4f0):  VMThread "VM Thread"          [id=149656, stack(0x000000f50b500000,0x000000f50b600000) (1024K)]

Stack: [0x000000f50b500000,0x000000f50b600000]
Native frames: (J=compiled Java code, j=interpreted, Vv=VM code, C=native code)
V  [jvm.dll+0x6e02e9]
V  [jvm.dll+0x8bd373]
V  [jvm.dll+0x8bf8ce]
V  [jvm.dll+0x8bffb3]
V  [jvm.dll+0x2879b6]
V  [jvm.dll+0x6dcab5]
V  [jvm.dll+0x6d0f8a]
V  [jvm.dll+0x35f9ab]
V  [jvm.dll+0x367556]
V  [jvm.dll+0x3b8b46]
V  [jvm.dll+0x3b8e18]
V  [jvm.dll+0x33216c]
V  [jvm.dll+0x3321f7]
V  [jvm.dll+0x37807c]
V  [jvm.dll+0x37680e]
V  [jvm.dll+0x331871]
V  [jvm.dll+0x335386]
V  [jvm.dll+0x38adf6]
V  [jvm.dll+0x8c5918]
V  [jvm.dll+0x8c6a14]
V  [jvm.dll+0x8c6f50]
V  [jvm.dll+0x8c71e3]
V  [jvm.dll+0x865328]
V  [jvm.dll+0x6deb2d]
C  [ucrtbase.dll+0x21bb2]
C  [KERNEL32.DLL+0x17374]
C  [ntdll.dll+0x4cc91]

VM_Operation (0x000000f50c7fd7b0): CollectForMetadataAllocation, mode: safepoint, requested by thread 0x000002cb3f42e1e0


---------------  P R O C E S S  ---------------

Threads class SMR info:
_java_thread_list=0x000002cb02071c60, length=38, elements={
0x000002cb0eeebdc0, 0x000002cb3ab179f0, 0x000002cb3ab185d0, 0x000002cb3ab1cfe0,
0x000002cb3ab20910, 0x000002cb3ab23d00, 0x000002cb3ab25dd0, 0x000002cb3ab3cf50,
0x000002cb3ab3dba0, 0x000002cb3ab26460, 0x000002cb3ab26af0, 0x000002cb3ab23670,
0x000002cb3ab24a20, 0x000002cb3ab250b0, 0x000002cb3ab25740, 0x000002cb3f42fc20,
0x000002cb3f4330a0, 0x000002cb3f432a10, 0x000002cb3f42e1e0, 0x000002cb3f42e870,
0x000002cb3f433dc0, 0x000002cb3f434450, 0x000002cb3f431cf0, 0x000002cb3f432380,
0x000002cb3f42f590, 0x000002cb3f430fd0, 0x000002cb3f433730, 0x000002cb3f434ae0,
0x000002cb3f42db50, 0x000002cb3f435170, 0x000002cb3f430940, 0x000002cb01a4c5d0,
0x000002cb01a4a500, 0x000002cb01a4d2f0, 0x000002cb01a47da0, 0x000002cb01a4bf40,
0x000002cb01a4e6a0, 0x000002cb01a4ed30
}

Java Threads: ( => current thread )
  0x000002cb0eeebdc0 JavaThread "main"                              [_thread_blocked, id=147116, stack(0x000000f50ad00000,0x000000f50af00000) (2048K)]
  0x000002cb3ab179f0 JavaThread "Reference Handler"          daemon [_thread_blocked, id=141924, stack(0x000000f50b600000,0x000000f50b700000) (1024K)]
  0x000002cb3ab185d0 JavaThread "Finalizer"                  daemon [_thread_blocked, id=140416, stack(0x000000f50b700000,0x000000f50b800000) (1024K)]
  0x000002cb3ab1cfe0 JavaThread "Signal Dispatcher"          daemon [_thread_blocked, id=151152, stack(0x000000f50b800000,0x000000f50b900000) (1024K)]
  0x000002cb3ab20910 JavaThread "Attach Listener"            daemon [_thread_blocked, id=151388, stack(0x000000f50b900000,0x000000f50ba00000) (1024K)]
  0x000002cb3ab23d00 JavaThread "Service Thread"             daemon [_thread_blocked, id=150932, stack(0x000000f50ba00000,0x000000f50bb00000) (1024K)]
  0x000002cb3ab25dd0 JavaThread "Monitor Deflation Thread"   daemon [_thread_blocked, id=106528, stack(0x000000f50bb00000,0x000000f50bc00000) (1024K)]
  0x000002cb3ab3cf50 JavaThread "C2 CompilerThread0"         daemon [_thread_blocked, id=140480, stack(0x000000f50bc00000,0x000000f50bd00000) (1024K)]
  0x000002cb3ab3dba0 JavaThread "C1 CompilerThread0"         daemon [_thread_blocked, id=150404, stack(0x000000f50bd00000,0x000000f50be00000) (1024K)]
  0x000002cb3ab26460 JavaThread "Common-Cleaner"             daemon [_thread_blocked, id=102012, stack(0x000000f50be00000,0x000000f50bf00000) (1024K)]
  0x000002cb3ab26af0 JavaThread "Notification Thread"        daemon [_thread_blocked, id=135084, stack(0x000000f50bf00000,0x000000f50c000000) (1024K)]
  0x000002cb3ab23670 JavaThread "DefaultDispatcher-worker-1" daemon [_thread_blocked, id=134356, stack(0x000000f50c000000,0x000000f50c100000) (1024K)]
  0x000002cb3ab24a20 JavaThread "DefaultDispatcher-worker-2" daemon [_thread_blocked, id=149256, stack(0x000000f50c100000,0x000000f50c200000) (1024K)]
  0x000002cb3ab250b0 JavaThread "DefaultDispatcher-worker-3" daemon [_thread_blocked, id=116436, stack(0x000000f50c200000,0x000000f50c300000) (1024K)]
  0x000002cb3ab25740 JavaThread "DefaultDispatcher-worker-4" daemon [_thread_blocked, id=125172, stack(0x000000f50c300000,0x000000f50c400000) (1024K)]
  0x000002cb3f42fc20 JavaThread "DefaultDispatcher-worker-5" daemon [_thread_blocked, id=111880, stack(0x000000f50c400000,0x000000f50c500000) (1024K)]
  0x000002cb3f4330a0 JavaThread "DefaultDispatcher-worker-6" daemon [_thread_blocked, id=145216, stack(0x000000f50c500000,0x000000f50c600000) (1024K)]
  0x000002cb3f432a10 JavaThread "DefaultDispatcher-worker-7" daemon [_thread_blocked, id=106072, stack(0x000000f50c600000,0x000000f50c700000) (1024K)]
  0x000002cb3f42e1e0 JavaThread "DefaultDispatcher-worker-8" daemon [_thread_blocked, id=147220, stack(0x000000f50c700000,0x000000f50c800000) (1024K)]
  0x000002cb3f42e870 JavaThread "DefaultDispatcher-worker-9" daemon [_thread_blocked, id=149276, stack(0x000000f50c800000,0x000000f50c900000) (1024K)]
  0x000002cb3f433dc0 JavaThread "DefaultDispatcher-worker-10" daemon [_thread_blocked, id=86516, stack(0x000000f50d000000,0x000000f50d100000) (1024K)]
  0x000002cb3f434450 JavaThread "Java2D Disposer"            daemon [_thread_blocked, id=129208, stack(0x000000f50d100000,0x000000f50d200000) (1024K)]
  0x000002cb3f431cf0 JavaThread "AWT-Shutdown"                      [_thread_blocked, id=127596, stack(0x000000f50d200000,0x000000f50d300000) (1024K)]
  0x000002cb3f432380 JavaThread "AWT-Windows"                daemon [_thread_in_native, id=134704, stack(0x000000f50d300000,0x000000f50d400000) (1024K)]
  0x000002cb3f42f590 JavaThread "AWT-EventQueue-0"                  [_thread_blocked, id=107368, stack(0x000000f50d500000,0x000000f50d600000) (1024K)]
  0x000002cb3f430fd0 JavaThread "kotlinx.coroutines.DefaultExecutor" daemon [_thread_blocked, id=137360, stack(0x000000f50d600000,0x000000f50d700000) (1024K)]
  0x000002cb3f433730 JavaThread "External Command Listener"  daemon [_thread_in_native, id=141072, stack(0x000000f50d800000,0x000000f50d900000) (1024K)]
  0x000002cb3f434ae0 JavaThread "DefaultDispatcher-worker-11" daemon [_thread_blocked, id=146392, stack(0x000000f50d900000,0x000000f50da00000) (1024K)]
  0x000002cb3f42db50 JavaThread "DefaultDispatcher-worker-12" daemon [_thread_blocked, id=148232, stack(0x000000f50da00000,0x000000f50db00000) (1024K)]
  0x000002cb3f435170 JavaThread "PeriodicMetricReader"       daemon [_thread_blocked, id=150956, stack(0x000000f50db00000,0x000000f50dc00000) (1024K)]
  0x000002cb3f430940 JavaThread "Coroutines Debugger Cleaner" daemon [_thread_blocked, id=120440, stack(0x000000f50dc00000,0x000000f50dd00000) (1024K)]
  0x000002cb01a4c5d0 JavaThread "JVMResponsivenessMonitor"   daemon [_thread_blocked, id=146092, stack(0x000000f50dd00000,0x000000f50de00000) (1024K)]
  0x000002cb01a4a500 JavaThread "DefaultDispatcher-worker-13" daemon [_thread_blocked, id=146012, stack(0x000000f50de00000,0x000000f50df00000) (1024K)]
  0x000002cb01a4d2f0 JavaThread "DefaultDispatcher-worker-14" daemon [_thread_blocked, id=131056, stack(0x000000f50df00000,0x000000f50e000000) (1024K)]
  0x000002cb01a47da0 JavaThread "Image Fetcher 0"            daemon [_thread_blocked, id=131380, stack(0x000000f50e000000,0x000000f50e100000) (1024K)]
  0x000002cb01a4bf40 JavaThread "Periodic tasks thread"      daemon [_thread_blocked, id=125476, stack(0x000000f50e100000,0x000000f50e200000) (1024K)]
  0x000002cb01a4e6a0 JavaThread "ApplicationImpl pooled thread 1"        [_thread_blocked, id=150348, stack(0x000000f50e200000,0x000000f50e300000) (1024K)]
  0x000002cb01a4ed30 JavaThread "JNA Cleaner"                daemon [_thread_blocked, id=150484, stack(0x000000f50e300000,0x000000f50e400000) (1024K)]
Total: 38

Other Threads:
=>0x000002cb3aaaa4f0 VMThread "VM Thread"                           [id=149656, stack(0x000000f50b500000,0x000000f50b600000) (1024K)]
  0x000002cb3a890050 WatcherThread "VM Periodic Task Thread"        [id=146000, stack(0x000000f50b400000,0x000000f50b500000) (1024K)]
  0x000002cb0f07e300 WorkerThread "GC Thread#0"                     [id=144684, stack(0x000000f50af00000,0x000000f50b000000) (1024K)]
  0x000002cb6209aa80 WorkerThread "GC Thread#1"                     [id=127004, stack(0x000000f50c900000,0x000000f50ca00000) (1024K)]
  0x000002cb62154720 WorkerThread "GC Thread#2"                     [id=150940, stack(0x000000f50ca00000,0x000000f50cb00000) (1024K)]
  0x000002cb3f754390 WorkerThread "GC Thread#3"                     [id=113020, stack(0x000000f50cb00000,0x000000f50cc00000) (1024K)]
  0x000002cb3f754730 WorkerThread "GC Thread#4"                     [id=137372, stack(0x000000f50cc00000,0x000000f50cd00000) (1024K)]
  0x000002cb6239e900 WorkerThread "GC Thread#5"                     [id=131444, stack(0x000000f50cd00000,0x000000f50ce00000) (1024K)]
  0x000002cb6239ce10 WorkerThread "GC Thread#6"                     [id=146632, stack(0x000000f50ce00000,0x000000f50cf00000) (1024K)]
  0x000002cb6239d1b0 WorkerThread "GC Thread#7"                     [id=140992, stack(0x000000f50cf00000,0x000000f50d000000) (1024K)]
  0x000002cb0f090c40 ConcurrentGCThread "G1 Main Marker"            [id=120248, stack(0x000000f50b000000,0x000000f50b100000) (1024K)]
  0x000002cb0f092750 WorkerThread "G1 Conc#0"                       [id=132212, stack(0x000000f50b100000,0x000000f50b200000) (1024K)]
  0x000002cb3f797f00 WorkerThread "G1 Conc#1"                       [id=149816, stack(0x000000f50d400000,0x000000f50d500000) (1024K)]
  0x000002cb3a7dfca0 ConcurrentGCThread "G1 Refine#0"               [id=147716, stack(0x000000f50b200000,0x000000f50b300000) (1024K)]
  0x000002cb3a7e0620 ConcurrentGCThread "G1 Service"                [id=148132, stack(0x000000f50b300000,0x000000f50b400000) (1024K)]
Total: 15

Threads with active compile tasks:
C2 CompilerThread0     2386 4288       4       java.util.HashMap$HashIterator::nextNode (100 bytes)
C1 CompilerThread0     2386 4292       2       jdk.internal.reflect.Reflection::verifyMemberAccess (200 bytes)
Total: 2

VM state: at safepoint (normal execution)

VM Mutex/Monitor currently owned by a thread:  ([mutex/lock_event])
[0x00007ffc9b0e1758] Threads_lock - owner thread: 0x000002cb3aaaa4f0
[0x00007ffc9b0e1858] Heap_lock - owner thread: 0x000002cb3f42e1e0

Heap address: 0x0000000080000000, size: 2048 MB, Compressed Oops mode: 32-bit

CDS archive(s) not mapped
Compressed class space mapped at: 0x0000000100000000-0x0000000140000000, reserved size: 1073741824
Narrow klass base: 0x0000000000000000, Narrow klass shift: 3, Narrow klass range: 0x140000000

GC Precious Log:
 CardTable entry size: 512
 Card Set container configuration: InlinePtr #cards 5 size 8 Array Of Cards #cards 12 size 40 Howl #buckets 4 coarsen threshold 1843 Howl Bitmap #cards 512 size 80 coarsen threshold 460 Card regions per heap region 1 cards per card region 2048
 CPUs: 8 total, 8 available
 Memory: 7991M
 Large Page Support: Disabled
 NUMA Support: Disabled
 Compressed Oops: Enabled (32-bit)
 Heap Region Size: 1M
 Heap Min Capacity: 256M
 Heap Initial Capacity: 256M
 Heap Max Capacity: 2G
 Pre-touch: Disabled
 Parallel Workers: 8
 Concurrent Workers: 2
 Concurrent Refinement Workers: 8
 Periodic GC: Disabled

Heap:
 garbage-first heap   total 262144K, used 63812K [0x0000000080000000, 0x0000000100000000)
  region size 1024K, 2 young (2048K), 2 survivors (2048K)
 Metaspace       used 62171K, committed 62976K, reserved 1114112K
  class space    used 6448K, committed 6784K, reserved 1048576K

Heap Regions: E=young(eden), S=young(survivor), O=old, HS=humongous(starts), HC=humongous(continues), CS=collection set, F=free, TAMS=top-at-mark-start, PB=parsable bottom
|   0|0x0000000080000000, 0x0000000080100000, 0x0000000080100000|100%|HS|  |TAMS 0x0000000080100000| PB 0x0000000080000000| Complete 
|   1|0x0000000080100000, 0x0000000080200000, 0x0000000080200000|100%|HS|  |TAMS 0x0000000080200000| PB 0x0000000080100000| Complete 
|   2|0x0000000080200000, 0x0000000080300000, 0x0000000080300000|100%|HS|  |TAMS 0x0000000080300000| PB 0x0000000080200000| Complete 
|   3|0x0000000080300000, 0x0000000080400000, 0x0000000080400000|100%|HS|  |TAMS 0x0000000080400000| PB 0x0000000080300000| Complete 
|   4|0x0000000080400000, 0x0000000080500000, 0x0000000080500000|100%|HC|  |TAMS 0x0000000080500000| PB 0x0000000080400000| Complete 
|   5|0x0000000080500000, 0x0000000080600000, 0x0000000080600000|100%|HS|  |TAMS 0x0000000080600000| PB 0x0000000080500000| Complete 
|   6|0x0000000080600000, 0x0000000080700000, 0x0000000080700000|100%|HC|  |TAMS 0x0000000080700000| PB 0x0000000080600000| Complete 
|   7|0x0000000080700000, 0x0000000080800000, 0x0000000080800000|100%|HS|  |TAMS 0x0000000080800000| PB 0x0000000080700000| Complete 
|   8|0x0000000080800000, 0x0000000080900000, 0x0000000080900000|100%|HS|  |TAMS 0x0000000080900000| PB 0x0000000080800000| Complete 
|   9|0x0000000080900000, 0x0000000080a00000, 0x0000000080a00000|100%| O|  |TAMS 0x0000000080a00000| PB 0x0000000080900000| Untracked 
|  10|0x0000000080a00000, 0x0000000080b00000, 0x0000000080b00000|100%| O|  |TAMS 0x0000000080b00000| PB 0x0000000080a00000| Untracked 
|  11|0x0000000080b00000, 0x0000000080c00000, 0x0000000080c00000|100%| O|  |TAMS 0x0000000080c00000| PB 0x0000000080b00000| Untracked 
|  12|0x0000000080c00000, 0x0000000080d00000, 0x0000000080d00000|100%| O|  |TAMS 0x0000000080d00000| PB 0x0000000080c00000| Untracked 
|  13|0x0000000080d00000, 0x0000000080e00000, 0x0000000080e00000|100%|HS|  |TAMS 0x0000000080e00000| PB 0x0000000080d00000| Complete 
|  14|0x0000000080e00000, 0x0000000080f00000, 0x0000000080f00000|100%| O|  |TAMS 0x0000000080f00000| PB 0x0000000080e00000| Untracked 
|  15|0x0000000080f00000, 0x0000000081000000, 0x0000000081000000|100%| O|  |TAMS 0x0000000081000000| PB 0x0000000080f00000| Untracked 
|  16|0x0000000081000000, 0x0000000081100000, 0x0000000081100000|100%| O|  |TAMS 0x0000000081100000| PB 0x0000000081000000| Untracked 
|  17|0x0000000081100000, 0x0000000081200000, 0x0000000081200000|100%| O|  |TAMS 0x0000000081200000| PB 0x0000000081100000| Untracked 
|  18|0x0000000081200000, 0x0000000081300000, 0x0000000081300000|100%| O|  |TAMS 0x0000000081300000| PB 0x0000000081200000| Untracked 
|  19|0x0000000081300000, 0x0000000081400000, 0x0000000081400000|100%|HS|  |TAMS 0x0000000081400000| PB 0x0000000081300000| Complete 
|  20|0x0000000081400000, 0x0000000081500000, 0x0000000081500000|100%| O|  |TAMS 0x0000000081500000| PB 0x0000000081400000| Untracked 
|  21|0x0000000081500000, 0x0000000081600000, 0x0000000081600000|100%| O|  |TAMS 0x0000000081600000| PB 0x0000000081500000| Untracked 
|  22|0x0000000081600000, 0x0000000081700000, 0x0000000081700000|100%| O|  |TAMS 0x0000000081700000| PB 0x0000000081600000| Untracked 
|  23|0x0000000081700000, 0x0000000081800000, 0x0000000081800000|100%| O|  |TAMS 0x0000000081800000| PB 0x0000000081700000| Untracked 
|  24|0x0000000081800000, 0x0000000081900000, 0x0000000081900000|100%| O|  |TAMS 0x0000000081900000| PB 0x0000000081800000| Untracked 
|  25|0x0000000081900000, 0x0000000081a00000, 0x0000000081a00000|100%| O|  |TAMS 0x0000000081a00000| PB 0x0000000081900000| Untracked 
|  26|0x0000000081a00000, 0x0000000081b00000, 0x0000000081b00000|100%| O|  |TAMS 0x0000000081b00000| PB 0x0000000081a00000| Untracked 
|  27|0x0000000081b00000, 0x0000000081c00000, 0x0000000081c00000|100%| O|  |TAMS 0x0000000081c00000| PB 0x0000000081b00000| Untracked 
|  28|0x0000000081c00000, 0x0000000081d00000, 0x0000000081d00000|100%| O|  |TAMS 0x0000000081d00000| PB 0x0000000081c00000| Untracked 
|  29|0x0000000081d00000, 0x0000000081d00000, 0x0000000081e00000|  0%| F|  |TAMS 0x0000000081d00000| PB 0x0000000081d00000| Untracked 
|  30|0x0000000081e00000, 0x0000000081f00000, 0x0000000081f00000|100%| O|  |TAMS 0x0000000081f00000| PB 0x0000000081e00000| Untracked 
|  31|0x0000000081f00000, 0x0000000082000000, 0x0000000082000000|100%| O|  |TAMS 0x0000000082000000| PB 0x0000000081f00000| Untracked 
|  32|0x0000000082000000, 0x0000000082000000, 0x0000000082100000|  0%| F|  |TAMS 0x0000000082000000| PB 0x0000000082000000| Untracked 
|  33|0x0000000082100000, 0x0000000082200000, 0x0000000082200000|100%| O|  |TAMS 0x0000000082200000| PB 0x0000000082100000| Untracked 
|  34|0x0000000082200000, 0x0000000082300000, 0x0000000082300000|100%| O|  |TAMS 0x0000000082300000| PB 0x0000000082200000| Untracked 
|  35|0x0000000082300000, 0x0000000082400000, 0x0000000082400000|100%| O|  |TAMS 0x0000000082400000| PB 0x0000000082300000| Untracked 
|  36|0x0000000082400000, 0x0000000082500000, 0x0000000082500000|100%|HS|  |TAMS 0x0000000082500000| PB 0x0000000082400000| Complete 
|  37|0x0000000082500000, 0x0000000082600000, 0x0000000082600000|100%| O|  |TAMS 0x0000000082600000| PB 0x0000000082500000| Untracked 
|  38|0x0000000082600000, 0x0000000082700000, 0x0000000082700000|100%| O|  |TAMS 0x0000000082700000| PB 0x0000000082600000| Untracked 
|  39|0x0000000082700000, 0x0000000082800000, 0x0000000082800000|100%| O|  |TAMS 0x0000000082800000| PB 0x0000000082700000| Untracked 
|  40|0x0000000082800000, 0x0000000082900000, 0x0000000082900000|100%| O|  |TAMS 0x0000000082900000| PB 0x0000000082800000| Untracked 
|  41|0x0000000082900000, 0x0000000082a00000, 0x0000000082a00000|100%| O|  |TAMS 0x0000000082a00000| PB 0x0000000082900000| Untracked 
|  42|0x0000000082a00000, 0x0000000082b00000, 0x0000000082b00000|100%| O|  |TAMS 0x0000000082b00000| PB 0x0000000082a00000| Untracked 
|  43|0x0000000082b00000, 0x0000000082c00000, 0x0000000082c00000|100%|HS|  |TAMS 0x0000000082c00000| PB 0x0000000082b00000| Complete 
|  44|0x0000000082c00000, 0x0000000082d00000, 0x0000000082d00000|100%|HC|  |TAMS 0x0000000082d00000| PB 0x0000000082c00000| Complete 
|  45|0x0000000082d00000, 0x0000000082e00000, 0x0000000082e00000|100%| O|  |TAMS 0x0000000082e00000| PB 0x0000000082d00000| Untracked 
|  46|0x0000000082e00000, 0x0000000082f00000, 0x0000000082f00000|100%| O|  |TAMS 0x0000000082f00000| PB 0x0000000082e00000| Untracked 
|  47|0x0000000082f00000, 0x0000000083000000, 0x0000000083000000|100%| O|  |TAMS 0x0000000083000000| PB 0x0000000082f00000| Untracked 
|  48|0x0000000083000000, 0x0000000083100000, 0x0000000083100000|100%| O|  |TAMS 0x0000000083100000| PB 0x0000000083000000| Untracked 
|  49|0x0000000083100000, 0x0000000083200000, 0x0000000083200000|100%| O|  |TAMS 0x0000000083200000| PB 0x0000000083100000| Untracked 
|  50|0x0000000083200000, 0x0000000083300000, 0x0000000083300000|100%| O|  |TAMS 0x0000000083300000| PB 0x0000000083200000| Untracked 
|  51|0x0000000083300000, 0x0000000083400000, 0x0000000083400000|100%| O|  |TAMS 0x0000000083400000| PB 0x0000000083300000| Untracked 
|  52|0x0000000083400000, 0x0000000083500000, 0x0000000083500000|100%| O|  |TAMS 0x0000000083500000| PB 0x0000000083400000| Untracked 
|  53|0x0000000083500000, 0x0000000083600000, 0x0000000083600000|100%| O|  |TAMS 0x0000000083600000| PB 0x0000000083500000| Untracked 
|  54|0x0000000083600000, 0x0000000083700000, 0x0000000083700000|100%| O|  |TAMS 0x0000000083700000| PB 0x0000000083600000| Untracked 
|  55|0x0000000083700000, 0x0000000083800000, 0x0000000083800000|100%| O|  |TAMS 0x0000000083800000| PB 0x0000000083700000| Untracked 
|  56|0x0000000083800000, 0x0000000083900000, 0x0000000083900000|100%| O|  |TAMS 0x0000000083900000| PB 0x0000000083800000| Untracked 
|  57|0x0000000083900000, 0x0000000083a00000, 0x0000000083a00000|100%| O|  |TAMS 0x0000000083a00000| PB 0x0000000083900000| Untracked 
|  58|0x0000000083a00000, 0x0000000083b00000, 0x0000000083b00000|100%| O|  |TAMS 0x0000000083b00000| PB 0x0000000083a00000| Untracked 
|  59|0x0000000083b00000, 0x0000000083c00000, 0x0000000083c00000|100%| O|  |TAMS 0x0000000083c00000| PB 0x0000000083b00000| Untracked 
|  60|0x0000000083c00000, 0x0000000083d00000, 0x0000000083d00000|100%| O|  |TAMS 0x0000000083d00000| PB 0x0000000083c00000| Untracked 
|  61|0x0000000083d00000, 0x0000000083e00000, 0x0000000083e00000|100%| O|  |TAMS 0x0000000083e00000| PB 0x0000000083d00000| Untracked 
|  62|0x0000000083e00000, 0x0000000083e7cfe0, 0x0000000083f00000| 48%| O|  |TAMS 0x0000000083e7cfe0| PB 0x0000000083e00000| Untracked 
|  63|0x0000000083f00000, 0x0000000083f00000, 0x0000000084000000|  0%| F|  |TAMS 0x0000000083f00000| PB 0x0000000083f00000| Untracked 
|  64|0x0000000084000000, 0x0000000084000000, 0x0000000084100000|  0%| F|  |TAMS 0x0000000084000000| PB 0x0000000084000000| Untracked 
|  65|0x0000000084100000, 0x0000000084100000, 0x0000000084200000|  0%| F|  |TAMS 0x0000000084100000| PB 0x0000000084100000| Untracked 
|  66|0x0000000084200000, 0x0000000084200000, 0x0000000084300000|  0%| F|  |TAMS 0x0000000084200000| PB 0x0000000084200000| Untracked 
|  67|0x0000000084300000, 0x0000000084300000, 0x0000000084400000|  0%| F|  |TAMS 0x0000000084300000| PB 0x0000000084300000| Untracked 
|  68|0x0000000084400000, 0x0000000084400000, 0x0000000084500000|  0%| F|  |TAMS 0x0000000084400000| PB 0x0000000084400000| Untracked 
|  69|0x0000000084500000, 0x0000000084500000, 0x0000000084600000|  0%| F|  |TAMS 0x0000000084500000| PB 0x0000000084500000| Untracked 
|  70|0x0000000084600000, 0x0000000084600000, 0x0000000084700000|  0%| F|  |TAMS 0x0000000084600000| PB 0x0000000084600000| Untracked 
|  71|0x0000000084700000, 0x0000000084700000, 0x0000000084800000|  0%| F|  |TAMS 0x0000000084700000| PB 0x0000000084700000| Untracked 
|  72|0x0000000084800000, 0x0000000084800000, 0x0000000084900000|  0%| F|  |TAMS 0x0000000084800000| PB 0x0000000084800000| Untracked 
|  73|0x0000000084900000, 0x0000000084900000, 0x0000000084a00000|  0%| F|  |TAMS 0x0000000084900000| PB 0x0000000084900000| Untracked 
|  74|0x0000000084a00000, 0x0000000084a00000, 0x0000000084b00000|  0%| F|  |TAMS 0x0000000084a00000| PB 0x0000000084a00000| Untracked 
|  75|0x0000000084b00000, 0x0000000084b00000, 0x0000000084c00000|  0%| F|  |TAMS 0x0000000084b00000| PB 0x0000000084b00000| Untracked 
|  76|0x0000000084c00000, 0x0000000084c00000, 0x0000000084d00000|  0%| F|  |TAMS 0x0000000084c00000| PB 0x0000000084c00000| Untracked 
|  77|0x0000000084d00000, 0x0000000084d00000, 0x0000000084e00000|  0%| F|  |TAMS 0x0000000084d00000| PB 0x0000000084d00000| Untracked 
|  78|0x0000000084e00000, 0x0000000084e00000, 0x0000000084f00000|  0%| F|  |TAMS 0x0000000084e00000| PB 0x0000000084e00000| Untracked 
|  79|0x0000000084f00000, 0x0000000084f00000, 0x0000000085000000|  0%| F|  |TAMS 0x0000000084f00000| PB 0x0000000084f00000| Untracked 
|  80|0x0000000085000000, 0x0000000085000000, 0x0000000085100000|  0%| F|  |TAMS 0x0000000085000000| PB 0x0000000085000000| Untracked 
|  81|0x0000000085100000, 0x0000000085100000, 0x0000000085200000|  0%| F|  |TAMS 0x0000000085100000| PB 0x0000000085100000| Untracked 
|  82|0x0000000085200000, 0x0000000085200000, 0x0000000085300000|  0%| F|  |TAMS 0x0000000085200000| PB 0x0000000085200000| Untracked 
|  83|0x0000000085300000, 0x0000000085300000, 0x0000000085400000|  0%| F|  |TAMS 0x0000000085300000| PB 0x0000000085300000| Untracked 
|  84|0x0000000085400000, 0x0000000085400000, 0x0000000085500000|  0%| F|  |TAMS 0x0000000085400000| PB 0x0000000085400000| Untracked 
|  85|0x0000000085500000, 0x0000000085500000, 0x0000000085600000|  0%| F|  |TAMS 0x0000000085500000| PB 0x0000000085500000| Untracked 
|  86|0x0000000085600000, 0x0000000085600000, 0x0000000085700000|  0%| F|  |TAMS 0x0000000085600000| PB 0x0000000085600000| Untracked 
|  87|0x0000000085700000, 0x0000000085700000, 0x0000000085800000|  0%| F|  |TAMS 0x0000000085700000| PB 0x0000000085700000| Untracked 
|  88|0x0000000085800000, 0x0000000085800000, 0x0000000085900000|  0%| F|  |TAMS 0x0000000085800000| PB 0x0000000085800000| Untracked 
|  89|0x0000000085900000, 0x0000000085900000, 0x0000000085a00000|  0%| F|  |TAMS 0x0000000085900000| PB 0x0000000085900000| Untracked 
|  90|0x0000000085a00000, 0x0000000085a00000, 0x0000000085b00000|  0%| F|  |TAMS 0x0000000085a00000| PB 0x0000000085a00000| Untracked 
|  91|0x0000000085b00000, 0x0000000085b00000, 0x0000000085c00000|  0%| F|  |TAMS 0x0000000085b00000| PB 0x0000000085b00000| Untracked 
|  92|0x0000000085c00000, 0x0000000085c00000, 0x0000000085d00000|  0%| F|  |TAMS 0x0000000085c00000| PB 0x0000000085c00000| Untracked 
|  93|0x0000000085d00000, 0x0000000085d00000, 0x0000000085e00000|  0%| F|  |TAMS 0x0000000085d00000| PB 0x0000000085d00000| Untracked 
|  94|0x0000000085e00000, 0x0000000085e00000, 0x0000000085f00000|  0%| F|  |TAMS 0x0000000085e00000| PB 0x0000000085e00000| Untracked 
|  95|0x0000000085f00000, 0x0000000085f00000, 0x0000000086000000|  0%| F|  |TAMS 0x0000000085f00000| PB 0x0000000085f00000| Untracked 
|  96|0x0000000086000000, 0x0000000086000000, 0x0000000086100000|  0%| F|  |TAMS 0x0000000086000000| PB 0x0000000086000000| Untracked 
|  97|0x0000000086100000, 0x0000000086100000, 0x0000000086200000|  0%| F|  |TAMS 0x0000000086100000| PB 0x0000000086100000| Untracked 
|  98|0x0000000086200000, 0x0000000086200000, 0x0000000086300000|  0%| F|  |TAMS 0x0000000086200000| PB 0x0000000086200000| Untracked 
|  99|0x0000000086300000, 0x0000000086300000, 0x0000000086400000|  0%| F|  |TAMS 0x0000000086300000| PB 0x0000000086300000| Untracked 
| 100|0x0000000086400000, 0x0000000086400000, 0x0000000086500000|  0%| F|  |TAMS 0x0000000086400000| PB 0x0000000086400000| Untracked 
| 101|0x0000000086500000, 0x0000000086500000, 0x0000000086600000|  0%| F|  |TAMS 0x0000000086500000| PB 0x0000000086500000| Untracked 
| 102|0x0000000086600000, 0x0000000086600000, 0x0000000086700000|  0%| F|  |TAMS 0x0000000086600000| PB 0x0000000086600000| Untracked 
| 103|0x0000000086700000, 0x0000000086700000, 0x0000000086800000|  0%| F|  |TAMS 0x0000000086700000| PB 0x0000000086700000| Untracked 
| 104|0x0000000086800000, 0x0000000086800000, 0x0000000086900000|  0%| F|  |TAMS 0x0000000086800000| PB 0x0000000086800000| Untracked 
| 105|0x0000000086900000, 0x0000000086900000, 0x0000000086a00000|  0%| F|  |TAMS 0x0000000086900000| PB 0x0000000086900000| Untracked 
| 106|0x0000000086a00000, 0x0000000086a00000, 0x0000000086b00000|  0%| F|  |TAMS 0x0000000086a00000| PB 0x0000000086a00000| Untracked 
| 107|0x0000000086b00000, 0x0000000086b00000, 0x0000000086c00000|  0%| F|  |TAMS 0x0000000086b00000| PB 0x0000000086b00000| Untracked 
| 108|0x0000000086c00000, 0x0000000086c00000, 0x0000000086d00000|  0%| F|  |TAMS 0x0000000086c00000| PB 0x0000000086c00000| Untracked 
| 109|0x0000000086d00000, 0x0000000086d00000, 0x0000000086e00000|  0%| F|  |TAMS 0x0000000086d00000| PB 0x0000000086d00000| Untracked 
| 110|0x0000000086e00000, 0x0000000086e00000, 0x0000000086f00000|  0%| F|  |TAMS 0x0000000086e00000| PB 0x0000000086e00000| Untracked 
| 111|0x0000000086f00000, 0x0000000086f00000, 0x0000000087000000|  0%| F|  |TAMS 0x0000000086f00000| PB 0x0000000086f00000| Untracked 
| 112|0x0000000087000000, 0x0000000087000000, 0x0000000087100000|  0%| F|  |TAMS 0x0000000087000000| PB 0x0000000087000000| Untracked 
| 113|0x0000000087100000, 0x0000000087100000, 0x0000000087200000|  0%| F|  |TAMS 0x0000000087100000| PB 0x0000000087100000| Untracked 
| 114|0x0000000087200000, 0x0000000087200000, 0x0000000087300000|  0%| F|  |TAMS 0x0000000087200000| PB 0x0000000087200000| Untracked 
| 115|0x0000000087300000, 0x0000000087300000, 0x0000000087400000|  0%| F|  |TAMS 0x0000000087300000| PB 0x0000000087300000| Untracked 
| 116|0x0000000087400000, 0x0000000087400000, 0x0000000087500000|  0%| F|  |TAMS 0x0000000087400000| PB 0x0000000087400000| Untracked 
| 117|0x0000000087500000, 0x0000000087500000, 0x0000000087600000|  0%| F|  |TAMS 0x0000000087500000| PB 0x0000000087500000| Untracked 
| 118|0x0000000087600000, 0x0000000087600000, 0x0000000087700000|  0%| F|  |TAMS 0x0000000087600000| PB 0x0000000087600000| Untracked 
| 119|0x0000000087700000, 0x0000000087700000, 0x0000000087800000|  0%| F|  |TAMS 0x0000000087700000| PB 0x0000000087700000| Untracked 
| 120|0x0000000087800000, 0x0000000087800000, 0x0000000087900000|  0%| F|  |TAMS 0x0000000087800000| PB 0x0000000087800000| Untracked 
| 121|0x0000000087900000, 0x0000000087900000, 0x0000000087a00000|  0%| F|  |TAMS 0x0000000087900000| PB 0x0000000087900000| Untracked 
| 122|0x0000000087a00000, 0x0000000087a00000, 0x0000000087b00000|  0%| F|  |TAMS 0x0000000087a00000| PB 0x0000000087a00000| Untracked 
| 123|0x0000000087b00000, 0x0000000087b00000, 0x0000000087c00000|  0%| F|  |TAMS 0x0000000087b00000| PB 0x0000000087b00000| Untracked 
| 124|0x0000000087c00000, 0x0000000087c00000, 0x0000000087d00000|  0%| F|  |TAMS 0x0000000087c00000| PB 0x0000000087c00000| Untracked 
| 125|0x0000000087d00000, 0x0000000087d00000, 0x0000000087e00000|  0%| F|  |TAMS 0x0000000087d00000| PB 0x0000000087d00000| Untracked 
| 126|0x0000000087e00000, 0x0000000087e00000, 0x0000000087f00000|  0%| F|  |TAMS 0x0000000087e00000| PB 0x0000000087e00000| Untracked 
| 127|0x0000000087f00000, 0x0000000087f00000, 0x0000000088000000|  0%| F|  |TAMS 0x0000000087f00000| PB 0x0000000087f00000| Untracked 
| 128|0x0000000088000000, 0x0000000088000000, 0x0000000088100000|  0%| F|  |TAMS 0x0000000088000000| PB 0x0000000088000000| Untracked 
| 129|0x0000000088100000, 0x0000000088100000, 0x0000000088200000|  0%| F|  |TAMS 0x0000000088100000| PB 0x0000000088100000| Untracked 
| 130|0x0000000088200000, 0x0000000088200000, 0x0000000088300000|  0%| F|  |TAMS 0x0000000088200000| PB 0x0000000088200000| Untracked 
| 131|0x0000000088300000, 0x0000000088300000, 0x0000000088400000|  0%| F|  |TAMS 0x0000000088300000| PB 0x0000000088300000| Untracked 
| 132|0x0000000088400000, 0x0000000088400000, 0x0000000088500000|  0%| F|  |TAMS 0x0000000088400000| PB 0x0000000088400000| Untracked 
| 133|0x0000000088500000, 0x0000000088500000, 0x0000000088600000|  0%| F|  |TAMS 0x0000000088500000| PB 0x0000000088500000| Untracked 
| 134|0x0000000088600000, 0x0000000088600000, 0x0000000088700000|  0%| F|  |TAMS 0x0000000088600000| PB 0x0000000088600000| Untracked 
| 135|0x0000000088700000, 0x0000000088700000, 0x0000000088800000|  0%| F|  |TAMS 0x0000000088700000| PB 0x0000000088700000| Untracked 
| 136|0x0000000088800000, 0x0000000088800000, 0x0000000088900000|  0%| F|  |TAMS 0x0000000088800000| PB 0x0000000088800000| Untracked 
| 137|0x0000000088900000, 0x0000000088900000, 0x0000000088a00000|  0%| F|  |TAMS 0x0000000088900000| PB 0x0000000088900000| Untracked 
| 138|0x0000000088a00000, 0x0000000088a00000, 0x0000000088b00000|  0%| F|  |TAMS 0x0000000088a00000| PB 0x0000000088a00000| Untracked 
| 139|0x0000000088b00000, 0x0000000088b00000, 0x0000000088c00000|  0%| F|  |TAMS 0x0000000088b00000| PB 0x0000000088b00000| Untracked 
| 140|0x0000000088c00000, 0x0000000088c00000, 0x0000000088d00000|  0%| F|  |TAMS 0x0000000088c00000| PB 0x0000000088c00000| Untracked 
| 141|0x0000000088d00000, 0x0000000088d00000, 0x0000000088e00000|  0%| F|  |TAMS 0x0000000088d00000| PB 0x0000000088d00000| Untracked 
| 142|0x0000000088e00000, 0x0000000088e00000, 0x0000000088f00000|  0%| F|  |TAMS 0x0000000088e00000| PB 0x0000000088e00000| Untracked 
| 143|0x0000000088f00000, 0x0000000088f00000, 0x0000000089000000|  0%| F|  |TAMS 0x0000000088f00000| PB 0x0000000088f00000| Untracked 
| 144|0x0000000089000000, 0x0000000089000000, 0x0000000089100000|  0%| F|  |TAMS 0x0000000089000000| PB 0x0000000089000000| Untracked 
| 145|0x0000000089100000, 0x0000000089100000, 0x0000000089200000|  0%| F|  |TAMS 0x0000000089100000| PB 0x0000000089100000| Untracked 
| 146|0x0000000089200000, 0x0000000089200000, 0x0000000089300000|  0%| F|  |TAMS 0x0000000089200000| PB 0x0000000089200000| Untracked 
| 147|0x0000000089300000, 0x0000000089300000, 0x0000000089400000|  0%| F|  |TAMS 0x0000000089300000| PB 0x0000000089300000| Untracked 
| 148|0x0000000089400000, 0x0000000089400000, 0x0000000089500000|  0%| F|  |TAMS 0x0000000089400000| PB 0x0000000089400000| Untracked 
| 149|0x0000000089500000, 0x0000000089500000, 0x0000000089600000|  0%| F|  |TAMS 0x0000000089500000| PB 0x0000000089500000| Untracked 
| 150|0x0000000089600000, 0x0000000089600000, 0x0000000089700000|  0%| F|  |TAMS 0x0000000089600000| PB 0x0000000089600000| Untracked 
| 151|0x0000000089700000, 0x0000000089700000, 0x0000000089800000|  0%| F|  |TAMS 0x0000000089700000| PB 0x0000000089700000| Untracked 
| 152|0x0000000089800000, 0x0000000089800000, 0x0000000089900000|  0%| F|  |TAMS 0x0000000089800000| PB 0x0000000089800000| Untracked 
| 153|0x0000000089900000, 0x0000000089900000, 0x0000000089a00000|  0%| F|  |TAMS 0x0000000089900000| PB 0x0000000089900000| Untracked 
| 154|0x0000000089a00000, 0x0000000089a00000, 0x0000000089b00000|  0%| F|  |TAMS 0x0000000089a00000| PB 0x0000000089a00000| Untracked 
| 155|0x0000000089b00000, 0x0000000089b00000, 0x0000000089c00000|  0%| F|  |TAMS 0x0000000089b00000| PB 0x0000000089b00000| Untracked 
| 156|0x0000000089c00000, 0x0000000089c00000, 0x0000000089d00000|  0%| F|  |TAMS 0x0000000089c00000| PB 0x0000000089c00000| Untracked 
| 157|0x0000000089d00000, 0x0000000089d00000, 0x0000000089e00000|  0%| F|  |TAMS 0x0000000089d00000| PB 0x0000000089d00000| Untracked 
| 158|0x0000000089e00000, 0x0000000089e00000, 0x0000000089f00000|  0%| F|  |TAMS 0x0000000089e00000| PB 0x0000000089e00000| Untracked 
| 159|0x0000000089f00000, 0x0000000089f00000, 0x000000008a000000|  0%| F|  |TAMS 0x0000000089f00000| PB 0x0000000089f00000| Untracked 
| 160|0x000000008a000000, 0x000000008a000000, 0x000000008a100000|  0%| F|  |TAMS 0x000000008a000000| PB 0x000000008a000000| Untracked 
| 161|0x000000008a100000, 0x000000008a100000, 0x000000008a200000|  0%| F|  |TAMS 0x000000008a100000| PB 0x000000008a100000| Untracked 
| 162|0x000000008a200000, 0x000000008a200000, 0x000000008a300000|  0%| F|  |TAMS 0x000000008a200000| PB 0x000000008a200000| Untracked 
| 163|0x000000008a300000, 0x000000008a300000, 0x000000008a400000|  0%| F|  |TAMS 0x000000008a300000| PB 0x000000008a300000| Untracked 
| 164|0x000000008a400000, 0x000000008a400000, 0x000000008a500000|  0%| F|  |TAMS 0x000000008a400000| PB 0x000000008a400000| Untracked 
| 165|0x000000008a500000, 0x000000008a500000, 0x000000008a600000|  0%| F|  |TAMS 0x000000008a500000| PB 0x000000008a500000| Untracked 
| 166|0x000000008a600000, 0x000000008a600000, 0x000000008a700000|  0%| F|  |TAMS 0x000000008a600000| PB 0x000000008a600000| Untracked 
| 167|0x000000008a700000, 0x000000008a700000, 0x000000008a800000|  0%| F|  |TAMS 0x000000008a700000| PB 0x000000008a700000| Untracked 
| 168|0x000000008a800000, 0x000000008a800000, 0x000000008a900000|  0%| F|  |TAMS 0x000000008a800000| PB 0x000000008a800000| Untracked 
| 169|0x000000008a900000, 0x000000008a900000, 0x000000008aa00000|  0%| F|  |TAMS 0x000000008a900000| PB 0x000000008a900000| Untracked 
| 170|0x000000008aa00000, 0x000000008aa00000, 0x000000008ab00000|  0%| F|  |TAMS 0x000000008aa00000| PB 0x000000008aa00000| Untracked 
| 171|0x000000008ab00000, 0x000000008ab00000, 0x000000008ac00000|  0%| F|  |TAMS 0x000000008ab00000| PB 0x000000008ab00000| Untracked 
| 172|0x000000008ac00000, 0x000000008ac00000, 0x000000008ad00000|  0%| F|  |TAMS 0x000000008ac00000| PB 0x000000008ac00000| Untracked 
| 173|0x000000008ad00000, 0x000000008ad00000, 0x000000008ae00000|  0%| F|  |TAMS 0x000000008ad00000| PB 0x000000008ad00000| Untracked 
| 174|0x000000008ae00000, 0x000000008ae00000, 0x000000008af00000|  0%| F|  |TAMS 0x000000008ae00000| PB 0x000000008ae00000| Untracked 
| 175|0x000000008af00000, 0x000000008af00000, 0x000000008b000000|  0%| F|  |TAMS 0x000000008af00000| PB 0x000000008af00000| Untracked 
| 176|0x000000008b000000, 0x000000008b000000, 0x000000008b100000|  0%| F|  |TAMS 0x000000008b000000| PB 0x000000008b000000| Untracked 
| 177|0x000000008b100000, 0x000000008b100000, 0x000000008b200000|  0%| F|  |TAMS 0x000000008b100000| PB 0x000000008b100000| Untracked 
| 178|0x000000008b200000, 0x000000008b200000, 0x000000008b300000|  0%| F|  |TAMS 0x000000008b200000| PB 0x000000008b200000| Untracked 
| 179|0x000000008b300000, 0x000000008b300000, 0x000000008b400000|  0%| F|  |TAMS 0x000000008b300000| PB 0x000000008b300000| Untracked 
| 180|0x000000008b400000, 0x000000008b400000, 0x000000008b500000|  0%| F|  |TAMS 0x000000008b400000| PB 0x000000008b400000| Untracked 
| 181|0x000000008b500000, 0x000000008b500000, 0x000000008b600000|  0%| F|  |TAMS 0x000000008b500000| PB 0x000000008b500000| Untracked 
| 182|0x000000008b600000, 0x000000008b600000, 0x000000008b700000|  0%| F|  |TAMS 0x000000008b600000| PB 0x000000008b600000| Untracked 
| 183|0x000000008b700000, 0x000000008b700000, 0x000000008b800000|  0%| F|  |TAMS 0x000000008b700000| PB 0x000000008b700000| Untracked 
| 184|0x000000008b800000, 0x000000008b800000, 0x000000008b900000|  0%| F|  |TAMS 0x000000008b800000| PB 0x000000008b800000| Untracked 
| 185|0x000000008b900000, 0x000000008b900000, 0x000000008ba00000|  0%| F|  |TAMS 0x000000008b900000| PB 0x000000008b900000| Untracked 
| 186|0x000000008ba00000, 0x000000008ba00000, 0x000000008bb00000|  0%| F|  |TAMS 0x000000008ba00000| PB 0x000000008ba00000| Untracked 
| 187|0x000000008bb00000, 0x000000008bb00000, 0x000000008bc00000|  0%| F|  |TAMS 0x000000008bb00000| PB 0x000000008bb00000| Untracked 
| 188|0x000000008bc00000, 0x000000008bc00000, 0x000000008bd00000|  0%| F|  |TAMS 0x000000008bc00000| PB 0x000000008bc00000| Untracked 
| 189|0x000000008bd00000, 0x000000008bd00000, 0x000000008be00000|  0%| F|  |TAMS 0x000000008bd00000| PB 0x000000008bd00000| Untracked 
| 190|0x000000008be00000, 0x000000008be00000, 0x000000008bf00000|  0%| F|  |TAMS 0x000000008be00000| PB 0x000000008be00000| Untracked 
| 191|0x000000008bf00000, 0x000000008bf00000, 0x000000008c000000|  0%| F|  |TAMS 0x000000008bf00000| PB 0x000000008bf00000| Untracked 
| 192|0x000000008c000000, 0x000000008c000000, 0x000000008c100000|  0%| F|  |TAMS 0x000000008c000000| PB 0x000000008c000000| Untracked 
| 193|0x000000008c100000, 0x000000008c100000, 0x000000008c200000|  0%| F|  |TAMS 0x000000008c100000| PB 0x000000008c100000| Untracked 
| 194|0x000000008c200000, 0x000000008c200000, 0x000000008c300000|  0%| F|  |TAMS 0x000000008c200000| PB 0x000000008c200000| Untracked 
| 195|0x000000008c300000, 0x000000008c300000, 0x000000008c400000|  0%| F|  |TAMS 0x000000008c300000| PB 0x000000008c300000| Untracked 
| 196|0x000000008c400000, 0x000000008c400000, 0x000000008c500000|  0%| F|  |TAMS 0x000000008c400000| PB 0x000000008c400000| Untracked 
| 197|0x000000008c500000, 0x000000008c500000, 0x000000008c600000|  0%| F|  |TAMS 0x000000008c500000| PB 0x000000008c500000| Untracked 
| 198|0x000000008c600000, 0x000000008c600000, 0x000000008c700000|  0%| F|  |TAMS 0x000000008c600000| PB 0x000000008c600000| Untracked 
| 199|0x000000008c700000, 0x000000008c700000, 0x000000008c800000|  0%| F|  |TAMS 0x000000008c700000| PB 0x000000008c700000| Untracked 
| 200|0x000000008c800000, 0x000000008c800000, 0x000000008c900000|  0%| F|  |TAMS 0x000000008c800000| PB 0x000000008c800000| Untracked 
| 201|0x000000008c900000, 0x000000008c900000, 0x000000008ca00000|  0%| F|  |TAMS 0x000000008c900000| PB 0x000000008c900000| Untracked 
| 202|0x000000008ca00000, 0x000000008ca00000, 0x000000008cb00000|  0%| F|  |TAMS 0x000000008ca00000| PB 0x000000008ca00000| Untracked 
| 203|0x000000008cb00000, 0x000000008cb00000, 0x000000008cc00000|  0%| F|  |TAMS 0x000000008cb00000| PB 0x000000008cb00000| Untracked 
| 204|0x000000008cc00000, 0x000000008cc00000, 0x000000008cd00000|  0%| F|  |TAMS 0x000000008cc00000| PB 0x000000008cc00000| Untracked 
| 205|0x000000008cd00000, 0x000000008cd00000, 0x000000008ce00000|  0%| F|  |TAMS 0x000000008cd00000| PB 0x000000008cd00000| Untracked 
| 206|0x000000008ce00000, 0x000000008ce00000, 0x000000008cf00000|  0%| F|  |TAMS 0x000000008ce00000| PB 0x000000008ce00000| Untracked 
| 207|0x000000008cf00000, 0x000000008cf00000, 0x000000008d000000|  0%| F|  |TAMS 0x000000008cf00000| PB 0x000000008cf00000| Untracked 
| 208|0x000000008d000000, 0x000000008d000000, 0x000000008d100000|  0%| F|  |TAMS 0x000000008d000000| PB 0x000000008d000000| Untracked 
| 209|0x000000008d100000, 0x000000008d100000, 0x000000008d200000|  0%| F|  |TAMS 0x000000008d100000| PB 0x000000008d100000| Untracked 
| 210|0x000000008d200000, 0x000000008d200000, 0x000000008d300000|  0%| F|  |TAMS 0x000000008d200000| PB 0x000000008d200000| Untracked 
| 211|0x000000008d300000, 0x000000008d300000, 0x000000008d400000|  0%| F|  |TAMS 0x000000008d300000| PB 0x000000008d300000| Untracked 
| 212|0x000000008d400000, 0x000000008d400000, 0x000000008d500000|  0%| F|  |TAMS 0x000000008d400000| PB 0x000000008d400000| Untracked 
| 213|0x000000008d500000, 0x000000008d500000, 0x000000008d600000|  0%| F|  |TAMS 0x000000008d500000| PB 0x000000008d500000| Untracked 
| 214|0x000000008d600000, 0x000000008d600000, 0x000000008d700000|  0%| F|  |TAMS 0x000000008d600000| PB 0x000000008d600000| Untracked 
| 215|0x000000008d700000, 0x000000008d700000, 0x000000008d800000|  0%| F|  |TAMS 0x000000008d700000| PB 0x000000008d700000| Untracked 
| 216|0x000000008d800000, 0x000000008d800000, 0x000000008d900000|  0%| F|  |TAMS 0x000000008d800000| PB 0x000000008d800000| Untracked 
| 217|0x000000008d900000, 0x000000008d900000, 0x000000008da00000|  0%| F|  |TAMS 0x000000008d900000| PB 0x000000008d900000| Untracked 
| 218|0x000000008da00000, 0x000000008da00000, 0x000000008db00000|  0%| F|  |TAMS 0x000000008da00000| PB 0x000000008da00000| Untracked 
| 219|0x000000008db00000, 0x000000008db00000, 0x000000008dc00000|  0%| F|  |TAMS 0x000000008db00000| PB 0x000000008db00000| Untracked 
| 220|0x000000008dc00000, 0x000000008dc00000, 0x000000008dd00000|  0%| F|  |TAMS 0x000000008dc00000| PB 0x000000008dc00000| Untracked 
| 221|0x000000008dd00000, 0x000000008dd00000, 0x000000008de00000|  0%| F|  |TAMS 0x000000008dd00000| PB 0x000000008dd00000| Untracked 
| 222|0x000000008de00000, 0x000000008de00000, 0x000000008df00000|  0%| F|  |TAMS 0x000000008de00000| PB 0x000000008de00000| Untracked 
| 223|0x000000008df00000, 0x000000008df00000, 0x000000008e000000|  0%| F|  |TAMS 0x000000008df00000| PB 0x000000008df00000| Untracked 
| 224|0x000000008e000000, 0x000000008e000000, 0x000000008e100000|  0%| F|  |TAMS 0x000000008e000000| PB 0x000000008e000000| Untracked 
| 225|0x000000008e100000, 0x000000008e100000, 0x000000008e200000|  0%| F|  |TAMS 0x000000008e100000| PB 0x000000008e100000| Untracked 
| 226|0x000000008e200000, 0x000000008e200000, 0x000000008e300000|  0%| F|  |TAMS 0x000000008e200000| PB 0x000000008e200000| Untracked 
| 227|0x000000008e300000, 0x000000008e300000, 0x000000008e400000|  0%| F|  |TAMS 0x000000008e300000| PB 0x000000008e300000| Untracked 
| 228|0x000000008e400000, 0x000000008e400000, 0x000000008e500000|  0%| F|  |TAMS 0x000000008e400000| PB 0x000000008e400000| Untracked 
| 229|0x000000008e500000, 0x000000008e500000, 0x000000008e600000|  0%| F|  |TAMS 0x000000008e500000| PB 0x000000008e500000| Untracked 
| 230|0x000000008e600000, 0x000000008e600000, 0x000000008e700000|  0%| F|  |TAMS 0x000000008e600000| PB 0x000000008e600000| Untracked 
| 231|0x000000008e700000, 0x000000008e700000, 0x000000008e800000|  0%| F|  |TAMS 0x000000008e700000| PB 0x000000008e700000| Untracked 
| 232|0x000000008e800000, 0x000000008e800000, 0x000000008e900000|  0%| F|  |TAMS 0x000000008e800000| PB 0x000000008e800000| Untracked 
| 233|0x000000008e900000, 0x000000008e900000, 0x000000008ea00000|  0%| F|  |TAMS 0x000000008e900000| PB 0x000000008e900000| Untracked 
| 234|0x000000008ea00000, 0x000000008ea00000, 0x000000008eb00000|  0%| F|  |TAMS 0x000000008ea00000| PB 0x000000008ea00000| Untracked 
| 235|0x000000008eb00000, 0x000000008eb00000, 0x000000008ec00000|  0%| F|  |TAMS 0x000000008eb00000| PB 0x000000008eb00000| Untracked 
| 236|0x000000008ec00000, 0x000000008ec00000, 0x000000008ed00000|  0%| F|  |TAMS 0x000000008ec00000| PB 0x000000008ec00000| Untracked 
| 237|0x000000008ed00000, 0x000000008ed00000, 0x000000008ee00000|  0%| F|  |TAMS 0x000000008ed00000| PB 0x000000008ed00000| Untracked 
| 238|0x000000008ee00000, 0x000000008ee00000, 0x000000008ef00000|  0%| F|  |TAMS 0x000000008ee00000| PB 0x000000008ee00000| Untracked 
| 239|0x000000008ef00000, 0x000000008ef00000, 0x000000008f000000|  0%| F|  |TAMS 0x000000008ef00000| PB 0x000000008ef00000| Untracked 
| 240|0x000000008f000000, 0x000000008f000000, 0x000000008f100000|  0%| F|  |TAMS 0x000000008f000000| PB 0x000000008f000000| Untracked 
| 241|0x000000008f100000, 0x000000008f100000, 0x000000008f200000|  0%| F|  |TAMS 0x000000008f100000| PB 0x000000008f100000| Untracked 
| 242|0x000000008f200000, 0x000000008f200000, 0x000000008f300000|  0%| F|  |TAMS 0x000000008f200000| PB 0x000000008f200000| Untracked 
| 243|0x000000008f300000, 0x000000008f300000, 0x000000008f400000|  0%| F|  |TAMS 0x000000008f300000| PB 0x000000008f300000| Untracked 
| 244|0x000000008f400000, 0x000000008f400000, 0x000000008f500000|  0%| F|  |TAMS 0x000000008f400000| PB 0x000000008f400000| Untracked 
| 245|0x000000008f500000, 0x000000008f500000, 0x000000008f600000|  0%| F|  |TAMS 0x000000008f500000| PB 0x000000008f500000| Untracked 
| 246|0x000000008f600000, 0x000000008f600000, 0x000000008f700000|  0%| F|  |TAMS 0x000000008f600000| PB 0x000000008f600000| Untracked 
| 247|0x000000008f700000, 0x000000008f700000, 0x000000008f800000|  0%| F|  |TAMS 0x000000008f700000| PB 0x000000008f700000| Untracked 
| 248|0x000000008f800000, 0x000000008f8d4078, 0x000000008f900000| 82%| S|CS|TAMS 0x000000008f800000| PB 0x000000008f800000| Complete 
| 249|0x000000008f900000, 0x000000008fa00000, 0x000000008fa00000|100%| S|CS|TAMS 0x000000008f900000| PB 0x000000008f900000| Complete 
| 250|0x000000008fa00000, 0x000000008fa00000, 0x000000008fb00000|  0%| F|  |TAMS 0x000000008fa00000| PB 0x000000008fa00000| Untracked 
| 251|0x000000008fb00000, 0x000000008fb00000, 0x000000008fc00000|  0%| F|  |TAMS 0x000000008fb00000| PB 0x000000008fb00000| Untracked 
| 252|0x000000008fc00000, 0x000000008fc00000, 0x000000008fd00000|  0%| F|  |TAMS 0x000000008fc00000| PB 0x000000008fc00000| Untracked 
| 253|0x000000008fd00000, 0x000000008fd00000, 0x000000008fe00000|  0%| F|  |TAMS 0x000000008fd00000| PB 0x000000008fd00000| Untracked 
| 254|0x000000008fe00000, 0x000000008fe00000, 0x000000008ff00000|  0%| F|  |TAMS 0x000000008fe00000| PB 0x000000008fe00000| Untracked 
| 255|0x000000008ff00000, 0x000000008ff00000, 0x0000000090000000|  0%| F|  |TAMS 0x000000008ff00000| PB 0x000000008ff00000| Untracked 

Card table byte_map: [0x000002cb35ae0000,0x000002cb35ee0000] _byte_map_base: 0x000002cb356e0000

Marking Bits: (CMBitMap*) 0x000002cb0f07ea00
 Bits: [0x000002cb35ee0000, 0x000002cb37ee0000)

Polling page: 0x000002cb0f0b0000

Metaspace:

Usage:
  Non-class:     54.42 MB used.
      Class:      6.30 MB used.
       Both:     60.71 MB used.

Virtual space:
  Non-class space:       64.00 MB reserved,      54.88 MB ( 86%) committed,  1 nodes.
      Class space:        1.00 GB reserved,       6.62 MB ( <1%) committed,  1 nodes.
             Both:        1.06 GB reserved,      61.50 MB (  6%) committed. 

Chunk freelists:
   Non-Class:  8.38 MB
       Class:  9.32 MB
        Both:  17.70 MB

MaxMetaspaceSize: unlimited
CompressedClassSpaceSize: 1.00 GB
Initial GC threshold: 21.00 MB
Current GC threshold: 61.50 MB
CDS: off
 - commit_granule_bytes: 65536.
 - commit_granule_words: 8192.
 - virtual_space_node_default_size: 8388608.
 - enlarge_chunks_in_place: 1.
 - use_allocation_guard: 0.


Internal statistics:

num_allocs_failed_limit: 46.
num_arena_births: 998.
num_arena_deaths: 0.
num_vsnodes_births: 2.
num_vsnodes_deaths: 0.
num_space_committed: 981.
num_space_uncommitted: 0.
num_chunks_returned_to_freelist: 46.
num_chunks_taken_from_freelist: 2877.
num_chunk_merges: 36.
num_chunk_splits: 1883.
num_chunks_enlarged: 1213.
num_inconsistent_stats: 0.

CodeHeap 'non-profiled nmethods': size=259328Kb used=1277Kb max_used=1277Kb free=258050Kb
 bounds [0x000002cb24d10000, 0x000002cb24f80000, 0x000002cb34a50000]
CodeHeap 'profiled nmethods': size=259264Kb used=7688Kb max_used=7688Kb free=251576Kb
 bounds [0x000002cb14a50000, 0x000002cb151e0000, 0x000002cb24780000]
CodeHeap 'non-nmethods': size=5696Kb used=2220Kb max_used=2244Kb free=3475Kb
 bounds [0x000002cb24780000, 0x000002cb249f0000, 0x000002cb24d10000]
 total_blobs=5111 nmethods=4170 adapters=844
 compilation: enabled
              stopped_count=0, restarted_count=0
 full_count=0

Compilation events (20 events):
Event: 2.320 Thread 0x000002cb3ab3dba0 nmethod 4280 0x000002cb151ce190 code [0x000002cb151ce340, 0x000002cb151ce560]
Event: 2.320 Thread 0x000002cb3ab3dba0 4286       2       java.util.concurrent.ConcurrentHashMap$Traverser::<init> (36 bytes)
Event: 2.320 Thread 0x000002cb3ab3dba0 nmethod 4286 0x000002cb151ce690 code [0x000002cb151ce820, 0x000002cb151ce9a8]
Event: 2.320 Thread 0x000002cb3ab3dba0 4285       1       com.intellij.tasks.jira.jql.JqlFileType::getName (3 bytes)
Event: 2.320 Thread 0x000002cb3ab3dba0 nmethod 4285 0x000002cb24e4e810 code [0x000002cb24e4e9a0, 0x000002cb24e4ea70]
Event: 2.320 Thread 0x000002cb3ab3dba0 4287       2       com.intellij.concurrency.ConcurrentHashMap::casTabAt (11 bytes)
Event: 2.321 Thread 0x000002cb3ab3dba0 nmethod 4287 0x000002cb151cea90 code [0x000002cb151cece0, 0x000002cb151cf4b8]
Event: 2.321 Thread 0x000002cb3ab3dba0 4282       1       kotlinx.coroutines.EventLoopImplBase$DelayedTask::setIndex (6 bytes)
Event: 2.321 Thread 0x000002cb3ab3dba0 nmethod 4282 0x000002cb24e4eb10 code [0x000002cb24e4eca0, 0x000002cb24e4ed68]
Event: 2.321 Thread 0x000002cb3ab3dba0 4278       2       com.intellij.openapi.actionSystem.impl.ActionManagerImplKt::access$parseAnchor (7 bytes)
Event: 2.321 Thread 0x000002cb3ab3cf50 nmethod 4125 0x000002cb24e4ee10 code [0x000002cb24e4efc0, 0x000002cb24e4f458]
Event: 2.321 Thread 0x000002cb3ab3cf50 4288       4       java.util.HashMap$HashIterator::nextNode (100 bytes)
Event: 2.321 Thread 0x000002cb3ab3dba0 nmethod 4278 0x000002cb151cfa90 code [0x000002cb151cfc40, 0x000002cb151cfd40]
Event: 2.321 Thread 0x000002cb3ab3dba0 4289 %     3       java.util.AbstractCollection::toArray @ 39 (144 bytes)
Event: 2.322 Thread 0x000002cb3ab3dba0 nmethod 4289% 0x000002cb151cfe10 code [0x000002cb151d0100, 0x000002cb151d12e0]
Event: 2.322 Thread 0x000002cb3ab3dba0 4296       3       jdk.internal.util.ArraysSupport::hashCode (33 bytes)
Event: 2.322 Thread 0x000002cb3ab3dba0 nmethod 4296 0x000002cb151d1790 code [0x000002cb151d1940, 0x000002cb151d1b10]
Event: 2.322 Thread 0x000002cb3ab3dba0 4291       2       sun.security.util.DerInputStream::getOID (8 bytes)
Event: 2.322 Thread 0x000002cb3ab3dba0 nmethod 4291 0x000002cb151d1c10 code [0x000002cb151d1dc0, 0x000002cb151d1f10]
Event: 2.322 Thread 0x000002cb3ab3dba0 4292       2       jdk.internal.reflect.Reflection::verifyMemberAccess (200 bytes)

GC Heap History (17 events):
Event: 0.515 GC heap before
{Heap before GC invocations=0 (full 0):
 garbage-first heap   total 262144K, used 34816K [0x0000000080000000, 0x0000000100000000)
  region size 1024K, 23 young (23552K), 0 survivors (0K)
 Metaspace       used 19661K, committed 19904K, reserved 1114112K
  class space    used 1716K, committed 1856K, reserved 1048576K
}
Event: 0.523 GC heap after
{Heap after GC invocations=1 (full 0):
 garbage-first heap   total 262144K, used 20863K [0x0000000080000000, 0x0000000100000000)
  region size 1024K, 3 young (3072K), 3 survivors (3072K)
 Metaspace       used 19661K, committed 19904K, reserved 1114112K
  class space    used 1716K, committed 1856K, reserved 1048576K
}
Event: 0.608 GC heap before
{Heap before GC invocations=1 (full 0):
 garbage-first heap   total 262144K, used 43391K [0x0000000080000000, 0x0000000100000000)
  region size 1024K, 24 young (24576K), 3 survivors (3072K)
 Metaspace       used 20743K, committed 21056K, reserved 1114112K
  class space    used 1814K, committed 1984K, reserved 1048576K
}
Event: 0.615 GC heap after
{Heap after GC invocations=2 (full 0):
 garbage-first heap   total 262144K, used 33280K [0x0000000080000000, 0x0000000100000000)
  region size 1024K, 3 young (3072K), 3 survivors (3072K)
 Metaspace       used 20743K, committed 21056K, reserved 1114112K
  class space    used 1814K, committed 1984K, reserved 1048576K
}
Event: 0.649 GC heap before
{Heap before GC invocations=2 (full 0):
 garbage-first heap   total 262144K, used 41472K [0x0000000080000000, 0x0000000100000000)
  region size 1024K, 13 young (13312K), 3 survivors (3072K)
 Metaspace       used 21302K, committed 21504K, reserved 1114112K
  class space    used 1858K, committed 1984K, reserved 1048576K
}
Event: 0.653 GC heap after
{Heap after GC invocations=3 (full 0):
 garbage-first heap   total 262144K, used 38322K [0x0000000080000000, 0x0000000100000000)
  region size 1024K, 4 young (4096K), 4 survivors (4096K)
 Metaspace       used 21302K, committed 21504K, reserved 1114112K
  class space    used 1858K, committed 1984K, reserved 1048576K
}
Event: 1.492 GC heap before
{Heap before GC invocations=4 (full 0):
 garbage-first heap   total 262144K, used 56754K [0x0000000080000000, 0x0000000100000000)
  region size 1024K, 26 young (26624K), 4 survivors (4096K)
 Metaspace       used 35770K, committed 36160K, reserved 1114112K
  class space    used 3367K, committed 3520K, reserved 1048576K
}
Event: 1.497 GC heap after
{Heap after GC invocations=5 (full 0):
 garbage-first heap   total 262144K, used 40177K [0x0000000080000000, 0x0000000100000000)
  region size 1024K, 5 young (5120K), 5 survivors (5120K)
 Metaspace       used 35770K, committed 36160K, reserved 1114112K
  class space    used 3367K, committed 3520K, reserved 1048576K
}
Event: 1.506 GC heap before
{Heap before GC invocations=5 (full 0):
 garbage-first heap   total 262144K, used 42225K [0x0000000080000000, 0x0000000100000000)
  region size 1024K, 8 young (8192K), 5 survivors (5120K)
 Metaspace       used 36067K, committed 36480K, reserved 1114112K
  class space    used 3400K, committed 3584K, reserved 1048576K
}
Event: 1.509 GC heap after
{Heap after GC invocations=6 (full 0):
 garbage-first heap   total 262144K, used 40149K [0x0000000080000000, 0x0000000100000000)
  region size 1024K, 6 young (6144K), 6 survivors (6144K)
 Metaspace       used 36067K, committed 36480K, reserved 1114112K
  class space    used 3400K, committed 3584K, reserved 1048576K
}
Event: 1.513 GC heap before
{Heap before GC invocations=6 (full 0):
 garbage-first heap   total 262144K, used 43221K [0x0000000080000000, 0x0000000100000000)
  region size 1024K, 11 young (11264K), 6 survivors (6144K)
 Metaspace       used 36353K, committed 36800K, reserved 1114112K
  class space    used 3423K, committed 3648K, reserved 1048576K
}
Event: 1.516 GC heap after
{Heap after GC invocations=7 (full 0):
 garbage-first heap   total 262144K, used 39883K [0x0000000080000000, 0x0000000100000000)
  region size 1024K, 5 young (5120K), 5 survivors (5120K)
 Metaspace       used 36353K, committed 36800K, reserved 1114112K
  class space    used 3423K, committed 3648K, reserved 1048576K
}
Event: 2.197 GC heap before
{Heap before GC invocations=8 (full 0):
 garbage-first heap   total 262144K, used 128971K [0x0000000080000000, 0x0000000100000000)
  region size 1024K, 92 young (94208K), 5 survivors (5120K)
 Metaspace       used 61568K, committed 62336K, reserved 1114112K
  class space    used 6377K, committed 6720K, reserved 1048576K
}
Event: 2.232 GC heap after
{Heap after GC invocations=9 (full 0):
 garbage-first heap   total 262144K, used 61280K [0x0000000080000000, 0x0000000100000000)
  region size 1024K, 17 young (17408K), 17 survivors (17408K)
 Metaspace       used 61568K, committed 62336K, reserved 1114112K
  class space    used 6377K, committed 6720K, reserved 1048576K
}
Event: 2.270 GC heap before
{Heap before GC invocations=9 (full 0):
 garbage-first heap   total 262144K, used 65376K [0x0000000080000000, 0x0000000100000000)
  region size 1024K, 21 young (21504K), 17 survivors (17408K)
 Metaspace       used 61844K, committed 62656K, reserved 1114112K
  class space    used 6407K, committed 6784K, reserved 1048576K
}
Event: 2.299 GC heap after
{Heap after GC invocations=10 (full 0):
 garbage-first heap   total 262144K, used 63980K [0x0000000080000000, 0x0000000100000000)
  region size 1024K, 2 young (2048K), 2 survivors (2048K)
 Metaspace       used 61844K, committed 62656K, reserved 1114112K
  class space    used 6407K, committed 6784K, reserved 1048576K
}
Event: 2.336 GC heap before
{Heap before GC invocations=10 (full 0):
 garbage-first heap   total 262144K, used 66028K [0x0000000080000000, 0x0000000100000000)
  region size 1024K, 6 young (6144K), 2 survivors (2048K)
 Metaspace       used 62171K, committed 62976K, reserved 1114112K
  class space    used 6448K, committed 6784K, reserved 1048576K
}

Dll operation events (3 events):
Event: 0.022 Loaded shared library C:\Program Files\JetBrains\PyCharm 2024.2\jbr\bin\java.dll
Event: 0.029 Loaded shared library C:\Program Files\JetBrains\PyCharm 2024.2\jbr\bin\zip.dll
Event: 0.340 Loaded shared library C:\Program Files\JetBrains\PyCharm 2024.2\jbr\bin\verify.dll

Deoptimization events (20 events):
Event: 2.246 Thread 0x000002cb3f432a10 Uncommon trap: trap_request=0xffffff45 fr.pc=0x000002cb24e0e48c relative=0x00000000000010cc
Event: 2.246 Thread 0x000002cb3f432a10 Uncommon trap: reason=unstable_if action=reinterpret pc=0x000002cb24e0e48c method=java.util.concurrent.ConcurrentHashMap.putVal(Ljava/lang/Object;Ljava/lang/Object;Z)Ljava/lang/Object; @ 162 c2
Event: 2.246 Thread 0x000002cb3f432a10 DEOPT PACKING pc=0x000002cb24e0e48c sp=0x000000f50c6fc6d0
Event: 2.246 Thread 0x000002cb3f432a10 DEOPT UNPACKING pc=0x000002cb247d7da2 sp=0x000000f50c6fc668 mode 2
Event: 2.251 Thread 0x000002cb3f42f590 Uncommon trap: trap_request=0xffffffde fr.pc=0x000002cb24da84ac relative=0x000000000000018c
Event: 2.251 Thread 0x000002cb3f42f590 Uncommon trap: reason=class_check action=maybe_recompile pc=0x000002cb24da84ac method=java.lang.String.equals(Ljava/lang/Object;)Z @ 8 c2
Event: 2.251 Thread 0x000002cb3f42f590 DEOPT PACKING pc=0x000002cb24da84ac sp=0x000000f50d5fe6f0
Event: 2.251 Thread 0x000002cb3f42f590 DEOPT UNPACKING pc=0x000002cb247d7da2 sp=0x000000f50d5fe688 mode 2
Event: 2.307 Thread 0x000002cb3f42e1e0 Uncommon trap: trap_request=0xffffffc6 fr.pc=0x000002cb24d9ac34 relative=0x0000000000000774
Event: 2.307 Thread 0x000002cb3f42e1e0 Uncommon trap: reason=bimorphic_or_optimized_type_check action=maybe_recompile pc=0x000002cb24d9ac34 method=java.io.DataInputStream.readFully([BII)V @ 30 c2
Event: 2.307 Thread 0x000002cb3f42e1e0 DEOPT PACKING pc=0x000002cb24d9ac34 sp=0x000000f50c7fd7d0
Event: 2.307 Thread 0x000002cb3f42e1e0 DEOPT UNPACKING pc=0x000002cb247d7da2 sp=0x000000f50c7fd7a8 mode 2
Event: 2.309 Thread 0x000002cb3f42e1e0 Uncommon trap: trap_request=0xffffffc6 fr.pc=0x000002cb24d9ac34 relative=0x0000000000000774
Event: 2.309 Thread 0x000002cb3f42e1e0 Uncommon trap: reason=bimorphic_or_optimized_type_check action=maybe_recompile pc=0x000002cb24d9ac34 method=java.io.DataInputStream.readFully([BII)V @ 30 c2
Event: 2.309 Thread 0x000002cb3f42e1e0 DEOPT PACKING pc=0x000002cb24d9ac34 sp=0x000000f50c7fd8b0
Event: 2.309 Thread 0x000002cb3f42e1e0 DEOPT UNPACKING pc=0x000002cb247d7da2 sp=0x000000f50c7fd888 mode 2
Event: 2.318 Thread 0x000002cb3f4330a0 DEOPT PACKING pc=0x000002cb1508ab4d sp=0x000000f50c5fe570
Event: 2.318 Thread 0x000002cb3f4330a0 DEOPT UNPACKING pc=0x000002cb247d88e2 sp=0x000000f50c5fda88 mode 0
Event: 2.321 Thread 0x000002cb3f4330a0 DEOPT PACKING pc=0x000002cb151bf543 sp=0x000000f50c5fe510
Event: 2.321 Thread 0x000002cb3f4330a0 DEOPT UNPACKING pc=0x000002cb247d88e2 sp=0x000000f50c5fd988 mode 0

Classes loaded (20 events):
Event: 2.300 Loading class sun/security/x509/NetscapeCertTypeExtension$MapEntry
Event: 2.300 Loading class sun/security/x509/NetscapeCertTypeExtension$MapEntry done
Event: 2.301 Loading class sun/security/x509/SubjectAlternativeNameExtension
Event: 2.301 Loading class sun/security/x509/SubjectAlternativeNameExtension done
Event: 2.303 Loading class com/sun/swing/internal/plaf/basic/resources/basic done
Event: 2.303 Loading class com/sun/swing/internal/plaf/basic/resources/basic_pt
Event: 2.303 Loading class com/sun/swing/internal/plaf/basic/resources/basic_pt done
Event: 2.303 Loading class com/sun/swing/internal/plaf/basic/resources/basic_pt
Event: 2.303 Loading class com/sun/swing/internal/plaf/basic/resources/basic_pt done
Event: 2.303 Loading class com/sun/swing/internal/plaf/basic/resources/basic_pt_PT
Event: 2.303 Loading class com/sun/swing/internal/plaf/basic/resources/basic_pt_PT done
Event: 2.304 Loading class com/sun/swing/internal/plaf/basic/resources/basic_pt_PT
Event: 2.304 Loading class com/sun/swing/internal/plaf/basic/resources/basic_pt_PT done
Event: 2.306 Loading class sun/security/x509/RFC822Name
Event: 2.306 Loading class sun/security/x509/RFC822Name done
Event: 2.306 Loading class sun/security/x509/IssuerAlternativeNameExtension
Event: 2.307 Loading class sun/security/x509/IssuerAlternativeNameExtension done
Event: 2.312 Loading class jdk/internal/vm/VMSupport done
Event: 2.314 Loading class jdk/internal/vm/VMSupport$AnnotationDecoder
Event: 2.314 Loading class jdk/internal/vm/VMSupport$AnnotationDecoder done

Classes unloaded (0 events):
No events

Classes redefined (0 events):
No events

Internal exceptions (20 events):
Event: 2.066 Thread 0x000002cb3ab23670 Exception <a 'java/lang/NoSuchMethodError'{0x000000008ba31058}: com.intellij.ide.IdeTooltipManager: method 'void <init>()' not found> (0x000000008ba31058) 
thrown [s\src\hotspot\share\interpreter\linkResolver.cpp, line 1174]
Event: 2.075 Thread 0x000002cb3f434ae0 Exception <a 'sun/nio/fs/WindowsException'{0x000000008b9979c8}> (0x000000008b9979c8) 
thrown [s\src\hotspot\share\prims\jni.cpp, line 535]
Event: 2.075 Thread 0x000002cb3f434ae0 Exception <a 'sun/nio/fs/WindowsException'{0x000000008b9988c8}> (0x000000008b9988c8) 
thrown [s\src\hotspot\share\prims\jni.cpp, line 535]
Event: 2.084 Thread 0x000002cb3f42e1e0 Exception <a 'sun/nio/fs/WindowsException'{0x000000008b8d8798}> (0x000000008b8d8798) 
thrown [s\src\hotspot\share\prims\jni.cpp, line 535]
Event: 2.090 Thread 0x000002cb3f432a10 Exception <a 'java/lang/NoSuchMethodError'{0x000000008bb687e0}: 'java.lang.Object java.lang.invoke.DirectMethodHandle$Holder.newInvokeSpecial(java.lang.Object, java.lang.Object, java.lang.Object, int)'> (0x000000008bb687e0) 
thrown [s\src\hotspot\share\interpreter\linkResolver.cpp, line 784]
Event: 2.091 Thread 0x000002cb3f42e1e0 Exception <a 'java/lang/NoSuchMethodError'{0x000000008b8f3408}: 'float java.lang.invoke.DelegatingMethodHandle$Holder.reinvoke_L(java.lang.Object, java.lang.Object)'> (0x000000008b8f3408) 
thrown [s\src\hotspot\share\interpreter\linkResolver.cpp, line 784]
Event: 2.091 Thread 0x000002cb3f42e1e0 Exception <a 'java/lang/NoSuchMethodError'{0x000000008b8fd478}: 'void java.lang.invoke.DelegatingMethodHandle$Holder.reinvoke_L(java.lang.Object, java.lang.Object, float)'> (0x000000008b8fd478) 
thrown [s\src\hotspot\share\interpreter\linkResolver.cpp, line 784]
Event: 2.100 Thread 0x000002cb3f42e1e0 Exception <a 'sun/nio/fs/WindowsException'{0x000000008b628250}> (0x000000008b628250) 
thrown [s\src\hotspot\share\prims\jni.cpp, line 535]
Event: 2.118 Thread 0x000002cb3f434ae0 Exception <a 'java/lang/NoSuchMethodError'{0x000000008b42d300}: 'int java.lang.invoke.DirectMethodHandle$Holder.invokeStaticInit(java.lang.Object, java.lang.Object)'> (0x000000008b42d300) 
thrown [s\src\hotspot\share\interpreter\linkResolver.cpp, line 784]
Event: 2.133 Thread 0x000002cb3f42e1e0 Exception <a 'java/lang/NoSuchMethodError'{0x000000008b464d90}: 'java.lang.Object java.lang.invoke.DirectMethodHandle$Holder.invokeSpecial(java.lang.Object, java.lang.Object, java.lang.Object, int, java.lang.Object)'> (0x000000008b464d90) 
thrown [s\src\hotspot\share\interpreter\linkResolver.cpp, line 784]
Event: 2.133 Thread 0x000002cb3f42e1e0 Exception <a 'java/lang/NoSuchMethodError'{0x000000008b46bfa0}: 'java.lang.Object java.lang.invoke.DirectMethodHandle$Holder.invokeSpecial(java.lang.Object, java.lang.Object, java.lang.Object, java.lang.Object, int)'> (0x000000008b46bfa0) 
thrown [s\src\hotspot\share\interpreter\linkResolver.cpp, line 784]
Event: 2.134 Thread 0x000002cb3f42e1e0 Exception <a 'java/lang/NoSuchMethodError'{0x000000008b46f6d8}: 'java.lang.Object java.lang.invoke.Invokers$Holder.linkToTargetMethod(java.lang.Object, java.lang.Object, int, java.lang.Object)'> (0x000000008b46f6d8) 
thrown [s\src\hotspot\share\interpreter\linkResolver.cpp, line 784]
Event: 2.135 Thread 0x000002cb3f42e1e0 Exception <a 'java/lang/NoSuchMethodError'{0x000000008b474908}: 'java.lang.Object java.lang.invoke.DirectMethodHandle$Holder.invokeStatic(java.lang.Object, java.lang.Object, int, int)'> (0x000000008b474908) 
thrown [s\src\hotspot\share\interpreter\linkResolver.cpp, line 784]
Event: 2.148 Thread 0x000002cb3f432a10 Exception <a 'java/lang/NoSuchMethodError'{0x000000008b02fcc8}: com.intellij.ide.plugins.marketplace.MarketplaceRequests: method 'void <init>()' not found> (0x000000008b02fcc8) 
thrown [s\src\hotspot\share\interpreter\linkResolver.cpp, line 1174]
Event: 2.157 Thread 0x000002cb3f4330a0 Exception <a 'java/lang/NoSuchMethodError'{0x000000008ae986e0}: 'void java.lang.invoke.DirectMethodHandle$Holder.invokeVirtual(java.lang.Object, java.lang.Object)'> (0x000000008ae986e0) 
thrown [s\src\hotspot\share\interpreter\linkResolver.cpp, line 784]
Event: 2.172 Thread 0x000002cb3f432a10 Exception <a 'java/lang/NoSuchMethodError'{0x000000008b053df8}: com.intellij.openapi.editor.impl.EditorFactoryImpl: method 'void <init>()' not found> (0x000000008b053df8) 
thrown [s\src\hotspot\share\interpreter\linkResolver.cpp, line 1174]
Event: 2.186 Thread 0x000002cb3f432a10 Exception <a 'java/lang/NoSuchMethodError'{0x000000008b07e580}: com.intellij.configurationStore.SaveAndSyncHandlerImpl: method 'void <init>()' not found> (0x000000008b07e580) 
thrown [s\src\hotspot\share\interpreter\linkResolver.cpp, line 1174]
Event: 2.261 Thread 0x000002cb3f42f590 Exception <a 'java/lang/ClassNotFoundException'{0x000000008fe103c0}: com/sun/swing/internal/plaf/metal/resources/spi/metalProvider> (0x000000008fe103c0) 
thrown [s\src\hotspot\share\classfile\systemDictionary.cpp, line 312]
Event: 2.303 Thread 0x000002cb3f42f590 Exception <a 'java/lang/ClassNotFoundException'{0x000000008ff00b10}: com/sun/swing/internal/plaf/basic/resources/spi/basicProvider> (0x000000008ff00b10) 
thrown [s\src\hotspot\share\classfile\systemDictionary.cpp, line 312]
Event: 2.315 Thread 0x000002cb3ab23670 Exception <a 'java/lang/UnsatisfiedLinkError'{0x000000008fd07cf0}: Impossível localizar o procedimento especificado.
> (0x000000008fd07cf0) 
thrown [s\src\hotspot\share\prims\jni.cpp, line 554]

ZGC Phase Switch (0 events):
No events

VM Operations (20 events):
Event: 2.052 Executing VM operation: HandshakeAllThreads (Deoptimize) done
Event: 2.056 Executing VM operation: HandshakeAllThreads (Deoptimize)
Event: 2.056 Executing VM operation: HandshakeAllThreads (Deoptimize) done
Event: 2.129 Executing VM operation: ICBufferFull
Event: 2.131 Executing VM operation: ICBufferFull done
Event: 2.136 Executing VM operation: HandshakeAllThreads (Deoptimize)
Event: 2.152 Executing VM operation: HandshakeAllThreads (Deoptimize) done
Event: 2.175 Executing VM operation: HandshakeAllThreads (Deoptimize)
Event: 2.184 Executing VM operation: HandshakeAllThreads (Deoptimize) done
Event: 2.197 Executing VM operation: CollectForMetadataAllocation (Metadata GC Threshold)
Event: 2.234 Executing VM operation: CollectForMetadataAllocation (Metadata GC Threshold) done
Event: 2.245 Executing VM operation: CollectForMetadataAllocation (Metadata GC Threshold)
Event: 2.245 Executing VM operation: CollectForMetadataAllocation (Metadata GC Threshold) done
Event: 2.262 Executing VM operation: CollectForMetadataAllocation (Metadata GC Threshold)
Event: 2.299 Executing VM operation: CollectForMetadataAllocation (Metadata GC Threshold) done
Event: 2.299 Executing VM operation: CollectForMetadataAllocation (Metadata GC Threshold)
Event: 2.299 Executing VM operation: CollectForMetadataAllocation (Metadata GC Threshold) done
Event: 2.307 Executing VM operation: CollectForMetadataAllocation (Metadata GC Threshold)
Event: 2.309 Executing VM operation: CollectForMetadataAllocation (Metadata GC Threshold) done
Event: 2.323 Executing VM operation: CollectForMetadataAllocation (Metadata GC Threshold)

Events (20 events):
Event: 1.536 Thread 0x000002cb3aaaa4f0 flushing nmethod 0x000002cb14a50010
Event: 1.536 Thread 0x000002cb3aaaa4f0 flushing nmethod 0x000002cb24d42d10
Event: 1.536 Thread 0x000002cb3aaaa4f0 flushing nmethod 0x000002cb24d3ca10
Event: 1.536 Thread 0x000002cb3aaaa4f0 flushing nmethod 0x000002cb24d3a510
Event: 1.536 Thread 0x000002cb3aaaa4f0 flushing nmethod 0x000002cb24d3ba10
Event: 1.536 Thread 0x000002cb3aaaa4f0 flushing nmethod 0x000002cb24d39190
Event: 1.536 Thread 0x000002cb3aaaa4f0 flushing nmethod 0x000002cb24d19510
Event: 1.536 Thread 0x000002cb3aaaa4f0 flushing nmethod 0x000002cb24d18310
Event: 1.536 Thread 0x000002cb3aaaa4f0 flushing nmethod 0x000002cb24d17d10
Event: 1.552 Thread 0x000002cb3f434ae0 Thread added: 0x000002cb3f434ae0
Event: 1.553 Thread 0x000002cb3f42db50 Thread added: 0x000002cb3f42db50
Event: 1.580 Thread 0x000002cb3f435170 Thread added: 0x000002cb3f435170
Event: 1.690 Thread 0x000002cb3f430940 Thread added: 0x000002cb3f430940
Event: 1.766 Thread 0x000002cb01a4c5d0 Thread added: 0x000002cb01a4c5d0
Event: 1.779 Thread 0x000002cb01a4a500 Thread added: 0x000002cb01a4a500
Event: 1.800 Thread 0x000002cb01a4d2f0 Thread added: 0x000002cb01a4d2f0
Event: 1.831 Thread 0x000002cb01a47da0 Thread added: 0x000002cb01a47da0
Event: 2.083 Thread 0x000002cb01a4bf40 Thread added: 0x000002cb01a4bf40
Event: 2.089 Thread 0x000002cb01a4e6a0 Thread added: 0x000002cb01a4e6a0
Event: 2.155 Thread 0x000002cb01a4ed30 Thread added: 0x000002cb01a4ed30


Dynamic libraries:
0x00007ff6ee0e0000 - 0x00007ff6ee24c000 	C:\Program Files\JetBrains\PyCharm 2024.2\bin\pycharm64.exe
0x00007ffd07cd0000 - 0x00007ffd07ec8000 	C:\WINDOWS\SYSTEM32\ntdll.dll
0x00007ffce6000000 - 0x00007ffce601a000 	C:\Program Files\Avast Software\Avast\aswhook.dll
0x00007ffd07840000 - 0x00007ffd07902000 	C:\WINDOWS\System32\KERNEL32.DLL
0x00007ffd05870000 - 0x00007ffd05b6e000 	C:\WINDOWS\System32\KERNELBASE.dll
0x00007ffd05f50000 - 0x00007ffd06001000 	C:\WINDOWS\System32\ADVAPI32.dll
0x00007ffd074d0000 - 0x00007ffd0756e000 	C:\WINDOWS\System32\msvcrt.dll
0x00007ffd06ac0000 - 0x00007ffd06b5f000 	C:\WINDOWS\System32\sechost.dll
0x00007ffd06f30000 - 0x00007ffd07053000 	C:\WINDOWS\System32\RPCRT4.dll
0x00007ffd053e0000 - 0x00007ffd05407000 	C:\WINDOWS\System32\bcrypt.dll
0x00007ffd06c30000 - 0x00007ffd06cfd000 	C:\WINDOWS\System32\OLEAUT32.dll
0x00007ffd05b70000 - 0x00007ffd05c0d000 	C:\WINDOWS\System32\msvcp_win.dll
0x00007ffd05410000 - 0x00007ffd05510000 	C:\WINDOWS\System32\ucrtbase.dll
0x00007ffd03670000 - 0x00007ffd03854000 	C:\WINDOWS\SYSTEM32\dbghelp.dll
0x00007ffd07930000 - 0x00007ffd07c83000 	C:\WINDOWS\System32\combase.dll
0x00007ffd06350000 - 0x00007ffd06abd000 	C:\WINDOWS\System32\SHELL32.dll
0x00007ffd076a0000 - 0x00007ffd0783d000 	C:\WINDOWS\System32\USER32.dll
0x00007ffd05630000 - 0x00007ffd05652000 	C:\WINDOWS\System32\win32u.dll
0x00007ffd06b70000 - 0x00007ffd06b9b000 	C:\WINDOWS\System32\GDI32.dll
0x00007ffd05510000 - 0x00007ffd05627000 	C:\WINDOWS\System32\gdi32full.dll
0x00007ffd05220000 - 0x00007ffd0524e000 	C:\WINDOWS\SYSTEM32\USERENV.dll
0x00007ffce4860000 - 0x00007ffce4887000 	C:\WINDOWS\SYSTEM32\WINMM.dll
0x00007ffd04b60000 - 0x00007ffd04b6c000 	C:\WINDOWS\SYSTEM32\CRYPTBASE.DLL
0x00007ffd05f20000 - 0x00007ffd05f4f000 	C:\WINDOWS\System32\IMM32.DLL
0x00007ffd02df0000 - 0x00007ffd03594000 	C:\WINDOWS\SYSTEM32\windows.storage.dll
0x00007ffd04bf0000 - 0x00007ffd04c1e000 	C:\WINDOWS\SYSTEM32\Wldp.dll
0x00007ffd06e80000 - 0x00007ffd06f2d000 	C:\WINDOWS\System32\SHCORE.dll
0x00007ffd06e20000 - 0x00007ffd06e75000 	C:\WINDOWS\System32\shlwapi.dll
0x00007ffd052a0000 - 0x00007ffd052c4000 	C:\WINDOWS\SYSTEM32\profapi.dll
0x00007ffd04560000 - 0x00007ffd04593000 	C:\WINDOWS\SYSTEM32\ntmarta.dll
0x00007ffc9a420000 - 0x00007ffc9b1d2000 	C:\Program Files\JetBrains\PyCharm 2024.2\jbr\bin\server\jvm.dll
0x00007ffd06220000 - 0x00007ffd0628b000 	C:\WINDOWS\System32\WS2_32.dll
0x00007ffd022d0000 - 0x00007ffd022eb000 	C:\Program Files\JetBrains\PyCharm 2024.2\jbr\bin\VCRUNTIME140.dll
0x00007ffd04cf0000 - 0x00007ffd04d3b000 	C:\WINDOWS\SYSTEM32\POWRPROF.dll
0x00007ffcfdac0000 - 0x00007ffcfdacc000 	C:\Program Files\JetBrains\PyCharm 2024.2\jbr\bin\VCRUNTIME140_1.dll
0x00007ffd02310000 - 0x00007ffd0231a000 	C:\WINDOWS\SYSTEM32\VERSION.dll
0x00007ffd04cd0000 - 0x00007ffd04ce2000 	C:\WINDOWS\SYSTEM32\UMPDC.dll
0x00007ffcf7540000 - 0x00007ffcf754a000 	C:\Program Files\JetBrains\PyCharm 2024.2\jbr\bin\jimage.dll
0x00007ffcf8cf0000 - 0x00007ffcf8d24000 	C:\WINDOWS\SYSTEM32\dbgcore.DLL
0x00007ffd05c60000 - 0x00007ffd05ce2000 	C:\WINDOWS\System32\bcryptPrimitives.dll
0x00007ffcf65a0000 - 0x00007ffcf65bf000 	C:\Program Files\JetBrains\PyCharm 2024.2\jbr\bin\java.dll
0x00007ffd03970000 - 0x00007ffd03982000 	C:\WINDOWS\SYSTEM32\kernel.appcore.dll
0x00007ffcf64b0000 - 0x00007ffcf64c8000 	C:\Program Files\JetBrains\PyCharm 2024.2\jbr\bin\zip.dll
0x00007ffcf64a0000 - 0x00007ffcf64b0000 	C:\Program Files\JetBrains\PyCharm 2024.2\jbr\bin\net.dll
0x00007ffd01200000 - 0x00007ffd0130d000 	C:\WINDOWS\SYSTEM32\WINHTTP.dll
0x00007ffd049d0000 - 0x00007ffd04a3a000 	C:\WINDOWS\system32\mswsock.dll
0x00007ffcf6480000 - 0x00007ffcf6496000 	C:\Program Files\JetBrains\PyCharm 2024.2\jbr\bin\nio.dll
0x00007ffcf6470000 - 0x00007ffcf6480000 	C:\Program Files\JetBrains\PyCharm 2024.2\jbr\bin\verify.dll
0x00007ffcc5b60000 - 0x00007ffcc5cf8000 	C:\Program Files\JetBrains\PyCharm 2024.2\jbr\bin\awt.dll
0x00007ffd028f0000 - 0x00007ffd0291f000 	C:\WINDOWS\SYSTEM32\dwmapi.dll
0x00007ffcf6420000 - 0x00007ffcf6464000 	C:\Program Files\JetBrains\PyCharm 2024.2\jbr\bin\nvdaControllerClient64.dll
0x00007ffcf12c0000 - 0x00007ffcf134d000 	C:\Program Files\JetBrains\PyCharm 2024.2\bin\MSVCP140.dll
0x00007ffd00bb0000 - 0x00007ffd00c44000 	C:\WINDOWS\SYSTEM32\apphelp.dll
0x00007ffcf6410000 - 0x00007ffcf641e000 	C:\Program Files\JetBrains\PyCharm 2024.2\jbr\bin\sunmscapi.dll
0x00007ffd05660000 - 0x00007ffd057bc000 	C:\WINDOWS\System32\CRYPT32.dll
0x00007ffd04e10000 - 0x00007ffd04e37000 	C:\WINDOWS\SYSTEM32\ncrypt.dll
0x00007ffd04dd0000 - 0x00007ffd04e0b000 	C:\WINDOWS\SYSTEM32\NTASN1.dll
0x00007ffcf6400000 - 0x00007ffcf6409000 	C:\Program Files\JetBrains\PyCharm 2024.2\jbr\bin\prefs.dll
0x00007ffc85050000 - 0x00007ffc85057000 	C:\WINDOWS\system32\wshunix.dll
0x00007ffd04c90000 - 0x00007ffd04ca8000 	C:\WINDOWS\SYSTEM32\CRYPTSP.dll
0x00007ffd04310000 - 0x00007ffd04344000 	C:\WINDOWS\system32\rsaenh.dll
0x00007ffcdc990000 - 0x00007ffcdca40000 	C:\WINDOWS\WinSxS\amd64_microsoft.windows.common-controls_6595b64144ccf1df_5.82.19041.4355_none_792ecafd2442822f\COMCTL32.dll
0x00007ffd02680000 - 0x00007ffd0271e000 	C:\WINDOWS\system32\uxtheme.dll
0x00007ffd046d0000 - 0x00007ffd0470b000 	C:\WINDOWS\SYSTEM32\IPHLPAPI.DLL
0x00007ffd05f10000 - 0x00007ffd05f18000 	C:\WINDOWS\System32\NSI.dll
0x00007ffd06d00000 - 0x00007ffd06e15000 	C:\WINDOWS\System32\MSCTF.dll
0x00007ffd07570000 - 0x00007ffd0769b000 	C:\WINDOWS\System32\ole32.dll
0x00007ffcc5ed0000 - 0x00007ffcc5f57000 	C:\Program Files\JetBrains\PyCharm 2024.2\jbr\bin\freetype.dll
0x00007ffcb85e0000 - 0x00007ffcb86c5000 	C:\Program Files\JetBrains\PyCharm 2024.2\jbr\bin\fontmanager.dll
0x00007ffcdab30000 - 0x00007ffcdac58000 	C:\WINDOWS\system32\opengl32.dll
0x00007ffcee930000 - 0x00007ffcee95c000 	C:\WINDOWS\SYSTEM32\GLU32.dll
0x00007ffcf63b0000 - 0x00007ffcf63b9000 	C:\Program Files\JetBrains\PyCharm 2024.2\jbr\bin\extnet.dll
0x00007ffcf13e0000 - 0x00007ffcf1425000 	C:\Program Files\JetBrains\PyCharm 2024.2\lib\jna\amd64\jnidispatch.dll
0x00007ffd06b60000 - 0x00007ffd06b68000 	C:\WINDOWS\System32\PSAPI.DLL
0x00007ffcf5020000 - 0x00007ffcf5029000 	C:\Program Files\JetBrains\PyCharm 2024.2\jbr\bin\management.dll
0x00007ffcf13b0000 - 0x00007ffcf13bb000 	C:\Program Files\JetBrains\PyCharm 2024.2\jbr\bin\management_ext.dll

dbghelp: loaded successfully - version: 4.0.5 - missing functions: none
symbol engine: initialized successfully - sym options: 0x614 - pdb path: .;C:\Program Files\JetBrains\PyCharm 2024.2\bin;C:\WINDOWS\SYSTEM32;C:\Program Files\Avast Software\Avast;C:\Program Files\JetBrains\PyCharm 2024.2\jbr\bin\server;C:\Program Files\JetBrains\PyCharm 2024.2\jbr\bin;C:\WINDOWS\WinSxS\amd64_microsoft.windows.common-controls_6595b64144ccf1df_5.82.19041.4355_none_792ecafd2442822f;C:\Program Files\JetBrains\PyCharm 2024.2\lib\jna\amd64

VM Arguments:
jvm_args: abort vfprintf -XX:ErrorFile=C:\Users\Priza -Crédito\java_error_in_pycharm_%p.log -XX:HeapDumpPath=C:\Users\Priza -Crédito\java_error_in_pycharm.hprof -Xms256m -Xmx2048m -XX:+HeapDumpOnOutOfMemoryError -XX:-OmitStackTraceInFastThrow -XX:+IgnoreUnrecognizedVMOptions -ea -Dsun.io.useCanonCaches=false -Dsun.java2d.metal=true -Djbr.catch.SIGABRT=true -Djdk.http.auth.tunneling.disabledSchemes="" -Djdk.attach.allowAttachSelf=true -Djdk.module.illegalAccess.silent=true -Dkotlinx.coroutines.debug=off -XX:CICompilerCount=2 -XX:ReservedCodeCacheSize=512m -XX:+UnlockDiagnosticVMOptions -XX:TieredOldPercentage=100000 -Djb.vmOptionsFile=C:\Users\Priza -Crédito\AppData\Roaming\JetBrains\PyCharm2024.2\pycharm64.exe.vmoptions -Djava.system.class.loader=com.intellij.util.lang.PathClassLoader -Didea.vendor.name=JetBrains -Didea.paths.selector=PyCharm2024.2 -Djna.boot.library.path=C:\Program Files\JetBrains\PyCharm 2024.2/lib/jna/amd64 -Dpty4j.preferred.native.folder=C:\Program Files\JetBrains\PyCharm 2024.2/lib/pty4j -Djna.nosys=true -Djna.noclasspath=true -Dintellij.platform.runtime.repository.path=C:\Program Files\JetBrains\PyCharm 2024.2/modules/module-descriptors.jar -Didea.platform.prefix=Python -Dsplash=true -Daether.connector.resumeDownloads=false --add-opens=java.base/java.io=ALL-UNNAMED --add-opens=java.base/java.lang=ALL-UNNAMED --add-opens=java.base/java.lang.ref=ALL-UNNAMED --add-opens=java.base/java.lang.reflect=ALL-UNNAMED --add-opens=java.base/java.net=ALL-UNNAMED --add-opens=java.base/java.nio=ALL-UNNAMED --add-opens=java.base/java.nio.charset=ALL-UNNAMED --add-opens=java.base/java.text=ALL-UNNAMED --add-opens=java.base/java.time=ALL-UNNAMED --add-opens=java.base/java.util=ALL-UNNAMED --add-opens=java.base/java.util.concurrent=ALL-UNNAMED --add-opens=java.base/java.util.concurrent.atomic=ALL-UNNAMED --add-opens=java.base/java.util.concurrent.locks=ALL-UNNAMED --add-opens=java.base/jdk.internal.vm=ALL-UNNAMED --add-opens=java.base/sun.net.dns=ALL-UNNAMED --add-opens=java.base/sun.nio.ch=ALL-UNNAMED --add-opens=java.base/sun.nio.fs=ALL-UNNAMED --add-opens=java.base/sun.security.ssl=ALL-UNNAMED --add-opens=java.base/sun.security.util=ALL-UNNAMED --add-opens=java.desktop/com.sun.java.swing=ALL-UNNAMED --add-opens=java.desktop/java.awt=ALL-UNNAMED --add-opens=java.desktop/java.awt.dnd.peer=ALL-UNNAMED --add-opens=java.desktop/java.awt.event=ALL-UNNAMED --add-opens=java.desktop/java.awt.font=ALL-UNNAMED --add-opens=java.desktop/java.awt.image=ALL-UNNAMED --add-opens=java.desktop/java.awt.peer=ALL-UNNAMED --add-opens=java.desktop/javax.swing=ALL-UNNAMED --add-opens=java.desktop/javax.swing.plaf.basic=ALL-UNNAMED --add-opens=java.desktop/javax.swing.text=ALL-UNNAMED --add-opens=java.desktop/javax.swing.text.html=ALL-UNNAMED --add-opens=java.desktop/sun.awt=ALL-UNNAMED --add-opens=java.desktop/sun.awt.datatransfer=ALL-UNNAMED --add-opens=java.desktop/sun.awt.image=ALL-UNNAMED --add-opens=java.desktop/sun.awt.windows=ALL-UNNAMED --add-opens=java.desktop/sun.font=ALL-UNNAMED --add-opens=java.desktop/sun.java2d=ALL-UNNAMED --add-opens=java.desktop/sun.swing=ALL-UNNAMED --add-opens=java.management/sun.management=ALL-UNNAMED --add-opens=jdk.attach/sun.tools.attach=ALL-UNNAMED --add-opens=jdk.compiler/com.sun.tools.javac.api=ALL-UNNAMED --add-opens=jdk.internal.jvmstat/sun.jvmstat.monitor=ALL-UNNAMED --add-opens=jdk.jdi/com.sun.tools.jdi=ALL-UNNAMED -Dide.native.launcher=true -Djcef.sandbox.ptr=000002CB0EECFD90 -Djcef.sandbox.cefVersion=122.1.9+gd14e051+chromium-122.0.6261.94 
java_command: com.intellij.idea.Main C:\Users\Priza -Crédito\OneDrive\Documentos\Ambiente de Trabalho\EMANUEL PASCOAL PRIZA\mYstuffs\Projectos\Sistema Control_Inadimplência\main.py
java_class_path (initial): C:\Program Files\JetBrains\PyCharm 2024.2\lib\platform-loader.jar;C:\Program Files\JetBrains\PyCharm 2024.2\lib\util-8.jar;C:\Program Files\JetBrains\PyCharm 2024.2\lib\util.jar;C:\Program Files\JetBrains\PyCharm 2024.2\lib\app-client.jar;C:\Program Files\JetBrains\PyCharm 2024.2\lib\util_rt.jar;C:\Program Files\JetBrains\PyCharm 2024.2\lib\product.jar;C:\Program Files\JetBrains\PyCharm 2024.2\lib\opentelemetry.jar;C:\Program Files\JetBrains\PyCharm 2024.2\lib\app.jar;C:\Program Files\JetBrains\PyCharm 2024.2\lib\product-client.jar;C:\Program Files\JetBrains\PyCharm 2024.2\lib\lib-client.jar;C:\Program Files\JetBrains\PyCharm 2024.2\lib\stats.jar;C:\Program Files\JetBrains\PyCharm 2024.2\lib\jps-model.jar;C:\Program Files\JetBrains\PyCharm 2024.2\lib\external-system-rt.jar;C:\Program Files\JetBrains\PyCharm 2024.2\lib\rd.jar;C:\Program Files\JetBrains\PyCharm 2024.2\lib\bouncy-castle.jar;C:\Program Files\JetBrains\PyCharm 2024.2\lib\protobuf.jar;C:\Program Files\JetBrains\PyCharm 2024.2\lib\forms_rt.jar;C:\Program Files\JetBrains\PyCharm 2024.2\lib\lib.jar;C:\Program Files\JetBrains\PyCharm 2024.2\lib\externalProcess-rt.jar;C:\Program Files\JetBrains\PyCharm 2024.2\lib\groovy.jar;C:\Program Files\JetBrains\PyCharm 2024.2\lib\annotations.jar;C:\Program Files\JetBrains\PyCharm 2024.2\lib\jsch-agent.jar;C:\Program Files\JetBrains\PyCharm 2024.2\lib\junit4.jar;C:\Program Files\JetBrains\PyCharm 2024.2\lib\nio-fs.jar;C:\Program Files\JetBrains\PyCharm 2024.2\lib\trove.jar
Launcher Type: generic

[Global flags]
     intx CICompilerCount                          = 2                                         {product} {command line}
     uint ConcGCThreads                            = 2                                         {product} {ergonomic}
    ccstr ErrorFile                                = C:\Users\Priza -Crédito\java_error_in_pycharm_%p.log            {product} {command line}
     uint G1ConcRefinementThreads                  = 8                                         {product} {ergonomic}
   size_t G1HeapRegionSize                         = 1048576                                   {product} {ergonomic}
    uintx GCDrainStackTargetSize                   = 64                                        {product} {ergonomic}
     bool HeapDumpOnOutOfMemoryError               = true                                   {manageable} {command line}
    ccstr HeapDumpPath                             = C:\Users\Priza -Crédito\java_error_in_pycharm.hprof         {manageable} {command line}
     bool IgnoreUnrecognizedVMOptions              = true                                      {product} {command line}
   size_t InitialHeapSize                          = 268435456                                 {product} {command line}
   size_t MarkStackSize                            = 4194304                                   {product} {ergonomic}
   size_t MaxHeapSize                              = 2147483648                                {product} {command line}
   size_t MaxNewSize                               = 1287651328                                {product} {ergonomic}
   size_t MinHeapDeltaBytes                        = 1048576                                   {product} {ergonomic}
   size_t MinHeapSize                              = 268435456                                 {product} {command line}
    uintx NonNMethodCodeHeapSize                   = 5826188                                {pd product} {ergonomic}
    uintx NonProfiledCodeHeapSize                  = 265522362                              {pd product} {ergonomic}
     bool OmitStackTraceInFastThrow                = false                                     {product} {command line}
    uintx ProfiledCodeHeapSize                     = 265522362                              {pd product} {ergonomic}
    uintx ReservedCodeCacheSize                    = 536870912                              {pd product} {command line}
     bool SegmentedCodeCache                       = true                                      {product} {ergonomic}
   size_t SoftMaxHeapSize                          = 2147483648                             {manageable} {ergonomic}
     intx TieredOldPercentage                      = 100000                                 {diagnostic} {command line}
     bool UnlockDiagnosticVMOptions                = true                                   {diagnostic} {command line}
     bool UseCompressedOops                        = true                           {product lp64_product} {ergonomic}
     bool UseG1GC                                  = true                                      {product} {ergonomic}
     bool UseLargePagesIndividualAllocation        = false                                  {pd product} {ergonomic}

Logging:
Log output configuration:
 #0: stdout all=warning uptime,level,tags foldmultilines=false
 #1: stderr all=off uptime,level,tags foldmultilines=false

Environment Variables:
PATH=C:\WINDOWS\system32;C:\WINDOWS;C:\WINDOWS\System32\Wbem;C:\WINDOWS\System32\WindowsPowerShell\v1.0\;C:\WINDOWS\System32\OpenSSH\;C:\Program Files\dotnet\;C:\Users\Priza -Crdito\AppData\Local\Programs\Python\Python312\Scripts\;C:\Users\Priza -Crdito\AppData\Local\Programs\Python\Python312\;C:\Users\Priza -Crdito\AppData\Local\Microsoft\WindowsApps;C:\Users\Priza -Crdito\AppData\Local\Programs\Microsoft VS Code\bin
USERNAME=Priza -Crdito
OS=Windows_NT
PROCESSOR_IDENTIFIER=Intel64 Family 6 Model 140 Stepping 1, GenuineIntel
TMP=C:\Users\PRIZA-~1\AppData\Local\Temp
TEMP=C:\Users\PRIZA-~1\AppData\Local\Temp




Periodic native trim disabled

JNI global refs:
JNI global refs: 95, weak refs: 84

JNI global refs memory usage: 1467, weak refs: 1465

Process memory usage:
Resident Set Size: 377008K (4% of 8183096K total physical memory with 40328K free physical memory)

OOME stack traces (most recent first):
Classloader memory used:
Loader com.intellij.util.lang.PathClassLoader                                          : 34127K
Loader bootstrap                                                                       : 26386K
Loader com.intellij.ide.plugins.cl.PluginClassLoader                                   : 1110K
Loader jdk.internal.loader.ClassLoaders$AppClassLoader                                 : 316K
Loader jdk.internal.loader.ClassLoaders$PlatformClassLoader                            : 229K

---------------  S Y S T E M  ---------------

OS:
 Windows 10 , 64 bit Build 19041 (10.0.19041.5072)
OS uptime: 22 days 23:48 hours
Hyper-V role detected

CPU: total 8 (initial active 8) (4 cores per cpu, 2 threads per core) family 6 model 140 stepping 1 microcode 0x66, cx8, cmov, fxsr, ht, mmx, 3dnowpref, sse, sse2, sse3, ssse3, sse4.1, sse4.2, popcnt, lzcnt, tsc, tscinvbit, avx, avx2, aes, erms, clmul, bmi1, bmi2, adx, avx512f, avx512dq, avx512cd, avx512bw, avx512vl, sha, fma, vzeroupper, avx512_vpopcntdq, avx512_vpclmulqdq, avx512_vaes, avx512_vnni, clflush, clflushopt, clwb, avx512_vbmi2, avx512_vbmi, hv, rdtscp, rdpid, fsrm, gfni, avx512_bitalg, f16c, cet_ibt, cet_ss, avx512_ifma
Processor Information for all 8 processors :
  Max Mhz: 2419, Current Mhz: 2419, Mhz Limit: 2419

Memory: 4k page, system-wide physical 7991M (35M free)
TotalPageFile size 32514M (AvailPageFile size 186M)
current process WorkingSet (physical memory assigned to process): 368M, peak: 368M
current process commit charge ("private bytes"): 447M, peak: 838M

vm_info: OpenJDK 64-Bit Server VM (21.0.3+13-b509.4) for windows-amd64 JRE (21.0.3+13-b509.4), built on 2024-06-26 by "builduser" with MS VC++ 16.10 / 16.11 (VS2019)

END.
