#
# There is insufficient memory for the Java Runtime Environment to continue.
# Native memory allocation (mmap) failed to map 348127232 bytes. Error detail: G1 virtual space
# Possible reasons:
#   The system is out of physical RAM or swap space
#   This process is running with CompressedOops enabled, and the Java Heap may be blocking the growth of the native heap
# Possible solutions:
#   Reduce memory load on the system
#   Increase physical memory or swap space
#   Check if swap backing store is full
#   Decrease Java heap size (-Xmx/-Xms)
#   Decrease number of Java threads
#   Decrease Java thread stack sizes (-Xss)
#   Set larger code cache with -XX:ReservedCodeCacheSize=
#   JVM is running with Unscaled Compressed Oops mode in which the Java heap is
#     placed in the first 4GB address space. The Java Heap base address is the
#     maximum limit for the native heap growth. Please use -XX:HeapBaseMinAddress
#     to set the Java Heap base and to place the Java Heap above 4GB virtual address.
# This output file may be truncated or incomplete.
#
#  Out of Memory Error (os_windows.cpp:3815), pid=115156, tid=141144
#
# JRE version: OpenJDK Runtime Environment JBR-21.0.3+13-509.4-jcef (21.0.3+13) (build 21.0.3+13-b509.4)
# Java VM: OpenJDK 64-Bit Server VM JBR-21.0.3+13-509.4-jcef (21.0.3+13-b509.4, mixed mode, tiered, compressed oops, compressed class ptrs, g1 gc, windows-amd64)
# No core dump will be written. Minidumps are not enabled by default on client versions of Windows
#

---------------  S U M M A R Y ------------

Command Line: abort vfprintf -XX:ErrorFile=C:\Users\Priza -Crédito\java_error_in_pycharm_%p.log -XX:HeapDumpPath=C:\Users\Priza -Crédito\java_error_in_pycharm.hprof -Xms256m -Xmx2048m -XX:+HeapDumpOnOutOfMemoryError -XX:-OmitStackTraceInFastThrow -XX:+IgnoreUnrecognizedVMOptions -ea -Dsun.io.useCanonCaches=false -Dsun.java2d.metal=true -Djbr.catch.SIGABRT=true -Djdk.http.auth.tunneling.disabledSchemes="" -Djdk.attach.allowAttachSelf=true -Djdk.module.illegalAccess.silent=true -Dkotlinx.coroutines.debug=off -XX:CICompilerCount=2 -XX:ReservedCodeCacheSize=512m -XX:+UnlockDiagnosticVMOptions -XX:TieredOldPercentage=100000 -Djb.vmOptionsFile=C:\Users\Priza -Crédito\AppData\Roaming\JetBrains\PyCharm2024.2\pycharm64.exe.vmoptions -Djava.system.class.loader=com.intellij.util.lang.PathClassLoader -Didea.vendor.name=JetBrains -Didea.paths.selector=PyCharm2024.2 -Djna.boot.library.path=C:\Program Files\JetBrains\PyCharm 2024.2/lib/jna/amd64 -Dpty4j.preferred.native.folder=C:\Program Files\JetBrains\PyCharm 2024.2/lib/pty4j -Djna.nosys=true -Djna.noclasspath=true -Dintellij.platform.runtime.repository.path=C:\Program Files\JetBrains\PyCharm 2024.2/modules/module-descriptors.jar -Didea.platform.prefix=Python -Dsplash=true -Daether.connector.resumeDownloads=false --add-opens=java.base/java.io=ALL-UNNAMED --add-opens=java.base/java.lang=ALL-UNNAMED --add-opens=java.base/java.lang.ref=ALL-UNNAMED --add-opens=java.base/java.lang.reflect=ALL-UNNAMED --add-opens=java.base/java.net=ALL-UNNAMED --add-opens=java.base/java.nio=ALL-UNNAMED --add-opens=java.base/java.nio.charset=ALL-UNNAMED --add-opens=java.base/java.text=ALL-UNNAMED --add-opens=java.base/java.time=ALL-UNNAMED --add-opens=java.base/java.util=ALL-UNNAMED --add-opens=java.base/java.util.concurrent=ALL-UNNAMED --add-opens=java.base/java.util.concurrent.atomic=ALL-UNNAMED --add-opens=java.base/java.util.concurrent.locks=ALL-UNNAMED --add-opens=java.base/jdk.internal.vm=ALL-UNNAMED --add-opens=java.base/sun.net.dns=ALL-UNNAMED --add-opens=java.base/sun.nio.ch=ALL-UNNAMED --add-opens=java.base/sun.nio.fs=ALL-UNNAMED --add-opens=java.base/sun.security.ssl=ALL-UNNAMED --add-opens=java.base/sun.security.util=ALL-UNNAMED --add-opens=java.desktop/com.sun.java.swing=ALL-UNNAMED --add-opens=java.desktop/java.awt=ALL-UNNAMED --add-opens=java.desktop/java.awt.dnd.peer=ALL-UNNAMED --add-opens=java.desktop/java.awt.event=ALL-UNNAMED --add-opens=java.desktop/java.awt.font=ALL-UNNAMED --add-opens=java.desktop/java.awt.image=ALL-UNNAMED --add-opens=java.desktop/java.awt.peer=ALL-UNNAMED --add-opens=java.desktop/javax.swing=ALL-UNNAMED --add-opens=java.desktop/javax.swing.plaf.basic=ALL-UNNAMED --add-opens=java.desktop/javax.swing.text=ALL-UNNAMED --add-opens=java.desktop/javax.swing.text.html=ALL-UNNAMED --add-opens=java.desktop/sun.awt=ALL-UNNAMED --add-opens=java.desktop/sun.awt.datatransfer=ALL-UNNAMED --add-opens=java.desktop/sun.awt.image=ALL-UNNAMED --add-opens=java.desktop/sun.awt.windows=ALL-UNNAMED --add-opens=java.desktop/sun.font=ALL-UNNAMED --add-opens=java.desktop/sun.java2d=ALL-UNNAMED --add-opens=java.desktop/sun.swing=ALL-UNNAMED --add-opens=java.management/sun.management=ALL-UNNAMED --add-opens=jdk.attach/sun.tools.attach=ALL-UNNAMED --add-opens=jdk.compiler/com.sun.tools.javac.api=ALL-UNNAMED --add-opens=jdk.internal.jvmstat/sun.jvmstat.monitor=ALL-UNNAMED --add-opens=jdk.jdi/com.sun.tools.jdi=ALL-UNNAMED -Dide.native.launcher=true -Djcef.sandbox.ptr=000001D578F695F0 -Djcef.sandbox.cefVersion=122.1.9+gd14e051+chromium-122.0.6261.94 com.intellij.idea.Main C:\Users\Priza -Crédito\OneDrive\Documentos\Ambiente de Trabalho\EMANUEL PASCOAL PRIZA\mYstuffs\Projectos\Sistema Control_Inadimplência\main.py

Host: 11th Gen Intel(R) Core(TM) i5-1135G7 @ 2.40GHz, 8 cores, 7G,  Windows 10 , 64 bit Build 19041 (10.0.19041.5072)
Time: Thu Dec 12 15:14:33 2024 Hora Universal Coordenada elapsed time: 4.503243 seconds (0d 0h 0m 4s)

---------------  T H R E A D  ---------------

Current thread (0x000001d524d33320):  VMThread "VM Thread"          [id=141144, stack(0x0000001235600000,0x0000001235700000) (1024K)]

Stack: [0x0000001235600000,0x0000001235700000]
Native frames: (J=compiled Java code, j=interpreted, Vv=VM code, C=native code)
V  [jvm.dll+0x6e02e9]
V  [jvm.dll+0x8bd373]
V  [jvm.dll+0x8bf8ce]
V  [jvm.dll+0x8bffb3]
V  [jvm.dll+0x2879b6]
V  [jvm.dll+0x6dcab5]
V  [jvm.dll+0x6d0f8a]
V  [jvm.dll+0x35f9ab]
V  [jvm.dll+0x367556]
V  [jvm.dll+0x3b8b46]
V  [jvm.dll+0x3b8e18]
V  [jvm.dll+0x33216c]
V  [jvm.dll+0x3321f7]
V  [jvm.dll+0x37807c]
V  [jvm.dll+0x37680e]
V  [jvm.dll+0x331871]
V  [jvm.dll+0x335386]
V  [jvm.dll+0x38adf6]
V  [jvm.dll+0x8c5918]
V  [jvm.dll+0x8c6a14]
V  [jvm.dll+0x8c6f50]
V  [jvm.dll+0x8c71e3]
V  [jvm.dll+0x865328]
V  [jvm.dll+0x6deb2d]
C  [ucrtbase.dll+0x21bb2]
C  [KERNEL32.DLL+0x17374]
C  [ntdll.dll+0x4cc91]

VM_Operation (0x0000001237efa690): CollectForMetadataAllocation, mode: safepoint, requested by thread 0x000001d54ca4d880


---------------  P R O C E S S  ---------------

Threads class SMR info:
_java_thread_list=0x000001d5907bb840, length=38, elements={
0x000001d578f8d6f0, 0x000001d524d908f0, 0x000001d524d919c0, 0x000001d524d9f130,
0x000001d524d9fde0, 0x000001d524dac160, 0x000001d524dae370, 0x000001d524d992b0,
0x000001d524d9bd60, 0x000001d524f79d20, 0x000001d524fb8a60, 0x000001d52561d6a0,
0x000001d52561e530, 0x000001d5256258f0, 0x000001d52564e4a0, 0x000001d525656470,
0x000001d52565b310, 0x000001d525662a30, 0x000001d5256721d0, 0x000001d525672860,
0x000001d525672ef0, 0x000001d525673580, 0x000001d5256714b0, 0x000001d525673c10,
0x000001d5256742a0, 0x000001d525674930, 0x000001d54ca50d00, 0x000001d54ca4ffe0,
0x000001d54ca51390, 0x000001d54ca4df10, 0x000001d54ca520b0, 0x000001d54ca52740,
0x000001d54ca4d880, 0x000001d54ca4e5a0, 0x000001d54ca4b7b0, 0x000001d54ca4c4d0,
0x000001d54ca4ec30, 0x000001d54ca4cb60
}

Java Threads: ( => current thread )
  0x000001d578f8d6f0 JavaThread "main"                              [_thread_blocked, id=150620, stack(0x0000001234e00000,0x0000001235000000) (2048K)]
  0x000001d524d908f0 JavaThread "Reference Handler"          daemon [_thread_blocked, id=134596, stack(0x0000001235700000,0x0000001235800000) (1024K)]
  0x000001d524d919c0 JavaThread "Finalizer"                  daemon [_thread_blocked, id=144088, stack(0x0000001235800000,0x0000001235900000) (1024K)]
  0x000001d524d9f130 JavaThread "Signal Dispatcher"          daemon [_thread_blocked, id=108400, stack(0x0000001235900000,0x0000001235a00000) (1024K)]
  0x000001d524d9fde0 JavaThread "Attach Listener"            daemon [_thread_blocked, id=134604, stack(0x0000001235a00000,0x0000001235b00000) (1024K)]
  0x000001d524dac160 JavaThread "Service Thread"             daemon [_thread_blocked, id=134868, stack(0x0000001235b00000,0x0000001235c00000) (1024K)]
  0x000001d524dae370 JavaThread "Monitor Deflation Thread"   daemon [_thread_blocked, id=150672, stack(0x0000001235c00000,0x0000001235d00000) (1024K)]
  0x000001d524d992b0 JavaThread "C2 CompilerThread0"         daemon [_thread_blocked, id=144380, stack(0x0000001235d00000,0x0000001235e00000) (1024K)]
  0x000001d524d9bd60 JavaThread "C1 CompilerThread0"         daemon [_thread_blocked, id=150120, stack(0x0000001235e00000,0x0000001235f00000) (1024K)]
  0x000001d524f79d20 JavaThread "Common-Cleaner"             daemon [_thread_blocked, id=118236, stack(0x0000001235f00000,0x0000001236000000) (1024K)]
  0x000001d524fb8a60 JavaThread "Notification Thread"        daemon [_thread_blocked, id=129156, stack(0x0000001236000000,0x0000001236100000) (1024K)]
  0x000001d52561d6a0 JavaThread "DefaultDispatcher-worker-1" daemon [_thread_blocked, id=125128, stack(0x0000001236100000,0x0000001236200000) (1024K)]
  0x000001d52561e530 JavaThread "DefaultDispatcher-worker-2" daemon [_thread_blocked, id=132820, stack(0x0000001236200000,0x0000001236300000) (1024K)]
  0x000001d5256258f0 JavaThread "DefaultDispatcher-worker-3" daemon [_thread_blocked, id=122716, stack(0x0000001236300000,0x0000001236400000) (1024K)]
  0x000001d52564e4a0 JavaThread "DefaultDispatcher-worker-4" daemon [_thread_blocked, id=150596, stack(0x0000001236400000,0x0000001236500000) (1024K)]
  0x000001d525656470 JavaThread "DefaultDispatcher-worker-5" daemon [_thread_blocked, id=145116, stack(0x0000001236500000,0x0000001236600000) (1024K)]
  0x000001d52565b310 JavaThread "DefaultDispatcher-worker-6" daemon [_thread_blocked, id=149904, stack(0x0000001236600000,0x0000001236700000) (1024K)]
  0x000001d525662a30 JavaThread "DefaultDispatcher-worker-7" daemon [_thread_blocked, id=149684, stack(0x0000001236700000,0x0000001236800000) (1024K)]
  0x000001d5256721d0 JavaThread "DefaultDispatcher-worker-8" daemon [_thread_blocked, id=106904, stack(0x0000001236800000,0x0000001236900000) (1024K)]
  0x000001d525672860 JavaThread "DefaultDispatcher-worker-9" daemon [_thread_blocked, id=118856, stack(0x0000001236900000,0x0000001236a00000) (1024K)]
  0x000001d525672ef0 JavaThread "DefaultDispatcher-worker-10" daemon [_thread_blocked, id=145012, stack(0x0000001237100000,0x0000001237200000) (1024K)]
  0x000001d525673580 JavaThread "External Command Listener"  daemon [_thread_in_native, id=119364, stack(0x0000001237200000,0x0000001237300000) (1024K)]
  0x000001d5256714b0 JavaThread "kotlinx.coroutines.DefaultExecutor" daemon [_thread_blocked, id=147772, stack(0x0000001237300000,0x0000001237400000) (1024K)]
  0x000001d525673c10 JavaThread "Java2D Disposer"            daemon [_thread_blocked, id=147816, stack(0x0000001237500000,0x0000001237600000) (1024K)]
  0x000001d5256742a0 JavaThread "AWT-Shutdown"                      [_thread_blocked, id=130368, stack(0x0000001237600000,0x0000001237700000) (1024K)]
  0x000001d525674930 JavaThread "AWT-Windows"                daemon [_thread_in_native, id=132464, stack(0x0000001237700000,0x0000001237800000) (1024K)]
  0x000001d54ca50d00 JavaThread "AWT-EventQueue-0"                  [_thread_blocked, id=126256, stack(0x0000001237800000,0x0000001237900000) (1024K)]
  0x000001d54ca4ffe0 JavaThread "DefaultDispatcher-worker-11" daemon [_thread_blocked, id=132588, stack(0x0000001237900000,0x0000001237a00000) (1024K)]
  0x000001d54ca51390 JavaThread "DefaultDispatcher-worker-12" daemon [_thread_blocked, id=139244, stack(0x0000001237a00000,0x0000001237b00000) (1024K)]
  0x000001d54ca4df10 JavaThread "PeriodicMetricReader"       daemon [_thread_blocked, id=117984, stack(0x0000001237b00000,0x0000001237c00000) (1024K)]
  0x000001d54ca520b0 JavaThread "Coroutines Debugger Cleaner" daemon [_thread_blocked, id=149868, stack(0x0000001237c00000,0x0000001237d00000) (1024K)]
  0x000001d54ca52740 JavaThread "JVMResponsivenessMonitor"   daemon [_thread_blocked, id=146804, stack(0x0000001237d00000,0x0000001237e00000) (1024K)]
  0x000001d54ca4d880 JavaThread "DefaultDispatcher-worker-13" daemon [_thread_blocked, id=146900, stack(0x0000001237e00000,0x0000001237f00000) (1024K)]
  0x000001d54ca4e5a0 JavaThread "Periodic tasks thread"      daemon [_thread_blocked, id=122356, stack(0x0000001237f00000,0x0000001238000000) (1024K)]
  0x000001d54ca4b7b0 JavaThread "ApplicationImpl pooled thread 1"        [_thread_blocked, id=148748, stack(0x0000001238000000,0x0000001238100000) (1024K)]
  0x000001d54ca4c4d0 JavaThread "Image Fetcher 0"            daemon [_thread_blocked, id=148944, stack(0x0000001238100000,0x0000001238200000) (1024K)]
  0x000001d54ca4ec30 JavaThread "JNA Cleaner"                daemon [_thread_blocked, id=94836, stack(0x0000001238200000,0x0000001238300000) (1024K)]
  0x000001d54ca4cb60 JavaThread "Image Fetcher 1"            daemon [_thread_blocked, id=132776, stack(0x0000001238300000,0x0000001238400000) (1024K)]
Total: 38

Other Threads:
=>0x000001d524d33320 VMThread "VM Thread"                           [id=141144, stack(0x0000001235600000,0x0000001235700000) (1024K)]
  0x000001d524ce1ba0 WatcherThread "VM Periodic Task Thread"        [id=147748, stack(0x0000001235500000,0x0000001235600000) (1024K)]
  0x000001d57b5afc90 WorkerThread "GC Thread#0"                     [id=91836, stack(0x0000001235000000,0x0000001235100000) (1024K)]
  0x000001d52591d070 WorkerThread "GC Thread#1"                     [id=136124, stack(0x0000001236a00000,0x0000001236b00000) (1024K)]
  0x000001d52591d410 WorkerThread "GC Thread#2"                     [id=144256, stack(0x0000001236b00000,0x0000001236c00000) (1024K)]
  0x000001d52591d7b0 WorkerThread "GC Thread#3"                     [id=146680, stack(0x0000001236c00000,0x0000001236d00000) (1024K)]
  0x000001d525935d40 WorkerThread "GC Thread#4"                     [id=143004, stack(0x0000001236d00000,0x0000001236e00000) (1024K)]
  0x000001d5259360e0 WorkerThread "GC Thread#5"                     [id=150516, stack(0x0000001236e00000,0x0000001236f00000) (1024K)]
  0x000001d54c447350 WorkerThread "GC Thread#6"                     [id=151148, stack(0x0000001236f00000,0x0000001237000000) (1024K)]
  0x000001d54c4476f0 WorkerThread "GC Thread#7"                     [id=142960, stack(0x0000001237000000,0x0000001237100000) (1024K)]
  0x000001d57b5c25d0 ConcurrentGCThread "G1 Main Marker"            [id=151228, stack(0x0000001235100000,0x0000001235200000) (1024K)]
  0x000001d57b5c30d0 WorkerThread "G1 Conc#0"                       [id=124588, stack(0x0000001235200000,0x0000001235300000) (1024K)]
  0x000001d54c41cd70 WorkerThread "G1 Conc#1"                       [id=135696, stack(0x0000001237400000,0x0000001237500000) (1024K)]
  0x000001d524628190 ConcurrentGCThread "G1 Refine#0"               [id=102272, stack(0x0000001235300000,0x0000001235400000) (1024K)]
  0x000001d524628910 ConcurrentGCThread "G1 Service"                [id=116024, stack(0x0000001235400000,0x0000001235500000) (1024K)]
Total: 15

Threads with active compile tasks:
C2 CompilerThread0     4547 4628       4       java.util.HashMap::get (19 bytes)
C1 CompilerThread0     4547 4618       3       sun.util.locale.LocaleUtils::caseIgnoreMatch (73 bytes)
Total: 2

VM state: at safepoint (normal execution)

VM Mutex/Monitor currently owned by a thread:  ([mutex/lock_event])
[0x00007ffc93941758] Threads_lock - owner thread: 0x000001d524d33320
[0x00007ffc93941858] Heap_lock - owner thread: 0x000001d54ca4d880

Heap address: 0x0000000080000000, size: 2048 MB, Compressed Oops mode: 32-bit

CDS archive(s) not mapped
Compressed class space mapped at: 0x0000000100000000-0x0000000140000000, reserved size: 1073741824
Narrow klass base: 0x0000000000000000, Narrow klass shift: 3, Narrow klass range: 0x140000000

GC Precious Log:
 CardTable entry size: 512
 Card Set container configuration: InlinePtr #cards 5 size 8 Array Of Cards #cards 12 size 40 Howl #buckets 4 coarsen threshold 1843 Howl Bitmap #cards 512 size 80 coarsen threshold 460 Card regions per heap region 1 cards per card region 2048
 CPUs: 8 total, 8 available
 Memory: 7991M
 Large Page Support: Disabled
 NUMA Support: Disabled
 Compressed Oops: Enabled (32-bit)
 Heap Region Size: 1M
 Heap Min Capacity: 256M
 Heap Initial Capacity: 256M
 Heap Max Capacity: 2G
 Pre-touch: Disabled
 Parallel Workers: 8
 Concurrent Workers: 2
 Concurrent Refinement Workers: 8
 Periodic GC: Disabled

Heap:
 garbage-first heap   total 262144K, used 70493K [0x0000000080000000, 0x0000000100000000)
  region size 1024K, 1 young (1024K), 1 survivors (1024K)
 Metaspace       used 62523K, committed 63488K, reserved 1114112K
  class space    used 6554K, committed 6976K, reserved 1048576K

Heap Regions: E=young(eden), S=young(survivor), O=old, HS=humongous(starts), HC=humongous(continues), CS=collection set, F=free, TAMS=top-at-mark-start, PB=parsable bottom
|   0|0x0000000080000000, 0x0000000080100000, 0x0000000080100000|100%|HS|  |TAMS 0x0000000080100000| PB 0x0000000080000000| Complete 
|   1|0x0000000080100000, 0x0000000080200000, 0x0000000080200000|100%|HS|  |TAMS 0x0000000080200000| PB 0x0000000080100000| Complete 
|   2|0x0000000080200000, 0x0000000080300000, 0x0000000080300000|100%|HS|  |TAMS 0x0000000080300000| PB 0x0000000080200000| Complete 
|   3|0x0000000080300000, 0x0000000080400000, 0x0000000080400000|100%|HS|  |TAMS 0x0000000080400000| PB 0x0000000080300000| Complete 
|   4|0x0000000080400000, 0x0000000080500000, 0x0000000080500000|100%|HC|  |TAMS 0x0000000080500000| PB 0x0000000080400000| Complete 
|   5|0x0000000080500000, 0x0000000080600000, 0x0000000080600000|100%|HS|  |TAMS 0x0000000080600000| PB 0x0000000080500000| Complete 
|   6|0x0000000080600000, 0x0000000080700000, 0x0000000080700000|100%|HC|  |TAMS 0x0000000080700000| PB 0x0000000080600000| Complete 
|   7|0x0000000080700000, 0x0000000080800000, 0x0000000080800000|100%|HS|  |TAMS 0x0000000080800000| PB 0x0000000080700000| Complete 
|   8|0x0000000080800000, 0x0000000080900000, 0x0000000080900000|100%|HS|  |TAMS 0x0000000080900000| PB 0x0000000080800000| Complete 
|   9|0x0000000080900000, 0x0000000080a00000, 0x0000000080a00000|100%| O|  |TAMS 0x0000000080a00000| PB 0x0000000080900000| Untracked 
|  10|0x0000000080a00000, 0x0000000080b00000, 0x0000000080b00000|100%| O|  |TAMS 0x0000000080b00000| PB 0x0000000080a00000| Untracked 
|  11|0x0000000080b00000, 0x0000000080c00000, 0x0000000080c00000|100%| O|  |TAMS 0x0000000080c00000| PB 0x0000000080b00000| Untracked 
|  12|0x0000000080c00000, 0x0000000080c00000, 0x0000000080d00000|  0%| F|  |TAMS 0x0000000080c00000| PB 0x0000000080c00000| Untracked 
|  13|0x0000000080d00000, 0x0000000080e00000, 0x0000000080e00000|100%| O|  |TAMS 0x0000000080e00000| PB 0x0000000080d00000| Untracked 
|  14|0x0000000080e00000, 0x0000000080f00000, 0x0000000080f00000|100%| O|  |TAMS 0x0000000080f00000| PB 0x0000000080e00000| Untracked 
|  15|0x0000000080f00000, 0x0000000081000000, 0x0000000081000000|100%| O|  |TAMS 0x0000000081000000| PB 0x0000000080f00000| Untracked 
|  16|0x0000000081000000, 0x0000000081100000, 0x0000000081100000|100%| O|  |TAMS 0x0000000081100000| PB 0x0000000081000000| Untracked 
|  17|0x0000000081100000, 0x0000000081200000, 0x0000000081200000|100%| O|  |TAMS 0x0000000081200000| PB 0x0000000081100000| Untracked 
|  18|0x0000000081200000, 0x0000000081300000, 0x0000000081300000|100%| O|  |TAMS 0x0000000081300000| PB 0x0000000081200000| Untracked 
|  19|0x0000000081300000, 0x0000000081400000, 0x0000000081400000|100%|HS|  |TAMS 0x0000000081400000| PB 0x0000000081300000| Complete 
|  20|0x0000000081400000, 0x0000000081500000, 0x0000000081500000|100%| O|  |TAMS 0x0000000081500000| PB 0x0000000081400000| Untracked 
|  21|0x0000000081500000, 0x0000000081600000, 0x0000000081600000|100%| O|  |TAMS 0x0000000081600000| PB 0x0000000081500000| Untracked 
|  22|0x0000000081600000, 0x0000000081700000, 0x0000000081700000|100%| O|  |TAMS 0x0000000081700000| PB 0x0000000081600000| Untracked 
|  23|0x0000000081700000, 0x0000000081800000, 0x0000000081800000|100%| O|  |TAMS 0x0000000081800000| PB 0x0000000081700000| Untracked 
|  24|0x0000000081800000, 0x0000000081900000, 0x0000000081900000|100%| O|  |TAMS 0x0000000081900000| PB 0x0000000081800000| Untracked 
|  25|0x0000000081900000, 0x0000000081a00000, 0x0000000081a00000|100%| O|  |TAMS 0x0000000081a00000| PB 0x0000000081900000| Untracked 
|  26|0x0000000081a00000, 0x0000000081b00000, 0x0000000081b00000|100%| O|  |TAMS 0x0000000081b00000| PB 0x0000000081a00000| Untracked 
|  27|0x0000000081b00000, 0x0000000081c00000, 0x0000000081c00000|100%|HS|  |TAMS 0x0000000081c00000| PB 0x0000000081b00000| Complete 
|  28|0x0000000081c00000, 0x0000000081d00000, 0x0000000081d00000|100%| O|  |TAMS 0x0000000081d00000| PB 0x0000000081c00000| Untracked 
|  29|0x0000000081d00000, 0x0000000081e00000, 0x0000000081e00000|100%| O|  |TAMS 0x0000000081e00000| PB 0x0000000081d00000| Untracked 
|  30|0x0000000081e00000, 0x0000000081f00000, 0x0000000081f00000|100%| O|  |TAMS 0x0000000081f00000| PB 0x0000000081e00000| Untracked 
|  31|0x0000000081f00000, 0x0000000082000000, 0x0000000082000000|100%| O|  |TAMS 0x0000000082000000| PB 0x0000000081f00000| Untracked 
|  32|0x0000000082000000, 0x0000000082000000, 0x0000000082100000|  0%| F|  |TAMS 0x0000000082000000| PB 0x0000000082000000| Untracked 
|  33|0x0000000082100000, 0x0000000082200000, 0x0000000082200000|100%| O|  |TAMS 0x0000000082200000| PB 0x0000000082100000| Untracked 
|  34|0x0000000082200000, 0x0000000082300000, 0x0000000082300000|100%| O|  |TAMS 0x0000000082300000| PB 0x0000000082200000| Untracked 
|  35|0x0000000082300000, 0x0000000082400000, 0x0000000082400000|100%| O|  |TAMS 0x0000000082400000| PB 0x0000000082300000| Untracked 
|  36|0x0000000082400000, 0x0000000082500000, 0x0000000082500000|100%| O|  |TAMS 0x0000000082500000| PB 0x0000000082400000| Untracked 
|  37|0x0000000082500000, 0x0000000082600000, 0x0000000082600000|100%| O|  |TAMS 0x0000000082600000| PB 0x0000000082500000| Untracked 
|  38|0x0000000082600000, 0x0000000082700000, 0x0000000082700000|100%| O|  |TAMS 0x0000000082700000| PB 0x0000000082600000| Untracked 
|  39|0x0000000082700000, 0x0000000082800000, 0x0000000082800000|100%| O|  |TAMS 0x0000000082800000| PB 0x0000000082700000| Untracked 
|  40|0x0000000082800000, 0x0000000082900000, 0x0000000082900000|100%| O|  |TAMS 0x0000000082900000| PB 0x0000000082800000| Untracked 
|  41|0x0000000082900000, 0x0000000082a00000, 0x0000000082a00000|100%| O|  |TAMS 0x0000000082a00000| PB 0x0000000082900000| Untracked 
|  42|0x0000000082a00000, 0x0000000082b00000, 0x0000000082b00000|100%|HS|  |TAMS 0x0000000082b00000| PB 0x0000000082a00000| Complete 
|  43|0x0000000082b00000, 0x0000000082c00000, 0x0000000082c00000|100%| O|  |TAMS 0x0000000082c00000| PB 0x0000000082b00000| Untracked 
|  44|0x0000000082c00000, 0x0000000082d00000, 0x0000000082d00000|100%| O|  |TAMS 0x0000000082d00000| PB 0x0000000082c00000| Untracked 
|  45|0x0000000082d00000, 0x0000000082e00000, 0x0000000082e00000|100%| O|  |TAMS 0x0000000082e00000| PB 0x0000000082d00000| Untracked 
|  46|0x0000000082e00000, 0x0000000082f00000, 0x0000000082f00000|100%| O|  |TAMS 0x0000000082f00000| PB 0x0000000082e00000| Untracked 
|  47|0x0000000082f00000, 0x0000000083000000, 0x0000000083000000|100%| O|  |TAMS 0x0000000083000000| PB 0x0000000082f00000| Untracked 
|  48|0x0000000083000000, 0x0000000083100000, 0x0000000083100000|100%| O|  |TAMS 0x0000000083100000| PB 0x0000000083000000| Untracked 
|  49|0x0000000083100000, 0x0000000083200000, 0x0000000083200000|100%| O|  |TAMS 0x0000000083200000| PB 0x0000000083100000| Untracked 
|  50|0x0000000083200000, 0x0000000083300000, 0x0000000083300000|100%| O|  |TAMS 0x0000000083300000| PB 0x0000000083200000| Untracked 
|  51|0x0000000083300000, 0x0000000083400000, 0x0000000083400000|100%| O|  |TAMS 0x0000000083400000| PB 0x0000000083300000| Untracked 
|  52|0x0000000083400000, 0x0000000083500000, 0x0000000083500000|100%| O|  |TAMS 0x0000000083500000| PB 0x0000000083400000| Untracked 
|  53|0x0000000083500000, 0x0000000083600000, 0x0000000083600000|100%| O|  |TAMS 0x0000000083600000| PB 0x0000000083500000| Untracked 
|  54|0x0000000083600000, 0x0000000083700000, 0x0000000083700000|100%| O|  |TAMS 0x0000000083700000| PB 0x0000000083600000| Untracked 
|  55|0x0000000083700000, 0x0000000083800000, 0x0000000083800000|100%| O|  |TAMS 0x0000000083800000| PB 0x0000000083700000| Untracked 
|  56|0x0000000083800000, 0x0000000083900000, 0x0000000083900000|100%| O|  |TAMS 0x0000000083900000| PB 0x0000000083800000| Untracked 
|  57|0x0000000083900000, 0x0000000083a00000, 0x0000000083a00000|100%| O|  |TAMS 0x0000000083a00000| PB 0x0000000083900000| Untracked 
|  58|0x0000000083a00000, 0x0000000083b00000, 0x0000000083b00000|100%| O|  |TAMS 0x0000000083b00000| PB 0x0000000083a00000| Untracked 
|  59|0x0000000083b00000, 0x0000000083c00000, 0x0000000083c00000|100%| O|  |TAMS 0x0000000083c00000| PB 0x0000000083b00000| Untracked 
|  60|0x0000000083c00000, 0x0000000083d00000, 0x0000000083d00000|100%| O|  |TAMS 0x0000000083d00000| PB 0x0000000083c00000| Untracked 
|  61|0x0000000083d00000, 0x0000000083e00000, 0x0000000083e00000|100%| O|  |TAMS 0x0000000083e00000| PB 0x0000000083d00000| Untracked 
|  62|0x0000000083e00000, 0x0000000083f00000, 0x0000000083f00000|100%| O|  |TAMS 0x0000000083f00000| PB 0x0000000083e00000| Untracked 
|  63|0x0000000083f00000, 0x0000000084000000, 0x0000000084000000|100%| O|  |TAMS 0x0000000084000000| PB 0x0000000083f00000| Untracked 
|  64|0x0000000084000000, 0x0000000084100000, 0x0000000084100000|100%| O|  |TAMS 0x0000000084100000| PB 0x0000000084000000| Untracked 
|  65|0x0000000084100000, 0x0000000084200000, 0x0000000084200000|100%| O|  |TAMS 0x0000000084200000| PB 0x0000000084100000| Untracked 
|  66|0x0000000084200000, 0x0000000084300000, 0x0000000084300000|100%| O|  |TAMS 0x0000000084300000| PB 0x0000000084200000| Untracked 
|  67|0x0000000084300000, 0x0000000084400000, 0x0000000084400000|100%| O|  |TAMS 0x0000000084400000| PB 0x0000000084300000| Untracked 
|  68|0x0000000084400000, 0x0000000084500000, 0x0000000084500000|100%| O|  |TAMS 0x0000000084500000| PB 0x0000000084400000| Untracked 
|  69|0x0000000084500000, 0x0000000084600000, 0x0000000084600000|100%| O|  |TAMS 0x0000000084600000| PB 0x0000000084500000| Untracked 
|  70|0x0000000084600000, 0x0000000084600000, 0x0000000084700000|  0%| F|  |TAMS 0x0000000084600000| PB 0x0000000084600000| Untracked 
|  71|0x0000000084700000, 0x0000000084700000, 0x0000000084800000|  0%| F|  |TAMS 0x0000000084700000| PB 0x0000000084700000| Untracked 
|  72|0x0000000084800000, 0x0000000084800000, 0x0000000084900000|  0%| F|  |TAMS 0x0000000084800000| PB 0x0000000084800000| Untracked 
|  73|0x0000000084900000, 0x0000000084900000, 0x0000000084a00000|  0%| F|  |TAMS 0x0000000084900000| PB 0x0000000084900000| Untracked 
|  74|0x0000000084a00000, 0x0000000084a00000, 0x0000000084b00000|  0%| F|  |TAMS 0x0000000084a00000| PB 0x0000000084a00000| Untracked 
|  75|0x0000000084b00000, 0x0000000084b00000, 0x0000000084c00000|  0%| F|  |TAMS 0x0000000084b00000| PB 0x0000000084b00000| Untracked 
|  76|0x0000000084c00000, 0x0000000084c00000, 0x0000000084d00000|  0%| F|  |TAMS 0x0000000084c00000| PB 0x0000000084c00000| Untracked 
|  77|0x0000000084d00000, 0x0000000084d00000, 0x0000000084e00000|  0%| F|  |TAMS 0x0000000084d00000| PB 0x0000000084d00000| Untracked 
|  78|0x0000000084e00000, 0x0000000084e00000, 0x0000000084f00000|  0%| F|  |TAMS 0x0000000084e00000| PB 0x0000000084e00000| Untracked 
|  79|0x0000000084f00000, 0x0000000084f00000, 0x0000000085000000|  0%| F|  |TAMS 0x0000000084f00000| PB 0x0000000084f00000| Untracked 
|  80|0x0000000085000000, 0x0000000085000000, 0x0000000085100000|  0%| F|  |TAMS 0x0000000085000000| PB 0x0000000085000000| Untracked 
|  81|0x0000000085100000, 0x0000000085100000, 0x0000000085200000|  0%| F|  |TAMS 0x0000000085100000| PB 0x0000000085100000| Untracked 
|  82|0x0000000085200000, 0x0000000085200000, 0x0000000085300000|  0%| F|  |TAMS 0x0000000085200000| PB 0x0000000085200000| Untracked 
|  83|0x0000000085300000, 0x0000000085300000, 0x0000000085400000|  0%| F|  |TAMS 0x0000000085300000| PB 0x0000000085300000| Untracked 
|  84|0x0000000085400000, 0x0000000085400000, 0x0000000085500000|  0%| F|  |TAMS 0x0000000085400000| PB 0x0000000085400000| Untracked 
|  85|0x0000000085500000, 0x0000000085500000, 0x0000000085600000|  0%| F|  |TAMS 0x0000000085500000| PB 0x0000000085500000| Untracked 
|  86|0x0000000085600000, 0x0000000085600000, 0x0000000085700000|  0%| F|  |TAMS 0x0000000085600000| PB 0x0000000085600000| Untracked 
|  87|0x0000000085700000, 0x0000000085700000, 0x0000000085800000|  0%| F|  |TAMS 0x0000000085700000| PB 0x0000000085700000| Untracked 
|  88|0x0000000085800000, 0x0000000085800000, 0x0000000085900000|  0%| F|  |TAMS 0x0000000085800000| PB 0x0000000085800000| Untracked 
|  89|0x0000000085900000, 0x0000000085900000, 0x0000000085a00000|  0%| F|  |TAMS 0x0000000085900000| PB 0x0000000085900000| Untracked 
|  90|0x0000000085a00000, 0x0000000085a00000, 0x0000000085b00000|  0%| F|  |TAMS 0x0000000085a00000| PB 0x0000000085a00000| Untracked 
|  91|0x0000000085b00000, 0x0000000085b00000, 0x0000000085c00000|  0%| F|  |TAMS 0x0000000085b00000| PB 0x0000000085b00000| Untracked 
|  92|0x0000000085c00000, 0x0000000085c00000, 0x0000000085d00000|  0%| F|  |TAMS 0x0000000085c00000| PB 0x0000000085c00000| Untracked 
|  93|0x0000000085d00000, 0x0000000085d00000, 0x0000000085e00000|  0%| F|  |TAMS 0x0000000085d00000| PB 0x0000000085d00000| Untracked 
|  94|0x0000000085e00000, 0x0000000085e00000, 0x0000000085f00000|  0%| F|  |TAMS 0x0000000085e00000| PB 0x0000000085e00000| Untracked 
|  95|0x0000000085f00000, 0x0000000085f00000, 0x0000000086000000|  0%| F|  |TAMS 0x0000000085f00000| PB 0x0000000085f00000| Untracked 
|  96|0x0000000086000000, 0x0000000086000000, 0x0000000086100000|  0%| F|  |TAMS 0x0000000086000000| PB 0x0000000086000000| Untracked 
|  97|0x0000000086100000, 0x0000000086100000, 0x0000000086200000|  0%| F|  |TAMS 0x0000000086100000| PB 0x0000000086100000| Untracked 
|  98|0x0000000086200000, 0x0000000086200000, 0x0000000086300000|  0%| F|  |TAMS 0x0000000086200000| PB 0x0000000086200000| Untracked 
|  99|0x0000000086300000, 0x0000000086300000, 0x0000000086400000|  0%| F|  |TAMS 0x0000000086300000| PB 0x0000000086300000| Untracked 
| 100|0x0000000086400000, 0x0000000086400000, 0x0000000086500000|  0%| F|  |TAMS 0x0000000086400000| PB 0x0000000086400000| Untracked 
| 101|0x0000000086500000, 0x0000000086500000, 0x0000000086600000|  0%| F|  |TAMS 0x0000000086500000| PB 0x0000000086500000| Untracked 
| 102|0x0000000086600000, 0x0000000086600000, 0x0000000086700000|  0%| F|  |TAMS 0x0000000086600000| PB 0x0000000086600000| Untracked 
| 103|0x0000000086700000, 0x0000000086700000, 0x0000000086800000|  0%| F|  |TAMS 0x0000000086700000| PB 0x0000000086700000| Untracked 
| 104|0x0000000086800000, 0x0000000086800000, 0x0000000086900000|  0%| F|  |TAMS 0x0000000086800000| PB 0x0000000086800000| Untracked 
| 105|0x0000000086900000, 0x0000000086900000, 0x0000000086a00000|  0%| F|  |TAMS 0x0000000086900000| PB 0x0000000086900000| Untracked 
| 106|0x0000000086a00000, 0x0000000086a00000, 0x0000000086b00000|  0%| F|  |TAMS 0x0000000086a00000| PB 0x0000000086a00000| Untracked 
| 107|0x0000000086b00000, 0x0000000086b00000, 0x0000000086c00000|  0%| F|  |TAMS 0x0000000086b00000| PB 0x0000000086b00000| Untracked 
| 108|0x0000000086c00000, 0x0000000086c00000, 0x0000000086d00000|  0%| F|  |TAMS 0x0000000086c00000| PB 0x0000000086c00000| Untracked 
| 109|0x0000000086d00000, 0x0000000086d00000, 0x0000000086e00000|  0%| F|  |TAMS 0x0000000086d00000| PB 0x0000000086d00000| Untracked 
| 110|0x0000000086e00000, 0x0000000086e00000, 0x0000000086f00000|  0%| F|  |TAMS 0x0000000086e00000| PB 0x0000000086e00000| Untracked 
| 111|0x0000000086f00000, 0x0000000086f00000, 0x0000000087000000|  0%| F|  |TAMS 0x0000000086f00000| PB 0x0000000086f00000| Untracked 
| 112|0x0000000087000000, 0x0000000087000000, 0x0000000087100000|  0%| F|  |TAMS 0x0000000087000000| PB 0x0000000087000000| Untracked 
| 113|0x0000000087100000, 0x0000000087100000, 0x0000000087200000|  0%| F|  |TAMS 0x0000000087100000| PB 0x0000000087100000| Untracked 
| 114|0x0000000087200000, 0x0000000087200000, 0x0000000087300000|  0%| F|  |TAMS 0x0000000087200000| PB 0x0000000087200000| Untracked 
| 115|0x0000000087300000, 0x0000000087300000, 0x0000000087400000|  0%| F|  |TAMS 0x0000000087300000| PB 0x0000000087300000| Untracked 
| 116|0x0000000087400000, 0x0000000087400000, 0x0000000087500000|  0%| F|  |TAMS 0x0000000087400000| PB 0x0000000087400000| Untracked 
| 117|0x0000000087500000, 0x0000000087500000, 0x0000000087600000|  0%| F|  |TAMS 0x0000000087500000| PB 0x0000000087500000| Untracked 
| 118|0x0000000087600000, 0x0000000087600000, 0x0000000087700000|  0%| F|  |TAMS 0x0000000087600000| PB 0x0000000087600000| Untracked 
| 119|0x0000000087700000, 0x0000000087700000, 0x0000000087800000|  0%| F|  |TAMS 0x0000000087700000| PB 0x0000000087700000| Untracked 
| 120|0x0000000087800000, 0x0000000087800000, 0x0000000087900000|  0%| F|  |TAMS 0x0000000087800000| PB 0x0000000087800000| Untracked 
| 121|0x0000000087900000, 0x0000000087900000, 0x0000000087a00000|  0%| F|  |TAMS 0x0000000087900000| PB 0x0000000087900000| Untracked 
| 122|0x0000000087a00000, 0x0000000087a00000, 0x0000000087b00000|  0%| F|  |TAMS 0x0000000087a00000| PB 0x0000000087a00000| Untracked 
| 123|0x0000000087b00000, 0x0000000087b00000, 0x0000000087c00000|  0%| F|  |TAMS 0x0000000087b00000| PB 0x0000000087b00000| Untracked 
| 124|0x0000000087c00000, 0x0000000087c00000, 0x0000000087d00000|  0%| F|  |TAMS 0x0000000087c00000| PB 0x0000000087c00000| Untracked 
| 125|0x0000000087d00000, 0x0000000087d00000, 0x0000000087e00000|  0%| F|  |TAMS 0x0000000087d00000| PB 0x0000000087d00000| Untracked 
| 126|0x0000000087e00000, 0x0000000087e00000, 0x0000000087f00000|  0%| F|  |TAMS 0x0000000087e00000| PB 0x0000000087e00000| Untracked 
| 127|0x0000000087f00000, 0x0000000087f00000, 0x0000000088000000|  0%| F|  |TAMS 0x0000000087f00000| PB 0x0000000087f00000| Untracked 
| 128|0x0000000088000000, 0x0000000088000000, 0x0000000088100000|  0%| F|  |TAMS 0x0000000088000000| PB 0x0000000088000000| Untracked 
| 129|0x0000000088100000, 0x0000000088100000, 0x0000000088200000|  0%| F|  |TAMS 0x0000000088100000| PB 0x0000000088100000| Untracked 
| 130|0x0000000088200000, 0x0000000088200000, 0x0000000088300000|  0%| F|  |TAMS 0x0000000088200000| PB 0x0000000088200000| Untracked 
| 131|0x0000000088300000, 0x0000000088300000, 0x0000000088400000|  0%| F|  |TAMS 0x0000000088300000| PB 0x0000000088300000| Untracked 
| 132|0x0000000088400000, 0x0000000088400000, 0x0000000088500000|  0%| F|  |TAMS 0x0000000088400000| PB 0x0000000088400000| Untracked 
| 133|0x0000000088500000, 0x0000000088500000, 0x0000000088600000|  0%| F|  |TAMS 0x0000000088500000| PB 0x0000000088500000| Untracked 
| 134|0x0000000088600000, 0x0000000088600000, 0x0000000088700000|  0%| F|  |TAMS 0x0000000088600000| PB 0x0000000088600000| Untracked 
| 135|0x0000000088700000, 0x0000000088700000, 0x0000000088800000|  0%| F|  |TAMS 0x0000000088700000| PB 0x0000000088700000| Untracked 
| 136|0x0000000088800000, 0x0000000088800000, 0x0000000088900000|  0%| F|  |TAMS 0x0000000088800000| PB 0x0000000088800000| Untracked 
| 137|0x0000000088900000, 0x0000000088900000, 0x0000000088a00000|  0%| F|  |TAMS 0x0000000088900000| PB 0x0000000088900000| Untracked 
| 138|0x0000000088a00000, 0x0000000088a00000, 0x0000000088b00000|  0%| F|  |TAMS 0x0000000088a00000| PB 0x0000000088a00000| Untracked 
| 139|0x0000000088b00000, 0x0000000088b00000, 0x0000000088c00000|  0%| F|  |TAMS 0x0000000088b00000| PB 0x0000000088b00000| Untracked 
| 140|0x0000000088c00000, 0x0000000088c00000, 0x0000000088d00000|  0%| F|  |TAMS 0x0000000088c00000| PB 0x0000000088c00000| Untracked 
| 141|0x0000000088d00000, 0x0000000088d00000, 0x0000000088e00000|  0%| F|  |TAMS 0x0000000088d00000| PB 0x0000000088d00000| Untracked 
| 142|0x0000000088e00000, 0x0000000088e00000, 0x0000000088f00000|  0%| F|  |TAMS 0x0000000088e00000| PB 0x0000000088e00000| Untracked 
| 143|0x0000000088f00000, 0x0000000088f00000, 0x0000000089000000|  0%| F|  |TAMS 0x0000000088f00000| PB 0x0000000088f00000| Untracked 
| 144|0x0000000089000000, 0x0000000089000000, 0x0000000089100000|  0%| F|  |TAMS 0x0000000089000000| PB 0x0000000089000000| Untracked 
| 145|0x0000000089100000, 0x0000000089100000, 0x0000000089200000|  0%| F|  |TAMS 0x0000000089100000| PB 0x0000000089100000| Untracked 
| 146|0x0000000089200000, 0x0000000089200000, 0x0000000089300000|  0%| F|  |TAMS 0x0000000089200000| PB 0x0000000089200000| Untracked 
| 147|0x0000000089300000, 0x0000000089300000, 0x0000000089400000|  0%| F|  |TAMS 0x0000000089300000| PB 0x0000000089300000| Untracked 
| 148|0x0000000089400000, 0x0000000089400000, 0x0000000089500000|  0%| F|  |TAMS 0x0000000089400000| PB 0x0000000089400000| Untracked 
| 149|0x0000000089500000, 0x0000000089500000, 0x0000000089600000|  0%| F|  |TAMS 0x0000000089500000| PB 0x0000000089500000| Untracked 
| 150|0x0000000089600000, 0x0000000089600000, 0x0000000089700000|  0%| F|  |TAMS 0x0000000089600000| PB 0x0000000089600000| Untracked 
| 151|0x0000000089700000, 0x0000000089700000, 0x0000000089800000|  0%| F|  |TAMS 0x0000000089700000| PB 0x0000000089700000| Untracked 
| 152|0x0000000089800000, 0x0000000089800000, 0x0000000089900000|  0%| F|  |TAMS 0x0000000089800000| PB 0x0000000089800000| Untracked 
| 153|0x0000000089900000, 0x0000000089900000, 0x0000000089a00000|  0%| F|  |TAMS 0x0000000089900000| PB 0x0000000089900000| Untracked 
| 154|0x0000000089a00000, 0x0000000089a00000, 0x0000000089b00000|  0%| F|  |TAMS 0x0000000089a00000| PB 0x0000000089a00000| Untracked 
| 155|0x0000000089b00000, 0x0000000089b00000, 0x0000000089c00000|  0%| F|  |TAMS 0x0000000089b00000| PB 0x0000000089b00000| Untracked 
| 156|0x0000000089c00000, 0x0000000089c00000, 0x0000000089d00000|  0%| F|  |TAMS 0x0000000089c00000| PB 0x0000000089c00000| Untracked 
| 157|0x0000000089d00000, 0x0000000089d00000, 0x0000000089e00000|  0%| F|  |TAMS 0x0000000089d00000| PB 0x0000000089d00000| Untracked 
| 158|0x0000000089e00000, 0x0000000089e00000, 0x0000000089f00000|  0%| F|  |TAMS 0x0000000089e00000| PB 0x0000000089e00000| Untracked 
| 159|0x0000000089f00000, 0x0000000089f00000, 0x000000008a000000|  0%| F|  |TAMS 0x0000000089f00000| PB 0x0000000089f00000| Untracked 
| 160|0x000000008a000000, 0x000000008a000000, 0x000000008a100000|  0%| F|  |TAMS 0x000000008a000000| PB 0x000000008a000000| Untracked 
| 161|0x000000008a100000, 0x000000008a100000, 0x000000008a200000|  0%| F|  |TAMS 0x000000008a100000| PB 0x000000008a100000| Untracked 
| 162|0x000000008a200000, 0x000000008a200000, 0x000000008a300000|  0%| F|  |TAMS 0x000000008a200000| PB 0x000000008a200000| Untracked 
| 163|0x000000008a300000, 0x000000008a300000, 0x000000008a400000|  0%| F|  |TAMS 0x000000008a300000| PB 0x000000008a300000| Untracked 
| 164|0x000000008a400000, 0x000000008a400000, 0x000000008a500000|  0%| F|  |TAMS 0x000000008a400000| PB 0x000000008a400000| Untracked 
| 165|0x000000008a500000, 0x000000008a500000, 0x000000008a600000|  0%| F|  |TAMS 0x000000008a500000| PB 0x000000008a500000| Untracked 
| 166|0x000000008a600000, 0x000000008a600000, 0x000000008a700000|  0%| F|  |TAMS 0x000000008a600000| PB 0x000000008a600000| Untracked 
| 167|0x000000008a700000, 0x000000008a700000, 0x000000008a800000|  0%| F|  |TAMS 0x000000008a700000| PB 0x000000008a700000| Untracked 
| 168|0x000000008a800000, 0x000000008a800000, 0x000000008a900000|  0%| F|  |TAMS 0x000000008a800000| PB 0x000000008a800000| Untracked 
| 169|0x000000008a900000, 0x000000008a900000, 0x000000008aa00000|  0%| F|  |TAMS 0x000000008a900000| PB 0x000000008a900000| Untracked 
| 170|0x000000008aa00000, 0x000000008aa00000, 0x000000008ab00000|  0%| F|  |TAMS 0x000000008aa00000| PB 0x000000008aa00000| Untracked 
| 171|0x000000008ab00000, 0x000000008ab00000, 0x000000008ac00000|  0%| F|  |TAMS 0x000000008ab00000| PB 0x000000008ab00000| Untracked 
| 172|0x000000008ac00000, 0x000000008ac00000, 0x000000008ad00000|  0%| F|  |TAMS 0x000000008ac00000| PB 0x000000008ac00000| Untracked 
| 173|0x000000008ad00000, 0x000000008ad00000, 0x000000008ae00000|  0%| F|  |TAMS 0x000000008ad00000| PB 0x000000008ad00000| Untracked 
| 174|0x000000008ae00000, 0x000000008ae00000, 0x000000008af00000|  0%| F|  |TAMS 0x000000008ae00000| PB 0x000000008ae00000| Untracked 
| 175|0x000000008af00000, 0x000000008af00000, 0x000000008b000000|  0%| F|  |TAMS 0x000000008af00000| PB 0x000000008af00000| Untracked 
| 176|0x000000008b000000, 0x000000008b000000, 0x000000008b100000|  0%| F|  |TAMS 0x000000008b000000| PB 0x000000008b000000| Untracked 
| 177|0x000000008b100000, 0x000000008b100000, 0x000000008b200000|  0%| F|  |TAMS 0x000000008b100000| PB 0x000000008b100000| Untracked 
| 178|0x000000008b200000, 0x000000008b200000, 0x000000008b300000|  0%| F|  |TAMS 0x000000008b200000| PB 0x000000008b200000| Untracked 
| 179|0x000000008b300000, 0x000000008b300000, 0x000000008b400000|  0%| F|  |TAMS 0x000000008b300000| PB 0x000000008b300000| Untracked 
| 180|0x000000008b400000, 0x000000008b400000, 0x000000008b500000|  0%| F|  |TAMS 0x000000008b400000| PB 0x000000008b400000| Untracked 
| 181|0x000000008b500000, 0x000000008b500000, 0x000000008b600000|  0%| F|  |TAMS 0x000000008b500000| PB 0x000000008b500000| Untracked 
| 182|0x000000008b600000, 0x000000008b600000, 0x000000008b700000|  0%| F|  |TAMS 0x000000008b600000| PB 0x000000008b600000| Untracked 
| 183|0x000000008b700000, 0x000000008b700000, 0x000000008b800000|  0%| F|  |TAMS 0x000000008b700000| PB 0x000000008b700000| Untracked 
| 184|0x000000008b800000, 0x000000008b800000, 0x000000008b900000|  0%| F|  |TAMS 0x000000008b800000| PB 0x000000008b800000| Untracked 
| 185|0x000000008b900000, 0x000000008b900000, 0x000000008ba00000|  0%| F|  |TAMS 0x000000008b900000| PB 0x000000008b900000| Untracked 
| 186|0x000000008ba00000, 0x000000008ba00000, 0x000000008bb00000|  0%| F|  |TAMS 0x000000008ba00000| PB 0x000000008ba00000| Untracked 
| 187|0x000000008bb00000, 0x000000008bb00000, 0x000000008bc00000|  0%| F|  |TAMS 0x000000008bb00000| PB 0x000000008bb00000| Untracked 
| 188|0x000000008bc00000, 0x000000008bc00000, 0x000000008bd00000|  0%| F|  |TAMS 0x000000008bc00000| PB 0x000000008bc00000| Untracked 
| 189|0x000000008bd00000, 0x000000008bd00000, 0x000000008be00000|  0%| F|  |TAMS 0x000000008bd00000| PB 0x000000008bd00000| Untracked 
| 190|0x000000008be00000, 0x000000008be00000, 0x000000008bf00000|  0%| F|  |TAMS 0x000000008be00000| PB 0x000000008be00000| Untracked 
| 191|0x000000008bf00000, 0x000000008bf00000, 0x000000008c000000|  0%| F|  |TAMS 0x000000008bf00000| PB 0x000000008bf00000| Untracked 
| 192|0x000000008c000000, 0x000000008c000000, 0x000000008c100000|  0%| F|  |TAMS 0x000000008c000000| PB 0x000000008c000000| Untracked 
| 193|0x000000008c100000, 0x000000008c100000, 0x000000008c200000|  0%| F|  |TAMS 0x000000008c100000| PB 0x000000008c100000| Untracked 
| 194|0x000000008c200000, 0x000000008c200000, 0x000000008c300000|  0%| F|  |TAMS 0x000000008c200000| PB 0x000000008c200000| Untracked 
| 195|0x000000008c300000, 0x000000008c300000, 0x000000008c400000|  0%| F|  |TAMS 0x000000008c300000| PB 0x000000008c300000| Untracked 
| 196|0x000000008c400000, 0x000000008c400000, 0x000000008c500000|  0%| F|  |TAMS 0x000000008c400000| PB 0x000000008c400000| Untracked 
| 197|0x000000008c500000, 0x000000008c500000, 0x000000008c600000|  0%| F|  |TAMS 0x000000008c500000| PB 0x000000008c500000| Untracked 
| 198|0x000000008c600000, 0x000000008c600000, 0x000000008c700000|  0%| F|  |TAMS 0x000000008c600000| PB 0x000000008c600000| Untracked 
| 199|0x000000008c700000, 0x000000008c700000, 0x000000008c800000|  0%| F|  |TAMS 0x000000008c700000| PB 0x000000008c700000| Untracked 
| 200|0x000000008c800000, 0x000000008c800000, 0x000000008c900000|  0%| F|  |TAMS 0x000000008c800000| PB 0x000000008c800000| Untracked 
| 201|0x000000008c900000, 0x000000008c900000, 0x000000008ca00000|  0%| F|  |TAMS 0x000000008c900000| PB 0x000000008c900000| Untracked 
| 202|0x000000008ca00000, 0x000000008ca00000, 0x000000008cb00000|  0%| F|  |TAMS 0x000000008ca00000| PB 0x000000008ca00000| Untracked 
| 203|0x000000008cb00000, 0x000000008cb00000, 0x000000008cc00000|  0%| F|  |TAMS 0x000000008cb00000| PB 0x000000008cb00000| Untracked 
| 204|0x000000008cc00000, 0x000000008cc00000, 0x000000008cd00000|  0%| F|  |TAMS 0x000000008cc00000| PB 0x000000008cc00000| Untracked 
| 205|0x000000008cd00000, 0x000000008cd00000, 0x000000008ce00000|  0%| F|  |TAMS 0x000000008cd00000| PB 0x000000008cd00000| Untracked 
| 206|0x000000008ce00000, 0x000000008ce00000, 0x000000008cf00000|  0%| F|  |TAMS 0x000000008ce00000| PB 0x000000008ce00000| Untracked 
| 207|0x000000008cf00000, 0x000000008cf00000, 0x000000008d000000|  0%| F|  |TAMS 0x000000008cf00000| PB 0x000000008cf00000| Untracked 
| 208|0x000000008d000000, 0x000000008d000000, 0x000000008d100000|  0%| F|  |TAMS 0x000000008d000000| PB 0x000000008d000000| Untracked 
| 209|0x000000008d100000, 0x000000008d100000, 0x000000008d200000|  0%| F|  |TAMS 0x000000008d100000| PB 0x000000008d100000| Untracked 
| 210|0x000000008d200000, 0x000000008d200000, 0x000000008d300000|  0%| F|  |TAMS 0x000000008d200000| PB 0x000000008d200000| Untracked 
| 211|0x000000008d300000, 0x000000008d300000, 0x000000008d400000|  0%| F|  |TAMS 0x000000008d300000| PB 0x000000008d300000| Untracked 
| 212|0x000000008d400000, 0x000000008d400000, 0x000000008d500000|  0%| F|  |TAMS 0x000000008d400000| PB 0x000000008d400000| Untracked 
| 213|0x000000008d500000, 0x000000008d500000, 0x000000008d600000|  0%| F|  |TAMS 0x000000008d500000| PB 0x000000008d500000| Untracked 
| 214|0x000000008d600000, 0x000000008d600000, 0x000000008d700000|  0%| F|  |TAMS 0x000000008d600000| PB 0x000000008d600000| Untracked 
| 215|0x000000008d700000, 0x000000008d700000, 0x000000008d800000|  0%| F|  |TAMS 0x000000008d700000| PB 0x000000008d700000| Untracked 
| 216|0x000000008d800000, 0x000000008d800000, 0x000000008d900000|  0%| F|  |TAMS 0x000000008d800000| PB 0x000000008d800000| Untracked 
| 217|0x000000008d900000, 0x000000008d900000, 0x000000008da00000|  0%| F|  |TAMS 0x000000008d900000| PB 0x000000008d900000| Untracked 
| 218|0x000000008da00000, 0x000000008da00000, 0x000000008db00000|  0%| F|  |TAMS 0x000000008da00000| PB 0x000000008da00000| Untracked 
| 219|0x000000008db00000, 0x000000008db00000, 0x000000008dc00000|  0%| F|  |TAMS 0x000000008db00000| PB 0x000000008db00000| Untracked 
| 220|0x000000008dc00000, 0x000000008dc00000, 0x000000008dd00000|  0%| F|  |TAMS 0x000000008dc00000| PB 0x000000008dc00000| Untracked 
| 221|0x000000008dd00000, 0x000000008dd00000, 0x000000008de00000|  0%| F|  |TAMS 0x000000008dd00000| PB 0x000000008dd00000| Untracked 
| 222|0x000000008de00000, 0x000000008de00000, 0x000000008df00000|  0%| F|  |TAMS 0x000000008de00000| PB 0x000000008de00000| Untracked 
| 223|0x000000008df00000, 0x000000008df00000, 0x000000008e000000|  0%| F|  |TAMS 0x000000008df00000| PB 0x000000008df00000| Untracked 
| 224|0x000000008e000000, 0x000000008e000000, 0x000000008e100000|  0%| F|  |TAMS 0x000000008e000000| PB 0x000000008e000000| Untracked 
| 225|0x000000008e100000, 0x000000008e100000, 0x000000008e200000|  0%| F|  |TAMS 0x000000008e100000| PB 0x000000008e100000| Untracked 
| 226|0x000000008e200000, 0x000000008e200000, 0x000000008e300000|  0%| F|  |TAMS 0x000000008e200000| PB 0x000000008e200000| Untracked 
| 227|0x000000008e300000, 0x000000008e300000, 0x000000008e400000|  0%| F|  |TAMS 0x000000008e300000| PB 0x000000008e300000| Untracked 
| 228|0x000000008e400000, 0x000000008e400000, 0x000000008e500000|  0%| F|  |TAMS 0x000000008e400000| PB 0x000000008e400000| Untracked 
| 229|0x000000008e500000, 0x000000008e500000, 0x000000008e600000|  0%| F|  |TAMS 0x000000008e500000| PB 0x000000008e500000| Untracked 
| 230|0x000000008e600000, 0x000000008e600000, 0x000000008e700000|  0%| F|  |TAMS 0x000000008e600000| PB 0x000000008e600000| Untracked 
| 231|0x000000008e700000, 0x000000008e700000, 0x000000008e800000|  0%| F|  |TAMS 0x000000008e700000| PB 0x000000008e700000| Untracked 
| 232|0x000000008e800000, 0x000000008e800000, 0x000000008e900000|  0%| F|  |TAMS 0x000000008e800000| PB 0x000000008e800000| Untracked 
| 233|0x000000008e900000, 0x000000008e900000, 0x000000008ea00000|  0%| F|  |TAMS 0x000000008e900000| PB 0x000000008e900000| Untracked 
| 234|0x000000008ea00000, 0x000000008ea00000, 0x000000008eb00000|  0%| F|  |TAMS 0x000000008ea00000| PB 0x000000008ea00000| Untracked 
| 235|0x000000008eb00000, 0x000000008eb00000, 0x000000008ec00000|  0%| F|  |TAMS 0x000000008eb00000| PB 0x000000008eb00000| Untracked 
| 236|0x000000008ec00000, 0x000000008ec00000, 0x000000008ed00000|  0%| F|  |TAMS 0x000000008ec00000| PB 0x000000008ec00000| Untracked 
| 237|0x000000008ed00000, 0x000000008ed00000, 0x000000008ee00000|  0%| F|  |TAMS 0x000000008ed00000| PB 0x000000008ed00000| Untracked 
| 238|0x000000008ee00000, 0x000000008ee00000, 0x000000008ef00000|  0%| F|  |TAMS 0x000000008ee00000| PB 0x000000008ee00000| Untracked 
| 239|0x000000008ef00000, 0x000000008ef00000, 0x000000008f000000|  0%| F|  |TAMS 0x000000008ef00000| PB 0x000000008ef00000| Untracked 
| 240|0x000000008f000000, 0x000000008f000000, 0x000000008f100000|  0%| F|  |TAMS 0x000000008f000000| PB 0x000000008f000000| Untracked 
| 241|0x000000008f100000, 0x000000008f100000, 0x000000008f200000|  0%| F|  |TAMS 0x000000008f100000| PB 0x000000008f100000| Untracked 
| 242|0x000000008f200000, 0x000000008f200000, 0x000000008f300000|  0%| F|  |TAMS 0x000000008f200000| PB 0x000000008f200000| Untracked 
| 243|0x000000008f300000, 0x000000008f300000, 0x000000008f400000|  0%| F|  |TAMS 0x000000008f300000| PB 0x000000008f300000| Untracked 
| 244|0x000000008f400000, 0x000000008f400000, 0x000000008f500000|  0%| F|  |TAMS 0x000000008f400000| PB 0x000000008f400000| Untracked 
| 245|0x000000008f500000, 0x000000008f500000, 0x000000008f600000|  0%| F|  |TAMS 0x000000008f500000| PB 0x000000008f500000| Untracked 
| 246|0x000000008f600000, 0x000000008f600000, 0x000000008f700000|  0%| F|  |TAMS 0x000000008f600000| PB 0x000000008f600000| Untracked 
| 247|0x000000008f700000, 0x000000008f700000, 0x000000008f800000|  0%| F|  |TAMS 0x000000008f700000| PB 0x000000008f700000| Untracked 
| 248|0x000000008f800000, 0x000000008f800000, 0x000000008f900000|  0%| F|  |TAMS 0x000000008f800000| PB 0x000000008f800000| Untracked 
| 249|0x000000008f900000, 0x000000008f900000, 0x000000008fa00000|  0%| F|  |TAMS 0x000000008f900000| PB 0x000000008f900000| Untracked 
| 250|0x000000008fa00000, 0x000000008fa00000, 0x000000008fb00000|  0%| F|  |TAMS 0x000000008fa00000| PB 0x000000008fa00000| Untracked 
| 251|0x000000008fb00000, 0x000000008fbd7500, 0x000000008fc00000| 84%| S|CS|TAMS 0x000000008fb00000| PB 0x000000008fb00000| Complete 
| 252|0x000000008fc00000, 0x000000008fc00000, 0x000000008fd00000|  0%| F|  |TAMS 0x000000008fc00000| PB 0x000000008fc00000| Untracked 
| 253|0x000000008fd00000, 0x000000008fd00000, 0x000000008fe00000|  0%| F|  |TAMS 0x000000008fd00000| PB 0x000000008fd00000| Untracked 
| 254|0x000000008fe00000, 0x000000008fe00000, 0x000000008ff00000|  0%| F|  |TAMS 0x000000008fe00000| PB 0x000000008fe00000| Untracked 
| 255|0x000000008ff00000, 0x000000008ff00000, 0x0000000090000000|  0%| F|  |TAMS 0x000000008ff00000| PB 0x000000008ff00000| Untracked 

Card table byte_map: [0x000001d520000000,0x000001d520400000] _byte_map_base: 0x000001d51fc00000

Marking Bits: (CMBitMap*) 0x000001d57b5b0390
 Bits: [0x000001d520400000, 0x000001d522400000)

Polling page: 0x000001d579110000

Metaspace:

Usage:
  Non-class:     54.66 MB used.
      Class:      6.40 MB used.
       Both:     61.06 MB used.

Virtual space:
  Non-class space:       64.00 MB reserved,      55.19 MB ( 86%) committed,  1 nodes.
      Class space:        1.00 GB reserved,       6.81 MB ( <1%) committed,  1 nodes.
             Both:        1.06 GB reserved,      62.00 MB (  6%) committed. 

Chunk freelists:
   Non-Class:  8.53 MB
       Class:  9.23 MB
        Both:  17.77 MB

MaxMetaspaceSize: unlimited
CompressedClassSpaceSize: 1.00 GB
Initial GC threshold: 21.00 MB
Current GC threshold: 62.00 MB
CDS: off
 - commit_granule_bytes: 65536.
 - commit_granule_words: 8192.
 - virtual_space_node_default_size: 8388608.
 - enlarge_chunks_in_place: 1.
 - use_allocation_guard: 0.


Internal statistics:

num_allocs_failed_limit: 48.
num_arena_births: 1066.
num_arena_deaths: 16.
num_vsnodes_births: 2.
num_vsnodes_deaths: 0.
num_space_committed: 989.
num_space_uncommitted: 0.
num_chunks_returned_to_freelist: 72.
num_chunks_taken_from_freelist: 3152.
num_chunk_merges: 41.
num_chunk_splits: 1985.
num_chunks_enlarged: 1216.
num_inconsistent_stats: 0.

CodeHeap 'non-profiled nmethods': size=259328Kb used=1861Kb max_used=1861Kb free=257467Kb
 bounds [0x000001d5102c0000, 0x000001d510530000, 0x000001d520000000]
CodeHeap 'profiled nmethods': size=259264Kb used=8826Kb max_used=8826Kb free=250437Kb
 bounds [0x000001d500000000, 0x000001d5008a0000, 0x000001d50fd30000]
CodeHeap 'non-nmethods': size=5696Kb used=2211Kb max_used=2225Kb free=3484Kb
 bounds [0x000001d50fd30000, 0x000001d50ffa0000, 0x000001d5102c0000]
 total_blobs=5410 nmethods=4473 adapters=841
 compilation: enabled
              stopped_count=0, restarted_count=0
 full_count=0

Compilation events (20 events):
Event: 4.485 Thread 0x000001d524d9bd60 nmethod 4620 0x000001d500897f90 code [0x000001d5008981e0, 0x000001d500898b30]
Event: 4.485 Thread 0x000001d524d9bd60 4619 %     3       sun.util.locale.LocaleUtils::toLowerString @ 7 (95 bytes)
Event: 4.495 Thread 0x000001d524d9bd60 nmethod 4619% 0x000001d500898e10 code [0x000001d500899100, 0x000001d50089a288]
Event: 4.495 Thread 0x000001d524d9bd60 4622 %     3       sun.util.locale.BaseLocale::getInstance @ 65 (150 bytes)
Event: 4.495 Thread 0x000001d524d992b0 nmethod 4601 0x000001d510490710 code [0x000001d5104908c0, 0x000001d510490bb0]
Event: 4.495 Thread 0x000001d524d992b0 4589       4       kotlinx.coroutines.debug.internal.DebugProbesImpl::getDebugProbesImpl$VolatileWrapper$atomicfu$private (4 bytes)
Event: 4.495 Thread 0x000001d524d992b0 nmethod 4589 0x000001d510490e10 code [0x000001d510490fa0, 0x000001d510491010]
Event: 4.495 Thread 0x000001d524d992b0 4625       4       java.lang.ref.SoftReference::get (29 bytes)
Event: 4.495 Thread 0x000001d524d9bd60 nmethod 4622% 0x000001d50089a910 code [0x000001d50089aba0, 0x000001d50089b7a8]
Event: 4.495 Thread 0x000001d524d9bd60 4624       3       com.fasterxml.aalto.util.TextBuilder::resetWithIndentation (129 bytes)
Event: 4.496 Thread 0x000001d524d992b0 nmethod 4625 0x000001d510491110 code [0x000001d5104912a0, 0x000001d510491398]
Event: 4.496 Thread 0x000001d524d992b0 4628       4       java.util.HashMap::get (19 bytes)
Event: 4.496 Thread 0x000001d524d9bd60 nmethod 4624 0x000001d50089bc10 code [0x000001d50089be40, 0x000001d50089c758]
Event: 4.496 Thread 0x000001d524d9bd60 4623       3       com.fasterxml.aalto.util.TextBuilder::isAllWhitespace (118 bytes)
Event: 4.496 Thread 0x000001d524d9bd60 nmethod 4623 0x000001d50089c990 code [0x000001d50089cbc0, 0x000001d50089d4a8]
Event: 4.496 Thread 0x000001d524d9bd60 4626       3       com.intellij.openapi.actionSystem.DefaultActionGroup::addAllToSortedList (103 bytes)
Event: 4.497 Thread 0x000001d524d9bd60 nmethod 4626 0x000001d50089d810 code [0x000001d50089da60, 0x000001d50089e3c8]
Event: 4.497 Thread 0x000001d524d9bd60 4629       3       com.fasterxml.aalto.in.PName2::getQuad (16 bytes)
Event: 4.497 Thread 0x000001d524d9bd60 nmethod 4629 0x000001d50089e690 code [0x000001d50089e840, 0x000001d50089e9c0]
Event: 4.497 Thread 0x000001d524d9bd60 4618       3       sun.util.locale.LocaleUtils::caseIgnoreMatch (73 bytes)

GC Heap History (17 events):
Event: 0.891 GC heap before
{Heap before GC invocations=0 (full 0):
 garbage-first heap   total 262144K, used 34816K [0x0000000080000000, 0x0000000100000000)
  region size 1024K, 23 young (23552K), 0 survivors (0K)
 Metaspace       used 18261K, committed 18496K, reserved 1114112K
  class space    used 1571K, committed 1728K, reserved 1048576K
}
Event: 0.909 GC heap after
{Heap after GC invocations=1 (full 0):
 garbage-first heap   total 262144K, used 20961K [0x0000000080000000, 0x0000000100000000)
  region size 1024K, 3 young (3072K), 3 survivors (3072K)
 Metaspace       used 18261K, committed 18496K, reserved 1114112K
  class space    used 1571K, committed 1728K, reserved 1048576K
}
Event: 0.978 GC heap before
{Heap before GC invocations=1 (full 0):
 garbage-first heap   total 262144K, used 42465K [0x0000000080000000, 0x0000000100000000)
  region size 1024K, 23 young (23552K), 3 survivors (3072K)
 Metaspace       used 19988K, committed 20224K, reserved 1114112K
  class space    used 1743K, committed 1856K, reserved 1048576K
}
Event: 0.985 GC heap after
{Heap after GC invocations=2 (full 0):
 garbage-first heap   total 262144K, used 31926K [0x0000000080000000, 0x0000000100000000)
  region size 1024K, 3 young (3072K), 3 survivors (3072K)
 Metaspace       used 19988K, committed 20224K, reserved 1114112K
  class space    used 1743K, committed 1856K, reserved 1048576K
}
Event: 1.027 GC heap before
{Heap before GC invocations=2 (full 0):
 garbage-first heap   total 262144K, used 42166K [0x0000000080000000, 0x0000000100000000)
  region size 1024K, 15 young (15360K), 3 survivors (3072K)
 Metaspace       used 21240K, committed 21504K, reserved 1114112K
  class space    used 1867K, committed 2048K, reserved 1048576K
}
Event: 1.032 GC heap after
{Heap after GC invocations=3 (full 0):
 garbage-first heap   total 262144K, used 37225K [0x0000000080000000, 0x0000000100000000)
  region size 1024K, 4 young (4096K), 4 survivors (4096K)
 Metaspace       used 21240K, committed 21504K, reserved 1114112K
  class space    used 1867K, committed 2048K, reserved 1048576K
}
Event: 1.474 GC heap before
{Heap before GC invocations=4 (full 0):
 garbage-first heap   total 262144K, used 56681K [0x0000000080000000, 0x0000000100000000)
  region size 1024K, 28 young (28672K), 4 survivors (4096K)
 Metaspace       used 36452K, committed 36928K, reserved 1114112K
  class space    used 3507K, committed 3712K, reserved 1048576K
}
Event: 1.480 GC heap after
{Heap after GC invocations=5 (full 0):
 garbage-first heap   total 262144K, used 42122K [0x0000000080000000, 0x0000000100000000)
  region size 1024K, 7 young (7168K), 7 survivors (7168K)
 Metaspace       used 36452K, committed 36928K, reserved 1114112K
  class space    used 3507K, committed 3712K, reserved 1048576K
}
Event: 1.529 GC heap before
{Heap before GC invocations=5 (full 0):
 garbage-first heap   total 262144K, used 44170K [0x0000000080000000, 0x0000000100000000)
  region size 1024K, 11 young (11264K), 7 survivors (7168K)
 Metaspace       used 36761K, committed 37248K, reserved 1114112K
  class space    used 3541K, committed 3776K, reserved 1048576K
}
Event: 1.532 GC heap after
{Heap after GC invocations=6 (full 0):
 garbage-first heap   total 262144K, used 44024K [0x0000000080000000, 0x0000000100000000)
  region size 1024K, 3 young (3072K), 3 survivors (3072K)
 Metaspace       used 36761K, committed 37248K, reserved 1114112K
  class space    used 3541K, committed 3776K, reserved 1048576K
}
Event: 1.569 GC heap before
{Heap before GC invocations=6 (full 0):
 garbage-first heap   total 262144K, used 48120K [0x0000000080000000, 0x0000000100000000)
  region size 1024K, 8 young (8192K), 3 survivors (3072K)
 Metaspace       used 37084K, committed 37568K, reserved 1114112K
  class space    used 3554K, committed 3776K, reserved 1048576K
}
Event: 1.570 GC heap after
{Heap after GC invocations=7 (full 0):
 garbage-first heap   total 262144K, used 44706K [0x0000000080000000, 0x0000000100000000)
  region size 1024K, 3 young (3072K), 3 survivors (3072K)
 Metaspace       used 37084K, committed 37568K, reserved 1114112K
  class space    used 3554K, committed 3776K, reserved 1048576K
}
Event: 4.467 GC heap before
{Heap before GC invocations=8 (full 0):
 garbage-first heap   total 262144K, used 126626K [0x0000000080000000, 0x0000000100000000)
  region size 1024K, 83 young (84992K), 3 survivors (3072K)
 Metaspace       used 61938K, committed 62848K, reserved 1114112K
  class space    used 6491K, committed 6912K, reserved 1048576K
}
Event: 4.479 GC heap after
{Heap after GC invocations=9 (full 0):
 garbage-first heap   total 262144K, used 68468K [0x0000000080000000, 0x0000000100000000)
  region size 1024K, 17 young (17408K), 17 survivors (17408K)
 Metaspace       used 61938K, committed 62848K, reserved 1114112K
  class space    used 6491K, committed 6912K, reserved 1048576K
}
Event: 4.485 GC heap before
{Heap before GC invocations=9 (full 0):
 garbage-first heap   total 262144K, used 71540K [0x0000000080000000, 0x0000000100000000)
  region size 1024K, 22 young (22528K), 17 survivors (17408K)
 Metaspace       used 62296K, committed 63168K, reserved 1114112K
  class space    used 6527K, committed 6912K, reserved 1048576K
}
Event: 4.493 GC heap after
{Heap after GC invocations=10 (full 0):
 garbage-first heap   total 262144K, used 71680K [0x0000000080000000, 0x0000000100000000)
  region size 1024K, 2 young (2048K), 2 survivors (2048K)
 Metaspace       used 62296K, committed 63168K, reserved 1114112K
  class space    used 6527K, committed 6912K, reserved 1048576K
}
Event: 4.498 GC heap before
{Heap before GC invocations=10 (full 0):
 garbage-first heap   total 262144K, used 73728K [0x0000000080000000, 0x0000000100000000)
  region size 1024K, 6 young (6144K), 2 survivors (2048K)
 Metaspace       used 62523K, committed 63488K, reserved 1114112K
  class space    used 6554K, committed 6976K, reserved 1048576K
}

Dll operation events (3 events):
Event: 0.107 Loaded shared library C:\Program Files\JetBrains\PyCharm 2024.2\jbr\bin\java.dll
Event: 0.346 Loaded shared library C:\Program Files\JetBrains\PyCharm 2024.2\jbr\bin\zip.dll
Event: 0.783 Loaded shared library C:\Program Files\JetBrains\PyCharm 2024.2\jbr\bin\verify.dll

Deoptimization events (20 events):
Event: 4.414 Thread 0x000001d5256721d0 DEOPT PACKING pc=0x000001d500808d98 sp=0x00000012368fd190
Event: 4.414 Thread 0x000001d5256721d0 DEOPT UNPACKING pc=0x000001d50fd888e2 sp=0x00000012368fc648 mode 0
Event: 4.418 Thread 0x000001d5256721d0 Uncommon trap: trap_request=0xffffff45 fr.pc=0x000001d5102df214 relative=0x00000000000001f4
Event: 4.418 Thread 0x000001d5256721d0 Uncommon trap: reason=unstable_if action=reinterpret pc=0x000001d5102df214 method=java.lang.String.isLatin1()Z @ 10 c2
Event: 4.418 Thread 0x000001d5256721d0 DEOPT PACKING pc=0x000001d5102df214 sp=0x00000012368fcfe0
Event: 4.418 Thread 0x000001d5256721d0 DEOPT UNPACKING pc=0x000001d50fd87da2 sp=0x00000012368fcf08 mode 2
Event: 4.419 Thread 0x000001d5256721d0 DEOPT PACKING pc=0x000001d500808d98 sp=0x00000012368fd190
Event: 4.419 Thread 0x000001d5256721d0 DEOPT UNPACKING pc=0x000001d50fd888e2 sp=0x00000012368fc648 mode 0
Event: 4.451 Thread 0x000001d525672ef0 Uncommon trap: trap_request=0xffffff45 fr.pc=0x000001d51040ec30 relative=0x0000000000000110
Event: 4.451 Thread 0x000001d525672ef0 Uncommon trap: reason=unstable_if action=reinterpret pc=0x000001d51040ec30 method=java.util.Arrays.equals([Ljava/lang/Object;[Ljava/lang/Object;)Z @ 44 c2
Event: 4.451 Thread 0x000001d525672ef0 DEOPT PACKING pc=0x000001d51040ec30 sp=0x00000012371fc140
Event: 4.451 Thread 0x000001d525672ef0 DEOPT UNPACKING pc=0x000001d50fd87da2 sp=0x00000012371fc0d0 mode 2
Event: 4.480 Thread 0x000001d52561d6a0 Uncommon trap: trap_request=0xfffffff4 fr.pc=0x000001d5103a9c24 relative=0x00000000000041c4
Event: 4.480 Thread 0x000001d52561d6a0 Uncommon trap: reason=null_check action=make_not_entrant pc=0x000001d5103a9c24 method=java.lang.invoke.MethodType.equals(Ljava/lang/Object;)Z @ 39 c2
Event: 4.480 Thread 0x000001d52561d6a0 DEOPT PACKING pc=0x000001d5103a9c24 sp=0x00000012361fcf10
Event: 4.480 Thread 0x000001d52561d6a0 DEOPT UNPACKING pc=0x000001d50fd87da2 sp=0x00000012361fcda0 mode 2
Event: 4.483 Thread 0x000001d525656470 Uncommon trap: trap_request=0xffffff45 fr.pc=0x000001d510379ec0 relative=0x00000000000002c0
Event: 4.483 Thread 0x000001d525656470 Uncommon trap: reason=unstable_if action=reinterpret pc=0x000001d510379ec0 method=java.util.concurrent.ConcurrentHashMap.addCount(JI)V @ 97 c2
Event: 4.483 Thread 0x000001d525656470 DEOPT PACKING pc=0x000001d510379ec0 sp=0x00000012365f8fb0
Event: 4.483 Thread 0x000001d525656470 DEOPT UNPACKING pc=0x000001d50fd87da2 sp=0x00000012365f8ef0 mode 2

Classes loaded (20 events):
Event: 4.485 Loading class sun/awt/datatransfer/DesktopDatatransferServiceImpl
Event: 4.485 Loading class sun/security/util/DerInputStream
Event: 4.485 Loading class sun/security/util/DerInputStream done
Event: 4.485 Loading class sun/awt/datatransfer/DesktopDatatransferServiceImpl done
Event: 4.485 Loading class java/lang/foreign/MemoryLayout
Event: 4.485 Loading class java/lang/foreign/MemoryLayout done
Event: 4.494 Loading class sun/security/util/IOUtils
Event: 4.494 Loading class java/awt/datatransfer/DataFlavor
Event: 4.494 Loading class sun/security/util/IOUtils done
Event: 4.494 Loading class java/awt/datatransfer/DataFlavor done
Event: 4.495 Loading class java/lang/foreign/ValueLayout done
Event: 4.495 Loading class java/awt/datatransfer/SystemFlavorMap$SoftCache
Event: 4.496 Loading class java/awt/datatransfer/SystemFlavorMap$SoftCache done
Event: 4.496 Loading class java/lang/TypeNotPresentException
Event: 4.496 Loading class java/awt/event/FocusEvent
Event: 4.496 Loading class java/lang/TypeNotPresentException done
Event: 4.496 Loading class sun/text/resources/cldr/FormatData_en
Event: 4.496 Loading class java/awt/event/FocusEvent done
Event: 4.496 Loading class java/awt/event/WindowEvent
Event: 4.496 Loading class java/awt/event/WindowEvent done

Classes unloaded (8 events):
Event: 1.590 Thread 0x000001d524d33320 Unloading class 0x0000000100397800 'java/lang/invoke/LambdaForm$MH+0x0000000100397800'
Event: 1.590 Thread 0x000001d524d33320 Unloading class 0x0000000100397400 'java/lang/invoke/LambdaForm$MH+0x0000000100397400'
Event: 1.590 Thread 0x000001d524d33320 Unloading class 0x0000000100396800 'java/lang/invoke/LambdaForm$MH+0x0000000100396800'
Event: 1.590 Thread 0x000001d524d33320 Unloading class 0x0000000100396400 'java/lang/invoke/LambdaForm$MH+0x0000000100396400'
Event: 1.590 Thread 0x000001d524d33320 Unloading class 0x0000000100395800 'java/lang/invoke/LambdaForm$MH+0x0000000100395800'
Event: 1.590 Thread 0x000001d524d33320 Unloading class 0x0000000100395c00 'java/lang/invoke/LambdaForm$MH+0x0000000100395c00'
Event: 1.590 Thread 0x000001d524d33320 Unloading class 0x0000000100395000 'java/lang/invoke/LambdaForm$MH+0x0000000100395000'
Event: 1.590 Thread 0x000001d524d33320 Unloading class 0x0000000100394400 'java/lang/invoke/LambdaForm$MH+0x0000000100394400'

Classes redefined (0 events):
No events

Internal exceptions (20 events):
Event: 4.354 Thread 0x000001d54ca4ffe0 Exception <a 'java/lang/NoSuchMethodError'{0x000000008cf8d3d0}: com.intellij.diagnostic.PerformanceWatcherImpl: method 'void <init>()' not found> (0x000000008cf8d3d0) 
thrown [s\src\hotspot\share\interpreter\linkResolver.cpp, line 1174]
Event: 4.355 Thread 0x000001d52561d6a0 Exception <a 'java/lang/NoSuchMethodError'{0x000000008ebf3bc8}: com.intellij.util.net.ssl.CertificateManager: method 'void <init>()' not found> (0x000000008ebf3bc8) 
thrown [s\src\hotspot\share\interpreter\linkResolver.cpp, line 1174]
Event: 4.357 Thread 0x000001d52561d6a0 Exception <a 'sun/nio/fs/WindowsException'{0x000000008ebfd7d0}> (0x000000008ebfd7d0) 
thrown [s\src\hotspot\share\prims\jni.cpp, line 535]
Event: 4.358 Thread 0x000001d525662a30 Exception <a 'java/lang/NoSuchMethodError'{0x000000008d42a1f8}: com.intellij.remoteDev.tests.impl.DistributedTestHost: method 'void <init>()' not found> (0x000000008d42a1f8) 
thrown [s\src\hotspot\share\interpreter\linkResolver.cpp, line 1174]
Event: 4.362 Thread 0x000001d54ca4ffe0 Exception <a 'java/lang/NoSuchMethodError'{0x000000008cf9fbc0}: 'java.lang.Object java.lang.invoke.DirectMethodHandle$Holder.newInvokeSpecial(java.lang.Object, java.lang.Object, long)'> (0x000000008cf9fbc0) 
thrown [s\src\hotspot\share\interpreter\linkResolver.cpp, line 784]
Event: 4.367 Thread 0x000001d54ca4c4d0 Exception <a 'java/lang/NoSuchMethodError'{0x000000008ba8d050}: 'java.lang.Object java.lang.invoke.DirectMethodHandle$Holder.newInvokeSpecial(java.lang.Object, java.lang.Object, java.lang.Object, int, int, int, int, int)'> (0x000000008ba8d050) 
thrown [s\src\hotspot\share\interpreter\linkResolver.cpp, line 784]
Event: 4.368 Thread 0x000001d5256258f0 Exception <a 'java/lang/NoSuchMethodError'{0x000000008f0e8d98}: com.intellij.ide.IdeTooltipManager: method 'void <init>()' not found> (0x000000008f0e8d98) 
thrown [s\src\hotspot\share\interpreter\linkResolver.cpp, line 1174]
Event: 4.370 Thread 0x000001d525672860 Exception <a 'sun/nio/fs/WindowsException'{0x000000008d5973a8}> (0x000000008d5973a8) 
thrown [s\src\hotspot\share\prims\jni.cpp, line 535]
Event: 4.372 Thread 0x000001d525672ef0 Implicit null exception at 0x000001d5103c7df7 to 0x000001d5103c8060
Event: 4.377 Thread 0x000001d525672860 Exception <a 'sun/nio/fs/WindowsException'{0x000000008d5a2220}> (0x000000008d5a2220) 
thrown [s\src\hotspot\share\prims\jni.cpp, line 535]
Event: 4.407 Thread 0x000001d54ca4ffe0 Exception <a 'java/lang/NoSuchMethodError'{0x000000008b6049e0}: com.intellij.ide.plugins.marketplace.MarketplaceRequests: method 'void <init>()' not found> (0x000000008b6049e0) 
thrown [s\src\hotspot\share\interpreter\linkResolver.cpp, line 1174]
Event: 4.407 Thread 0x000001d52561e530 Exception <a 'java/lang/NoSuchMethodError'{0x000000008b8cdcd0}: 'int java.lang.invoke.DirectMethodHandle$Holder.invokeStatic(java.lang.Object, java.lang.Object, java.lang.Object, java.lang.Object, java.lang.Object)'> (0x000000008b8cdcd0) 
thrown [s\src\hotspot\share\interpreter\linkResolver.cpp, line 784]
Event: 4.422 Thread 0x000001d54ca4ffe0 Exception <a 'java/lang/NoSuchMethodError'{0x000000008b61a710}: com.intellij.openapi.editor.impl.EditorFactoryImpl: method 'void <init>()' not found> (0x000000008b61a710) 
thrown [s\src\hotspot\share\interpreter\linkResolver.cpp, line 1174]
Event: 4.424 Thread 0x000001d525656470 Exception <a 'java/lang/NoSuchMethodError'{0x000000008fe8d550}: com.intellij.configurationStore.SaveAndSyncHandlerImpl: method 'void <init>()' not found> (0x000000008fe8d550) 
thrown [s\src\hotspot\share\interpreter\linkResolver.cpp, line 1174]
Event: 4.437 Thread 0x000001d525656470 Exception <a 'java/lang/NoSuchMethodError'{0x000000008b007b38}: com.intellij.openapi.progress.impl.PlatformTaskSupport: method 'void <init>()' not found> (0x000000008b007b38) 
thrown [s\src\hotspot\share\interpreter\linkResolver.cpp, line 1174]
Event: 4.440 Thread 0x000001d525656470 Exception <a 'java/lang/NoSuchMethodError'{0x000000008b00e728}: org.jetbrains.ide.BuiltInServerManagerImpl: method 'void <init>()' not found> (0x000000008b00e728) 
thrown [s\src\hotspot\share\interpreter\linkResolver.cpp, line 1174]
Event: 4.440 Thread 0x000001d52561e530 Exception <a 'sun/nio/fs/WindowsException'{0x000000008b24c2c8}> (0x000000008b24c2c8) 
thrown [s\src\hotspot\share\prims\jni.cpp, line 535]
Event: 4.445 Thread 0x000001d54ca4ffe0 Exception <a 'java/lang/NoSuchMethodError'{0x000000008b095768}: com.intellij.ide.AttachedModuleAwareRecentProjectsManager: method 'void <init>()' not found> (0x000000008b095768) 
thrown [s\src\hotspot\share\interpreter\linkResolver.cpp, line 1174]
Event: 4.448 Thread 0x000001d525656470 Exception <a 'java/lang/NoSuchMethodError'{0x000000008b019f80}: 'java.nio.channels.spi.SelectorProvider sun.nio.ch.DefaultSelectorProvider.create()'> (0x000000008b019f80) 
thrown [s\src\hotspot\share\interpreter\linkResolver.cpp, line 784]
Event: 4.480 Thread 0x000001d52561d6a0 Implicit null exception at 0x000001d5103a71be to 0x000001d5103a9c00

ZGC Phase Switch (0 events):
No events

VM Operations (20 events):
Event: 4.387 Executing VM operation: HandshakeAllThreads (Deoptimize) done
Event: 4.421 Executing VM operation: ICBufferFull
Event: 4.422 Executing VM operation: ICBufferFull done
Event: 4.450 Executing VM operation: HandshakeAllThreads (Deoptimize)
Event: 4.451 Executing VM operation: HandshakeAllThreads (Deoptimize) done
Event: 4.451 Executing VM operation: CollectForMetadataAllocation (Metadata GC Threshold)
Event: 4.479 Executing VM operation: CollectForMetadataAllocation (Metadata GC Threshold) done
Event: 4.479 Executing VM operation: CollectForMetadataAllocation (Metadata GC Threshold)
Event: 4.480 Executing VM operation: CollectForMetadataAllocation (Metadata GC Threshold) done
Event: 4.480 Executing VM operation: CollectForMetadataAllocation (Metadata GC Threshold)
Event: 4.480 Executing VM operation: CollectForMetadataAllocation (Metadata GC Threshold) done
Event: 4.482 Executing VM operation: CollectForMetadataAllocation (Metadata GC Threshold)
Event: 4.484 Executing VM operation: CollectForMetadataAllocation (Metadata GC Threshold) done
Event: 4.485 Executing VM operation: CollectForMetadataAllocation (Metadata GC Threshold)
Event: 4.493 Executing VM operation: CollectForMetadataAllocation (Metadata GC Threshold) done
Event: 4.493 Executing VM operation: CollectForMetadataAllocation (Metadata GC Threshold)
Event: 4.493 Executing VM operation: CollectForMetadataAllocation (Metadata GC Threshold) done
Event: 4.494 Executing VM operation: CollectForMetadataAllocation (Metadata GC Threshold)
Event: 4.495 Executing VM operation: CollectForMetadataAllocation (Metadata GC Threshold) done
Event: 4.497 Executing VM operation: CollectForMetadataAllocation (Metadata GC Threshold)

Events (20 events):
Event: 1.595 Thread 0x000001d524d33320 flushing nmethod 0x000001d51030df90
Event: 1.595 Thread 0x000001d524d33320 flushing nmethod 0x000001d510305c90
Event: 1.595 Thread 0x000001d524d33320 flushing nmethod 0x000001d510309b10
Event: 1.595 Thread 0x000001d524d33320 flushing nmethod 0x000001d5102f7d90
Event: 1.595 Thread 0x000001d524d33320 flushing nmethod 0x000001d510303490
Event: 1.595 Thread 0x000001d524d33320 flushing nmethod 0x000001d510308810
Event: 1.595 Thread 0x000001d524d33320 flushing nmethod 0x000001d5102eed90
Event: 1.595 Thread 0x000001d524d33320 flushing nmethod 0x000001d5102ede90
Event: 1.595 Thread 0x000001d524d33320 flushing nmethod 0x000001d5102f0590
Event: 1.595 Thread 0x000001d524d33320 flushing nmethod 0x000001d5102e8f90
Event: 1.595 Thread 0x000001d524d33320 flushing nmethod 0x000001d5102c9d90
Event: 1.595 Thread 0x000001d524d33320 flushing nmethod 0x000001d5102c8190
Event: 1.668 Thread 0x000001d54ca520b0 Thread added: 0x000001d54ca520b0
Event: 1.684 Thread 0x000001d54ca52740 Thread added: 0x000001d54ca52740
Event: 1.848 Thread 0x000001d54ca4d880 Thread added: 0x000001d54ca4d880
Event: 2.140 Thread 0x000001d54ca4e5a0 Thread added: 0x000001d54ca4e5a0
Event: 2.157 Thread 0x000001d54ca4b7b0 Thread added: 0x000001d54ca4b7b0
Event: 4.362 Thread 0x000001d54ca4c4d0 Thread added: 0x000001d54ca4c4d0
Event: 4.412 Thread 0x000001d54ca4ec30 Thread added: 0x000001d54ca4ec30
Event: 4.423 Thread 0x000001d54ca4cb60 Thread added: 0x000001d54ca4cb60


Dynamic libraries:
0x00007ff785360000 - 0x00007ff7854cc000 	C:\Program Files\JetBrains\PyCharm 2024.2\bin\pycharm64.exe
0x00007ffd07cd0000 - 0x00007ffd07ec8000 	C:\WINDOWS\SYSTEM32\ntdll.dll
0x00007ffce6000000 - 0x00007ffce601a000 	C:\Program Files\Avast Software\Avast\aswhook.dll
0x00007ffd07840000 - 0x00007ffd07902000 	C:\WINDOWS\System32\KERNEL32.DLL
0x00007ffd05870000 - 0x00007ffd05b6e000 	C:\WINDOWS\System32\KERNELBASE.dll
0x00007ffd05f50000 - 0x00007ffd06001000 	C:\WINDOWS\System32\ADVAPI32.dll
0x00007ffd074d0000 - 0x00007ffd0756e000 	C:\WINDOWS\System32\msvcrt.dll
0x00007ffd06ac0000 - 0x00007ffd06b5f000 	C:\WINDOWS\System32\sechost.dll
0x00007ffd06f30000 - 0x00007ffd07053000 	C:\WINDOWS\System32\RPCRT4.dll
0x00007ffd053e0000 - 0x00007ffd05407000 	C:\WINDOWS\System32\bcrypt.dll
0x00007ffd06c30000 - 0x00007ffd06cfd000 	C:\WINDOWS\System32\OLEAUT32.dll
0x00007ffd05b70000 - 0x00007ffd05c0d000 	C:\WINDOWS\System32\msvcp_win.dll
0x00007ffd05410000 - 0x00007ffd05510000 	C:\WINDOWS\System32\ucrtbase.dll
0x00007ffd03670000 - 0x00007ffd03854000 	C:\WINDOWS\SYSTEM32\dbghelp.dll
0x00007ffd07930000 - 0x00007ffd07c83000 	C:\WINDOWS\System32\combase.dll
0x00007ffd06350000 - 0x00007ffd06abd000 	C:\WINDOWS\System32\SHELL32.dll
0x00007ffd076a0000 - 0x00007ffd0783d000 	C:\WINDOWS\System32\USER32.dll
0x00007ffd05630000 - 0x00007ffd05652000 	C:\WINDOWS\System32\win32u.dll
0x00007ffd06b70000 - 0x00007ffd06b9b000 	C:\WINDOWS\System32\GDI32.dll
0x00007ffd05510000 - 0x00007ffd05627000 	C:\WINDOWS\System32\gdi32full.dll
0x00007ffce4860000 - 0x00007ffce4887000 	C:\WINDOWS\SYSTEM32\WINMM.dll
0x00007ffd05220000 - 0x00007ffd0524e000 	C:\WINDOWS\SYSTEM32\USERENV.dll
0x00007ffd04b60000 - 0x00007ffd04b6c000 	C:\WINDOWS\SYSTEM32\CRYPTBASE.DLL
0x00007ffd05f20000 - 0x00007ffd05f4f000 	C:\WINDOWS\System32\IMM32.DLL
0x00007ffd02df0000 - 0x00007ffd03594000 	C:\WINDOWS\SYSTEM32\windows.storage.dll
0x00007ffd04bf0000 - 0x00007ffd04c1e000 	C:\WINDOWS\SYSTEM32\Wldp.dll
0x00007ffd06e80000 - 0x00007ffd06f2d000 	C:\WINDOWS\System32\SHCORE.dll
0x00007ffd06e20000 - 0x00007ffd06e75000 	C:\WINDOWS\System32\shlwapi.dll
0x00007ffd052a0000 - 0x00007ffd052c4000 	C:\WINDOWS\SYSTEM32\profapi.dll
0x00007ffd04560000 - 0x00007ffd04593000 	C:\WINDOWS\SYSTEM32\ntmarta.dll
0x00007ffc92c80000 - 0x00007ffc93a32000 	C:\Program Files\JetBrains\PyCharm 2024.2\jbr\bin\server\jvm.dll
0x00007ffd06220000 - 0x00007ffd0628b000 	C:\WINDOWS\System32\WS2_32.dll
0x00007ffd04cf0000 - 0x00007ffd04d3b000 	C:\WINDOWS\SYSTEM32\POWRPROF.dll
0x00007ffd02310000 - 0x00007ffd0231a000 	C:\WINDOWS\SYSTEM32\VERSION.dll
0x00007ffcfdac0000 - 0x00007ffcfdacc000 	C:\Program Files\JetBrains\PyCharm 2024.2\jbr\bin\VCRUNTIME140_1.dll
0x00007ffcf1140000 - 0x00007ffcf115b000 	C:\Program Files\JetBrains\PyCharm 2024.2\jbr\bin\VCRUNTIME140.dll
0x00007ffd04cd0000 - 0x00007ffd04ce2000 	C:\WINDOWS\SYSTEM32\UMPDC.dll
0x00007ffcf63b0000 - 0x00007ffcf63ba000 	C:\Program Files\JetBrains\PyCharm 2024.2\jbr\bin\jimage.dll
0x00007ffcf8cf0000 - 0x00007ffcf8d24000 	C:\WINDOWS\SYSTEM32\dbgcore.DLL
0x00007ffd05c60000 - 0x00007ffd05ce2000 	C:\WINDOWS\System32\bcryptPrimitives.dll
0x00007ffce4ad0000 - 0x00007ffce4aef000 	C:\Program Files\JetBrains\PyCharm 2024.2\jbr\bin\java.dll
0x00007ffd03970000 - 0x00007ffd03982000 	C:\WINDOWS\SYSTEM32\kernel.appcore.dll
0x00007ffce46b0000 - 0x00007ffce46c8000 	C:\Program Files\JetBrains\PyCharm 2024.2\jbr\bin\zip.dll
0x00007ffcf1280000 - 0x00007ffcf1290000 	C:\Program Files\JetBrains\PyCharm 2024.2\jbr\bin\net.dll
0x00007ffd01200000 - 0x00007ffd0130d000 	C:\WINDOWS\SYSTEM32\WINHTTP.dll
0x00007ffd049d0000 - 0x00007ffd04a3a000 	C:\WINDOWS\system32\mswsock.dll
0x00007ffcd4aa0000 - 0x00007ffcd4ab6000 	C:\Program Files\JetBrains\PyCharm 2024.2\jbr\bin\nio.dll
0x00007ffcef8b0000 - 0x00007ffcef8c0000 	C:\Program Files\JetBrains\PyCharm 2024.2\jbr\bin\verify.dll
0x00007ffcc5b60000 - 0x00007ffcc5cf8000 	C:\Program Files\JetBrains\PyCharm 2024.2\jbr\bin\awt.dll
0x00007ffd028f0000 - 0x00007ffd0291f000 	C:\WINDOWS\SYSTEM32\dwmapi.dll
0x00007ffcc5ad0000 - 0x00007ffcc5b5d000 	C:\Program Files\JetBrains\PyCharm 2024.2\bin\MSVCP140.dll
0x00007ffcc78b0000 - 0x00007ffcc78f4000 	C:\Program Files\JetBrains\PyCharm 2024.2\jbr\bin\nvdaControllerClient64.dll
0x00007ffd00bb0000 - 0x00007ffd00c44000 	C:\WINDOWS\SYSTEM32\apphelp.dll
0x00007ffceefe0000 - 0x00007ffceefe9000 	C:\Program Files\JetBrains\PyCharm 2024.2\jbr\bin\prefs.dll
0x00007ffce6b30000 - 0x00007ffce6b3e000 	C:\Program Files\JetBrains\PyCharm 2024.2\jbr\bin\sunmscapi.dll
0x00007ffd05660000 - 0x00007ffd057bc000 	C:\WINDOWS\System32\CRYPT32.dll
0x00007ffd04e10000 - 0x00007ffd04e37000 	C:\WINDOWS\SYSTEM32\ncrypt.dll
0x00007ffd04dd0000 - 0x00007ffd04e0b000 	C:\WINDOWS\SYSTEM32\NTASN1.dll
0x00007ffc85050000 - 0x00007ffc85057000 	C:\WINDOWS\system32\wshunix.dll
0x00007ffce0fe0000 - 0x00007ffce0fe9000 	C:\Program Files\JetBrains\PyCharm 2024.2\jbr\bin\extnet.dll
0x00007ffcdc990000 - 0x00007ffcdca40000 	C:\WINDOWS\WinSxS\amd64_microsoft.windows.common-controls_6595b64144ccf1df_5.82.19041.4355_none_792ecafd2442822f\COMCTL32.dll
0x00007ffd02680000 - 0x00007ffd0271e000 	C:\WINDOWS\system32\uxtheme.dll
0x00007ffd06d00000 - 0x00007ffd06e15000 	C:\WINDOWS\System32\MSCTF.dll
0x00007ffcc6fa0000 - 0x00007ffcc6fe5000 	C:\Program Files\JetBrains\PyCharm 2024.2\lib\jna\amd64\jnidispatch.dll
0x00007ffd06b60000 - 0x00007ffd06b68000 	C:\WINDOWS\System32\PSAPI.DLL
0x00007ffd07570000 - 0x00007ffd0769b000 	C:\WINDOWS\System32\ole32.dll
0x00007ffcba430000 - 0x00007ffcba4b7000 	C:\Program Files\JetBrains\PyCharm 2024.2\jbr\bin\freetype.dll
0x00007ffcd3070000 - 0x00007ffcd3079000 	C:\Program Files\JetBrains\PyCharm 2024.2\jbr\bin\management.dll
0x00007ffcb8340000 - 0x00007ffcb8425000 	C:\Program Files\JetBrains\PyCharm 2024.2\jbr\bin\fontmanager.dll
0x00007ffcd3060000 - 0x00007ffcd306b000 	C:\Program Files\JetBrains\PyCharm 2024.2\jbr\bin\management_ext.dll
0x00007ffcdab30000 - 0x00007ffcdac58000 	C:\WINDOWS\system32\opengl32.dll
0x00007ffcee930000 - 0x00007ffcee95c000 	C:\WINDOWS\SYSTEM32\GLU32.dll
0x00007ffd046d0000 - 0x00007ffd0470b000 	C:\WINDOWS\SYSTEM32\IPHLPAPI.DLL
0x00007ffd05f10000 - 0x00007ffd05f18000 	C:\WINDOWS\System32\NSI.dll

dbghelp: loaded successfully - version: 4.0.5 - missing functions: none
symbol engine: initialized successfully - sym options: 0x614 - pdb path: .;C:\Program Files\JetBrains\PyCharm 2024.2\bin;C:\WINDOWS\SYSTEM32;C:\Program Files\Avast Software\Avast;C:\Program Files\JetBrains\PyCharm 2024.2\jbr\bin\server;C:\Program Files\JetBrains\PyCharm 2024.2\jbr\bin;C:\WINDOWS\WinSxS\amd64_microsoft.windows.common-controls_6595b64144ccf1df_5.82.19041.4355_none_792ecafd2442822f;C:\Program Files\JetBrains\PyCharm 2024.2\lib\jna\amd64

VM Arguments:
jvm_args: abort vfprintf -XX:ErrorFile=C:\Users\Priza -Crédito\java_error_in_pycharm_%p.log -XX:HeapDumpPath=C:\Users\Priza -Crédito\java_error_in_pycharm.hprof -Xms256m -Xmx2048m -XX:+HeapDumpOnOutOfMemoryError -XX:-OmitStackTraceInFastThrow -XX:+IgnoreUnrecognizedVMOptions -ea -Dsun.io.useCanonCaches=false -Dsun.java2d.metal=true -Djbr.catch.SIGABRT=true -Djdk.http.auth.tunneling.disabledSchemes="" -Djdk.attach.allowAttachSelf=true -Djdk.module.illegalAccess.silent=true -Dkotlinx.coroutines.debug=off -XX:CICompilerCount=2 -XX:ReservedCodeCacheSize=512m -XX:+UnlockDiagnosticVMOptions -XX:TieredOldPercentage=100000 -Djb.vmOptionsFile=C:\Users\Priza -Crédito\AppData\Roaming\JetBrains\PyCharm2024.2\pycharm64.exe.vmoptions -Djava.system.class.loader=com.intellij.util.lang.PathClassLoader -Didea.vendor.name=JetBrains -Didea.paths.selector=PyCharm2024.2 -Djna.boot.library.path=C:\Program Files\JetBrains\PyCharm 2024.2/lib/jna/amd64 -Dpty4j.preferred.native.folder=C:\Program Files\JetBrains\PyCharm 2024.2/lib/pty4j -Djna.nosys=true -Djna.noclasspath=true -Dintellij.platform.runtime.repository.path=C:\Program Files\JetBrains\PyCharm 2024.2/modules/module-descriptors.jar -Didea.platform.prefix=Python -Dsplash=true -Daether.connector.resumeDownloads=false --add-opens=java.base/java.io=ALL-UNNAMED --add-opens=java.base/java.lang=ALL-UNNAMED --add-opens=java.base/java.lang.ref=ALL-UNNAMED --add-opens=java.base/java.lang.reflect=ALL-UNNAMED --add-opens=java.base/java.net=ALL-UNNAMED --add-opens=java.base/java.nio=ALL-UNNAMED --add-opens=java.base/java.nio.charset=ALL-UNNAMED --add-opens=java.base/java.text=ALL-UNNAMED --add-opens=java.base/java.time=ALL-UNNAMED --add-opens=java.base/java.util=ALL-UNNAMED --add-opens=java.base/java.util.concurrent=ALL-UNNAMED --add-opens=java.base/java.util.concurrent.atomic=ALL-UNNAMED --add-opens=java.base/java.util.concurrent.locks=ALL-UNNAMED --add-opens=java.base/jdk.internal.vm=ALL-UNNAMED --add-opens=java.base/sun.net.dns=ALL-UNNAMED --add-opens=java.base/sun.nio.ch=ALL-UNNAMED --add-opens=java.base/sun.nio.fs=ALL-UNNAMED --add-opens=java.base/sun.security.ssl=ALL-UNNAMED --add-opens=java.base/sun.security.util=ALL-UNNAMED --add-opens=java.desktop/com.sun.java.swing=ALL-UNNAMED --add-opens=java.desktop/java.awt=ALL-UNNAMED --add-opens=java.desktop/java.awt.dnd.peer=ALL-UNNAMED --add-opens=java.desktop/java.awt.event=ALL-UNNAMED --add-opens=java.desktop/java.awt.font=ALL-UNNAMED --add-opens=java.desktop/java.awt.image=ALL-UNNAMED --add-opens=java.desktop/java.awt.peer=ALL-UNNAMED --add-opens=java.desktop/javax.swing=ALL-UNNAMED --add-opens=java.desktop/javax.swing.plaf.basic=ALL-UNNAMED --add-opens=java.desktop/javax.swing.text=ALL-UNNAMED --add-opens=java.desktop/javax.swing.text.html=ALL-UNNAMED --add-opens=java.desktop/sun.awt=ALL-UNNAMED --add-opens=java.desktop/sun.awt.datatransfer=ALL-UNNAMED --add-opens=java.desktop/sun.awt.image=ALL-UNNAMED --add-opens=java.desktop/sun.awt.windows=ALL-UNNAMED --add-opens=java.desktop/sun.font=ALL-UNNAMED --add-opens=java.desktop/sun.java2d=ALL-UNNAMED --add-opens=java.desktop/sun.swing=ALL-UNNAMED --add-opens=java.management/sun.management=ALL-UNNAMED --add-opens=jdk.attach/sun.tools.attach=ALL-UNNAMED --add-opens=jdk.compiler/com.sun.tools.javac.api=ALL-UNNAMED --add-opens=jdk.internal.jvmstat/sun.jvmstat.monitor=ALL-UNNAMED --add-opens=jdk.jdi/com.sun.tools.jdi=ALL-UNNAMED -Dide.native.launcher=true -Djcef.sandbox.ptr=000001D578F695F0 -Djcef.sandbox.cefVersion=122.1.9+gd14e051+chromium-122.0.6261.94 
java_command: com.intellij.idea.Main C:\Users\Priza -Crédito\OneDrive\Documentos\Ambiente de Trabalho\EMANUEL PASCOAL PRIZA\mYstuffs\Projectos\Sistema Control_Inadimplência\main.py
java_class_path (initial): C:\Program Files\JetBrains\PyCharm 2024.2\lib\platform-loader.jar;C:\Program Files\JetBrains\PyCharm 2024.2\lib\util-8.jar;C:\Program Files\JetBrains\PyCharm 2024.2\lib\util.jar;C:\Program Files\JetBrains\PyCharm 2024.2\lib\app-client.jar;C:\Program Files\JetBrains\PyCharm 2024.2\lib\util_rt.jar;C:\Program Files\JetBrains\PyCharm 2024.2\lib\product.jar;C:\Program Files\JetBrains\PyCharm 2024.2\lib\opentelemetry.jar;C:\Program Files\JetBrains\PyCharm 2024.2\lib\app.jar;C:\Program Files\JetBrains\PyCharm 2024.2\lib\product-client.jar;C:\Program Files\JetBrains\PyCharm 2024.2\lib\lib-client.jar;C:\Program Files\JetBrains\PyCharm 2024.2\lib\stats.jar;C:\Program Files\JetBrains\PyCharm 2024.2\lib\jps-model.jar;C:\Program Files\JetBrains\PyCharm 2024.2\lib\external-system-rt.jar;C:\Program Files\JetBrains\PyCharm 2024.2\lib\rd.jar;C:\Program Files\JetBrains\PyCharm 2024.2\lib\bouncy-castle.jar;C:\Program Files\JetBrains\PyCharm 2024.2\lib\protobuf.jar;C:\Program Files\JetBrains\PyCharm 2024.2\lib\forms_rt.jar;C:\Program Files\JetBrains\PyCharm 2024.2\lib\lib.jar;C:\Program Files\JetBrains\PyCharm 2024.2\lib\externalProcess-rt.jar;C:\Program Files\JetBrains\PyCharm 2024.2\lib\groovy.jar;C:\Program Files\JetBrains\PyCharm 2024.2\lib\annotations.jar;C:\Program Files\JetBrains\PyCharm 2024.2\lib\jsch-agent.jar;C:\Program Files\JetBrains\PyCharm 2024.2\lib\junit4.jar;C:\Program Files\JetBrains\PyCharm 2024.2\lib\nio-fs.jar;C:\Program Files\JetBrains\PyCharm 2024.2\lib\trove.jar
Launcher Type: generic

[Global flags]
     intx CICompilerCount                          = 2                                         {product} {command line}
     uint ConcGCThreads                            = 2                                         {product} {ergonomic}
    ccstr ErrorFile                                = C:\Users\Priza -Crédito\java_error_in_pycharm_%p.log            {product} {command line}
     uint G1ConcRefinementThreads                  = 8                                         {product} {ergonomic}
   size_t G1HeapRegionSize                         = 1048576                                   {product} {ergonomic}
    uintx GCDrainStackTargetSize                   = 64                                        {product} {ergonomic}
     bool HeapDumpOnOutOfMemoryError               = true                                   {manageable} {command line}
    ccstr HeapDumpPath                             = C:\Users\Priza -Crédito\java_error_in_pycharm.hprof         {manageable} {command line}
     bool IgnoreUnrecognizedVMOptions              = true                                      {product} {command line}
   size_t InitialHeapSize                          = 268435456                                 {product} {command line}
   size_t MarkStackSize                            = 4194304                                   {product} {ergonomic}
   size_t MaxHeapSize                              = 2147483648                                {product} {command line}
   size_t MaxNewSize                               = 1287651328                                {product} {ergonomic}
   size_t MinHeapDeltaBytes                        = 1048576                                   {product} {ergonomic}
   size_t MinHeapSize                              = 268435456                                 {product} {command line}
    uintx NonNMethodCodeHeapSize                   = 5826188                                {pd product} {ergonomic}
    uintx NonProfiledCodeHeapSize                  = 265522362                              {pd product} {ergonomic}
     bool OmitStackTraceInFastThrow                = false                                     {product} {command line}
    uintx ProfiledCodeHeapSize                     = 265522362                              {pd product} {ergonomic}
    uintx ReservedCodeCacheSize                    = 536870912                              {pd product} {command line}
     bool SegmentedCodeCache                       = true                                      {product} {ergonomic}
   size_t SoftMaxHeapSize                          = 2147483648                             {manageable} {ergonomic}
     intx TieredOldPercentage                      = 100000                                 {diagnostic} {command line}
     bool UnlockDiagnosticVMOptions                = true                                   {diagnostic} {command line}
     bool UseCompressedOops                        = true                           {product lp64_product} {ergonomic}
     bool UseG1GC                                  = true                                      {product} {ergonomic}
     bool UseLargePagesIndividualAllocation        = false                                  {pd product} {ergonomic}

Logging:
Log output configuration:
 #0: stdout all=warning uptime,level,tags foldmultilines=false
 #1: stderr all=off uptime,level,tags foldmultilines=false

Environment Variables:
PATH=C:\WINDOWS\system32;C:\WINDOWS;C:\WINDOWS\System32\Wbem;C:\WINDOWS\System32\WindowsPowerShell\v1.0\;C:\WINDOWS\System32\OpenSSH\;C:\Program Files\dotnet\;C:\Users\Priza -Crdito\AppData\Local\Programs\Python\Python312\Scripts\;C:\Users\Priza -Crdito\AppData\Local\Programs\Python\Python312\;C:\Users\Priza -Crdito\AppData\Local\Microsoft\WindowsApps;C:\Users\Priza -Crdito\AppData\Local\Programs\Microsoft VS Code\bin
USERNAME=Priza -Crdito
OS=Windows_NT
PROCESSOR_IDENTIFIER=Intel64 Family 6 Model 140 Stepping 1, GenuineIntel
TMP=C:\Users\PRIZA-~1\AppData\Local\Temp
TEMP=C:\Users\PRIZA-~1\AppData\Local\Temp




Periodic native trim disabled

JNI global refs:
JNI global refs: 91, weak refs: 84

JNI global refs memory usage: 1467, weak refs: 1465

Process memory usage:
Resident Set Size: 379852K (4% of 8183096K total physical memory with 147144K free physical memory)

OOME stack traces (most recent first):
Classloader memory used:
Loader com.intellij.util.lang.PathClassLoader                                          : 34428K
Loader bootstrap                                                                       : 25321K
Loader com.intellij.ide.plugins.cl.PluginClassLoader                                   : 2207K
Loader jdk.internal.loader.ClassLoaders$AppClassLoader                                 : 342K
Loader jdk.internal.loader.ClassLoaders$PlatformClassLoader                            : 223K

---------------  S Y S T E M  ---------------

OS:
 Windows 10 , 64 bit Build 19041 (10.0.19041.5072)
OS uptime: 22 days 23:47 hours
Hyper-V role detected

CPU: total 8 (initial active 8) (4 cores per cpu, 2 threads per core) family 6 model 140 stepping 1 microcode 0x66, cx8, cmov, fxsr, ht, mmx, 3dnowpref, sse, sse2, sse3, ssse3, sse4.1, sse4.2, popcnt, lzcnt, tsc, tscinvbit, avx, avx2, aes, erms, clmul, bmi1, bmi2, adx, avx512f, avx512dq, avx512cd, avx512bw, avx512vl, sha, fma, vzeroupper, avx512_vpopcntdq, avx512_vpclmulqdq, avx512_vaes, avx512_vnni, clflush, clflushopt, clwb, avx512_vbmi2, avx512_vbmi, hv, rdtscp, rdpid, fsrm, gfni, avx512_bitalg, f16c, cet_ibt, cet_ss, avx512_ifma
Processor Information for all 8 processors :
  Max Mhz: 2419, Current Mhz: 2419, Mhz Limit: 2419

Memory: 4k page, system-wide physical 7991M (141M free)
TotalPageFile size 32450M (AvailPageFile size 152M)
current process WorkingSet (physical memory assigned to process): 370M, peak: 370M
current process commit charge ("private bytes"): 456M, peak: 789M

vm_info: OpenJDK 64-Bit Server VM (21.0.3+13-b509.4) for windows-amd64 JRE (21.0.3+13-b509.4), built on 2024-06-26 by "builduser" with MS VC++ 16.10 / 16.11 (VS2019)

END.
